{"Node Type": "Aggregate", "Strategy": "Sorted", "Partial Mode": "Finalize", "Parallel Aware": false, "Startup Cost": 390896.85, "Total Cost": 390913.17, "Plan Rows": 146, "Plan Width": 66, "Actual Startup Time": 13909.03, "Actual Total Time": 15193.767, "Actual Rows": 175, "Actual Loops": 1, "Output": ["nation.n_name", "(date_part('year'::text, (orders.o_orderdate)::timestamp without time zone))", "sum(((lineitem.l_extendedprice * ('1'::numeric - lineitem.l_discount)) - (partsupp.ps_supplycost * lineitem.l_quantity)))"], "Group Key": ["nation.n_name", "(date_part('year'::text, (orders.o_orderdate)::timestamp without time zone))"], "Shared Hit Blocks": 7516177, "Shared Read Blocks": 0, "Shared Dirtied Blocks": 0, "Shared Written Blocks": 0, "Local Hit Blocks": 0, "Local Read Blocks": 0, "Local Dirtied Blocks": 0, "Local Written Blocks": 0, "Temp Read Blocks": 0, "Temp Written Blocks": 0, "Plans": [{"Node Type": "Gather Merge", "Parent Relationship": "Outer", "Parallel Aware": false, "Startup Cost": 390896.85, "Total Cost": 390909.75, "Plan Rows": 86, "Plan Width": 66, "Actual Startup Time": 13903.152, "Actual Total Time": 15192.836, "Actual Rows": 350, "Actual Loops": 1, "Output": ["nation.n_name", "(date_part('year'::text, (orders.o_orderdate)::timestamp without time zone))", "(PARTIAL sum(((lineitem.l_extendedprice * ('1'::numeric - lineitem.l_discount)) - (partsupp.ps_supplycost * lineitem.l_quantity))))"], "Workers Planned": 1, "Workers Launched": 1, "Shared Hit Blocks": 7516177, "Shared Read Blocks": 0, "Shared Dirtied Blocks": 0, "Shared Written Blocks": 0, "Local Hit Blocks": 0, "Local Read Blocks": 0, "Local Dirtied Blocks": 0, "Local Written Blocks": 0, "Temp Read Blocks": 0, "Temp Written Blocks": 0, "Plans": [{"Node Type": "Aggregate", "Strategy": "Sorted", "Partial Mode": "Partial", "Parent Relationship": "Outer", "Parallel Aware": false, "Startup Cost": 389896.84, "Total Cost": 389900.07, "Plan Rows": 86, "Plan Width": 66, "Actual Startup Time": 13897.919, "Actual Total Time": 14923.866, "Actual Rows": 175, "Actual Loops": 2, "Output": ["nation.n_name", "(date_part('year'::text, (orders.o_orderdate)::timestamp without time zone))", "PARTIAL sum(((lineitem.l_extendedprice * ('1'::numeric - lineitem.l_discount)) - (partsupp.ps_supplycost * lineitem.l_quantity)))"], "Group Key": ["nation.n_name", "(date_part('year'::text, (orders.o_orderdate)::timestamp without time zone))"], "Shared Hit Blocks": 7516177, "Shared Read Blocks": 0, "Shared Dirtied Blocks": 0, "Shared Written Blocks": 0, "Local Hit Blocks": 0, "Local Read Blocks": 0, "Local Dirtied Blocks": 0, "Local Written Blocks": 0, "Temp Read Blocks": 0, "Temp Written Blocks": 0, "Workers": [{"Worker Number": 0, "Actual Startup Time": 13893.618, "Actual Total Time": 14930.007, "Actual Rows": 175, "Actual Loops": 1, "Shared Hit Blocks": 3759809, "Shared Read Blocks": 0, "Shared Dirtied Blocks": 0, "Shared Written Blocks": 0, "Local Hit Blocks": 0, "Local Read Blocks": 0, "Local Dirtied Blocks": 0, "Local Written Blocks": 0, "Temp Read Blocks": 0, "Temp Written Blocks": 0}], "Plans": [{"Node Type": "Sort", "Parent Relationship": "Outer", "Parallel Aware": false, "Startup Cost": 389896.84, "Total Cost": 389897.06, "Plan Rows": 86, "Plan Width": 57, "Actual Startup Time": 13894.753, "Actual Total Time": 14030.137, "Actual Rows": 811690, "Actual Loops": 2, "Output": ["nation.n_name", "(date_part('year'::text, (orders.o_orderdate)::timestamp without time zone))", "lineitem.l_extendedprice", "lineitem.l_discount", "partsupp.ps_supplycost", "lineitem.l_quantity"], "Sort Key": ["nation.n_name", "(date_part('year'::text, (orders.o_orderdate)::timestamp without time zone)) DESC"], "Sort Method": "quicksort", "Sort Space Used": 138784, "Sort Space Type": "Memory", "Shared Hit Blocks": 7516177, "Shared Read Blocks": 0, "Shared Dirtied Blocks": 0, "Shared Written Blocks": 0, "Local Hit Blocks": 0, "Local Read Blocks": 0, "Local Dirtied Blocks": 0, "Local Written Blocks": 0, "Temp Read Blocks": 0, "Temp Written Blocks": 0, "Workers": [{"Worker Number": 0, "Actual Startup Time": 13890.498, "Actual Total Time": 14010.827, "Actual Rows": 811236, "Actual Loops": 1, "Sort Method": "quicksort", "Sort Space Used": 138657, "Sort Space Type": "Memory", "Shared Hit Blocks": 3759809, "Shared Read Blocks": 0, "Shared Dirtied Blocks": 0, "Shared Written Blocks": 0, "Local Hit Blocks": 0, "Local Read Blocks": 0, "Local Dirtied Blocks": 0, "Local Written Blocks": 0, "Temp Read Blocks": 0, "Temp Written Blocks": 0}], "Plans": [{"Node Type": "Hash Join", "Parent Relationship": "Outer", "Parallel Aware": false, "Join Type": "Inner", "Startup Cost": 388378.85, "Total Cost": 389894.08, "Plan Rows": 86, "Plan Width": 57, "Actual Startup Time": 12187.528, "Actual Total Time": 12966.717, "Actual Rows": 811690, "Actual Loops": 2, "Output": ["nation.n_name", "date_part('year'::text, (orders.o_orderdate)::timestamp without time zone)", "lineitem.l_extendedprice", "lineitem.l_discount", "partsupp.ps_supplycost", "lineitem.l_quantity"], "Inner Unique": false, "Hash Cond": "(supplier.s_nationkey = nation.n_nationkey)", "Shared Hit Blocks": 7516163, "Shared Read Blocks": 0, "Shared Dirtied Blocks": 0, "Shared Written Blocks": 0, "Local Hit Blocks": 0, "Local Read Blocks": 0, "Local Dirtied Blocks": 0, "Local Written Blocks": 0, "Temp Read Blocks": 0, "Temp Written Blocks": 0, "Workers": [{"Worker Number": 0, "Actual Startup Time": 12183.698, "Actual Total Time": 12969.833, "Actual Rows": 811236, "Actual Loops": 1, "Shared Hit Blocks": 3759795, "Shared Read Blocks": 0, "Shared Dirtied Blocks": 0, "Shared Written Blocks": 0, "Local Hit Blocks": 0, "Local Read Blocks": 0, "Local Dirtied Blocks": 0, "Local Written Blocks": 0, "Temp Read Blocks": 0, "Temp Written Blocks": 0}], "Plans": [{"Node Type": "Hash Join", "Parent Relationship": "Outer", "Parallel Aware": true, "Join Type": "Inner", "Startup Cost": 388377.28, "Total Cost": 389890.91, "Plan Rows": 86, "Plan Width": 31, "Actual Startup Time": 12187.337, "Actual Total Time": 12560.295, "Actual Rows": 811690, "Actual Loops": 2, "Output": ["lineitem.l_extendedprice", "lineitem.l_discount", "lineitem.l_quantity", "supplier.s_nationkey", "partsupp.ps_supplycost", "orders.o_orderdate"], "Inner Unique": false, "Hash Cond": "(supplier.s_suppkey = lineitem.l_suppkey)", "Shared Hit Blocks": 7516144, "Shared Read Blocks": 0, "Shared Dirtied Blocks": 0, "Shared Written Blocks": 0, "Local Hit Blocks": 0, "Local Read Blocks": 0, "Local Dirtied Blocks": 0, "Local Written Blocks": 0, "Temp Read Blocks": 0, "Temp Written Blocks": 0, "Workers": [{"Worker Number": 0, "Actual Startup Time": 12183.414, "Actual Total Time": 12546.753, "Actual Rows": 811236, "Actual Loops": 1, "Shared Hit Blocks": 3759780, "Shared Read Blocks": 0, "Shared Dirtied Blocks": 0, "Shared Written Blocks": 0, "Local Hit Blocks": 0, "Local Read Blocks": 0, "Local Dirtied Blocks": 0, "Local Written Blocks": 0, "Temp Read Blocks": 0, "Temp Written Blocks": 0}], "Plans": [{"Node Type": "Seq Scan", "Parent Relationship": "Outer", "Parallel Aware": true, "Relation Name": "supplier", "Schema": "public", "Alias": "supplier", "Startup Cost": 0.0, "Total Cost": 1403.12, "Plan Rows": 29412, "Plan Width": 8, "Actual Startup Time": 0.027, "Actual Total Time": 14.403, "Actual Rows": 25000, "Actual Loops": 2, "Output": ["supplier.s_suppkey", "supplier.s_name", "supplier.s_address", "supplier.s_nationkey", "supplier.s_phone", "supplier.s_acctbal", "supplier.s_comment"], "Shared Hit Blocks": 1109, "Shared Read Blocks": 0, "Shared Dirtied Blocks": 0, "Shared Written Blocks": 0, "Local Hit Blocks": 0, "Local Read Blocks": 0, "Local Dirtied Blocks": 0, "Local Written Blocks": 0, "Temp Read Blocks": 0, "Temp Written Blocks": 0, "Workers": [{"Worker Number": 0, "Actual Startup Time": 0.029, "Actual Total Time": 14.164, "Actual Rows": 24961, "Actual Loops": 1, "Shared Hit Blocks": 554, "Shared Read Blocks": 0, "Shared Dirtied Blocks": 0, "Shared Written Blocks": 0, "Local Hit Blocks": 0, "Local Read Blocks": 0, "Local Dirtied Blocks": 0, "Local Written Blocks": 0, "Temp Read Blocks": 0, "Temp Written Blocks": 0}]}, {"Node Type": "Hash", "Parent Relationship": "Inner", "Parallel Aware": true, "Startup Cost": 388376.83, "Total Cost": 388376.83, "Plan Rows": 36, "Plan Width": 35, "Actual Startup Time": 12187.249, "Actual Total Time": 12187.256, "Actual Rows": 811690, "Actual Loops": 2, "Output": ["lineitem.l_extendedprice", "lineitem.l_discount", "lineitem.l_quantity", "lineitem.l_suppkey", "partsupp.ps_supplycost", "partsupp.ps_suppkey", "orders.o_orderdate"], "Hash Buckets": 2097152, "Original Hash Buckets": 1024, "Hash Batches": 1, "Original Hash Batches": 1, "Peak Memory Usage": 147192, "Shared Hit Blocks": 7515035, "Shared Read Blocks": 0, "Shared Dirtied Blocks": 0, "Shared Written Blocks": 0, "Local Hit Blocks": 0, "Local Read Blocks": 0, "Local Dirtied Blocks": 0, "Local Written Blocks": 0, "Temp Read Blocks": 0, "Temp Written Blocks": 0, "Workers": [{"Worker Number": 0, "Actual Startup Time": 12183.332, "Actual Total Time": 12183.337, "Actual Rows": 812197, "Actual Loops": 1, "Shared Hit Blocks": 3759226, "Shared Read Blocks": 0, "Shared Dirtied Blocks": 0, "Shared Written Blocks": 0, "Local Hit Blocks": 0, "Local Read Blocks": 0, "Local Dirtied Blocks": 0, "Local Written Blocks": 0, "Temp Read Blocks": 0, "Temp Written Blocks": 0}], "Plans": [{"Node Type": "Hash Join", "Parent Relationship": "Outer", "Parallel Aware": true, "Join Type": "Inner", "Startup Cost": 232135.46, "Total Cost": 388376.83, "Plan Rows": 36, "Plan Width": 35, "Actual Startup Time": 7874.901, "Actual Total Time": 11548.698, "Actual Rows": 811690, "Actual Loops": 2, "Output": ["lineitem.l_extendedprice", "lineitem.l_discount", "lineitem.l_quantity", "lineitem.l_suppkey", "partsupp.ps_supplycost", "partsupp.ps_suppkey", "orders.o_orderdate"], "Inner Unique": false, "Hash Cond": "(orders.o_orderkey = lineitem.l_orderkey)", "Shared Hit Blocks": 7515035, "Shared Read Blocks": 0, "Shared Dirtied Blocks": 0, "Shared Written Blocks": 0, "Local Hit Blocks": 0, "Local Read Blocks": 0, "Local Dirtied Blocks": 0, "Local Written Blocks": 0, "Temp Read Blocks": 0, "Temp Written Blocks": 0, "Workers": [{"Worker Number": 0, "Actual Startup Time": 7870.989, "Actual Total Time": 11554.23, "Actual Rows": 812197, "Actual Loops": 1, "Shared Hit Blocks": 3759226, "Shared Read Blocks": 0, "Shared Dirtied Blocks": 0, "Shared Written Blocks": 0, "Local Hit Blocks": 0, "Local Read Blocks": 0, "Local Dirtied Blocks": 0, "Local Written Blocks": 0, "Temp Read Blocks": 0, "Temp Written Blocks": 0}], "Plans": [{"Node Type": "Seq Scan", "Parent Relationship": "Outer", "Parallel Aware": true, "Relation Name": "orders", "Schema": "public", "Alias": "orders", "Startup Cost": 0.0, "Total Cost": 149210.0, "Plan Rows": 1875000, "Plan Width": 8, "Actual Startup Time": 0.01, "Actual Total Time": 1231.442, "Actual Rows": 3750000, "Actual Loops": 2, "Output": ["orders.o_orderkey", "orders.o_custkey", "orders.o_orderstatus", "orders.o_totalprice", "orders.o_orderdate", "orders.o_orderpriority", "orders.o_clerk", "orders.o_shippriority", "orders.o_comment"], "Shared Hit Blocks": 130460, "Shared Read Blocks": 0, "Shared Dirtied Blocks": 0, "Shared Written Blocks": 0, "Local Hit Blocks": 0, "Local Read Blocks": 0, "Local Dirtied Blocks": 0, "Local Written Blocks": 0, "Temp Read Blocks": 0, "Temp Written Blocks": 0, "Workers": [{"Worker Number": 0, "Actual Startup Time": 0.012, "Actual Total Time": 1234.853, "Actual Rows": 3756481, "Actual Loops": 1, "Shared Hit Blocks": 65337, "Shared Read Blocks": 0, "Shared Dirtied Blocks": 0, "Shared Written Blocks": 0, "Local Hit Blocks": 0, "Local Read Blocks": 0, "Local Dirtied Blocks": 0, "Local Written Blocks": 0, "Temp Read Blocks": 0, "Temp Written Blocks": 0}]}, {"Node Type": "Hash", "Parent Relationship": "Inner", "Parallel Aware": true, "Startup Cost": 232134.88, "Total Cost": 232134.88, "Plan Rows": 47, "Plan Width": 35, "Actual Startup Time": 7874.846, "Actual Total Time": 7874.849, "Actual Rows": 811690, "Actual Loops": 2, "Output": ["lineitem.l_extendedprice", "lineitem.l_discount", "lineitem.l_quantity", "lineitem.l_suppkey", "lineitem.l_orderkey", "partsupp.ps_supplycost", "partsupp.ps_suppkey"], "Hash Buckets": 2097152, "Original Hash Buckets": 1024, "Hash Batches": 1, "Original Hash Batches": 1, "Peak Memory Usage": 147224, "Shared Hit Blocks": 7384575, "Shared Read Blocks": 0, "Shared Dirtied Blocks": 0, "Shared Written Blocks": 0, "Local Hit Blocks": 0, "Local Read Blocks": 0, "Local Dirtied Blocks": 0, "Local Written Blocks": 0, "Temp Read Blocks": 0, "Temp Written Blocks": 0, "Workers": [{"Worker Number": 0, "Actual Startup Time": 7870.915, "Actual Total Time": 7870.918, "Actual Rows": 811982, "Actual Loops": 1, "Shared Hit Blocks": 3693889, "Shared Read Blocks": 0, "Shared Dirtied Blocks": 0, "Shared Written Blocks": 0, "Local Hit Blocks": 0, "Local Read Blocks": 0, "Local Dirtied Blocks": 0, "Local Written Blocks": 0, "Temp Read Blocks": 0, "Temp Written Blocks": 0}], "Plans": [{"Node Type": "Nested Loop", "Parent Relationship": "Outer", "Parallel Aware": false, "Join Type": "Inner", "Startup Cost": 0.87, "Total Cost": 232134.88, "Plan Rows": 47, "Plan Width": 35, "Actual Startup Time": 0.192, "Actual Total Time": 7184.64, "Actual Rows": 811690, "Actual Loops": 2, "Output": ["lineitem.l_extendedprice", "lineitem.l_discount", "lineitem.l_quantity", "lineitem.l_suppkey", "lineitem.l_orderkey", "partsupp.ps_supplycost", "partsupp.ps_suppkey"], "Inner Unique": false, "Shared Hit Blocks": 7384575, "Shared Read Blocks": 0, "Shared Dirtied Blocks": 0, "Shared Written Blocks": 0, "Local Hit Blocks": 0, "Local Read Blocks": 0, "Local Dirtied Blocks": 0, "Local Written Blocks": 0, "Temp Read Blocks": 0, "Temp Written Blocks": 0, "Workers": [{"Worker Number": 0, "Actual Startup Time": 0.279, "Actual Total Time": 7234.184, "Actual Rows": 811982, "Actual Loops": 1, "Shared Hit Blocks": 3693889, "Shared Read Blocks": 0, "Shared Dirtied Blocks": 0, "Shared Written Blocks": 0, "Local Hit Blocks": 0, "Local Read Blocks": 0, "Local Dirtied Blocks": 0, "Local Written Blocks": 0, "Temp Read Blocks": 0, "Temp Written Blocks": 0}], "Plans": [{"Node Type": "Nested Loop", "Parent Relationship": "Outer", "Parallel Aware": false, "Join Type": "Inner", "Startup Cost": 0.43, "Total Cost": 104089.5, "Plan Rows": 78201, "Plan Width": 18, "Actual Startup Time": 0.113, "Actual Total Time": 1109.129, "Actual Rows": 108270, "Actual Loops": 2, "Output": ["part.p_partkey", "partsupp.ps_supplycost", "partsupp.ps_suppkey", "partsupp.ps_partkey"], "Inner Unique": false, "Shared Hit Blocks": 241586, "Shared Read Blocks": 0, "Shared Dirtied Blocks": 0, "Shared Written Blocks": 0, "Local Hit Blocks": 0, "Local Read Blocks": 0, "Local Dirtied Blocks": 0, "Local Written Blocks": 0, "Temp Read Blocks": 0, "Temp Written Blocks": 0, "Workers": [{"Worker Number": 0, "Actual Startup Time": 0.16, "Actual Total Time": 1135.227, "Actual Rows": 108352, "Actual Loops": 1, "Shared Hit Blocks": 120968, "Shared Read Blocks": 0, "Shared Dirtied Blocks": 0, "Shared Written Blocks": 0, "Local Hit Blocks": 0, "Local Read Blocks": 0, "Local Dirtied Blocks": 0, "Local Written Blocks": 0, "Temp Read Blocks": 0, "Temp Written Blocks": 0}], "Plans": [{"Node Type": "Seq Scan", "Parent Relationship": "Outer", "Parallel Aware": true, "Relation Name": "part", "Schema": "public", "Alias": "part", "Startup Cost": 0.0, "Total Cost": 24514.26, "Plan Rows": 19550, "Plan Width": 4, "Actual Startup Time": 0.037, "Actual Total Time": 398.325, "Actual Rows": 27068, "Actual Loops": 2, "Output": ["part.p_partkey", "part.p_name", "part.p_mfgr", "part.p_brand", "part.p_type", "part.p_size", "part.p_container", "part.p_retailprice", "part.p_comment"], "Filter": "((part.p_name)::text ~~ '%ivory%'::text)", "Rows Removed by Filter": 472932, "Shared Hit Blocks": 20482, "Shared Read Blocks": 0, "Shared Dirtied Blocks": 0, "Shared Written Blocks": 0, "Local Hit Blocks": 0, "Local Read Blocks": 0, "Local Dirtied Blocks": 0, "Local Written Blocks": 0, "Temp Read Blocks": 0, "Temp Written Blocks": 0, "Workers": [{"Worker Number": 0, "Actual Startup Time": 0.044, "Actual Total Time": 392.243, "Actual Rows": 27088, "Actual Loops": 1, "Shared Hit Blocks": 10289, "Shared Read Blocks": 0, "Shared Dirtied Blocks": 0, "Shared Written Blocks": 0, "Local Hit Blocks": 0, "Local Read Blocks": 0, "Local Dirtied Blocks": 0, "Local Written Blocks": 0, "Temp Read Blocks": 0, "Temp Written Blocks": 0}]}, {"Node Type": "Index Scan", "Parent Relationship": "Inner", "Parallel Aware": false, "Scan Direction": "Forward", "Index Name": "partsupp_ps_partkey_idx", "Relation Name": "partsupp", "Schema": "public", "Alias": "partsupp", "Startup Cost": 0.43, "Total Cost": 3.97, "Plan Rows": 10, "Plan Width": 14, "Actual Startup Time": 0.021, "Actual Total Time": 0.024, "Actual Rows": 4, "Actual Loops": 54135, "Output": ["partsupp.ps_partkey", "partsupp.ps_suppkey", "partsupp.ps_availqty", "partsupp.ps_supplycost", "partsupp.ps_comment"], "Index Cond": "(partsupp.ps_partkey = part.p_partkey)", "Rows Removed by Index Recheck": 0, "Shared Hit Blocks": 221104, "Shared Read Blocks": 0, "Shared Dirtied Blocks": 0, "Shared Written Blocks": 0, "Local Hit Blocks": 0, "Local Read Blocks": 0, "Local Dirtied Blocks": 0, "Local Written Blocks": 0, "Temp Read Blocks": 0, "Temp Written Blocks": 0, "Workers": [{"Worker Number": 0, "Actual Startup Time": 0.023, "Actual Total Time": 0.025, "Actual Rows": 4, "Actual Loops": 27088, "Shared Hit Blocks": 110679, "Shared Read Blocks": 0, "Shared Dirtied Blocks": 0, "Shared Written Blocks": 0, "Local Hit Blocks": 0, "Local Read Blocks": 0, "Local Dirtied Blocks": 0, "Local Written Blocks": 0, "Temp Read Blocks": 0, "Temp Written Blocks": 0}]}]}, {"Node Type": "Index Scan", "Parent Relationship": "Inner", "Parallel Aware": false, "Scan Direction": "Forward", "Index Name": "lineitem_l_partkey_idx", "Relation Name": "lineitem", "Schema": "public", "Alias": "lineitem", "Startup Cost": 0.44, "Total Cost": 1.63, "Plan Rows": 1, "Plan Width": 29, "Actual Startup Time": 0.011, "Actual Total Time": 0.053, "Actual Rows": 7, "Actual Loops": 216540, "Output": ["lineitem.l_orderkey", "lineitem.l_partkey", "lineitem.l_suppkey", "lineitem.l_linenumber", "lineitem.l_quantity", "lineitem.l_extendedprice", "lineitem.l_discount", "lineitem.l_tax", "lineitem.l_returnflag", "lineitem.l_linestatus", "lineitem.l_shipdate", "lineitem.l_commitdate", "lineitem.l_receiptdate", "lineitem.l_shipinstruct", "lineitem.l_shipmode", "lineitem.l_comment"], "Index Cond": "(lineitem.l_partkey = partsupp.ps_partkey)", "Rows Removed by Index Recheck": 0, "Filter": "(partsupp.ps_suppkey = lineitem.l_suppkey)", "Rows Removed by Filter": 22, "Shared Hit Blocks": 7142989, "Shared Read Blocks": 0, "Shared Dirtied Blocks": 0, "Shared Written Blocks": 0, "Local Hit Blocks": 0, "Local Read Blocks": 0, "Local Dirtied Blocks": 0, "Local Written Blocks": 0, "Temp Read Blocks": 0, "Temp Written Blocks": 0, "Workers": [{"Worker Number": 0, "Actual Startup Time": 0.011, "Actual Total Time": 0.053, "Actual Rows": 7, "Actual Loops": 108352, "Shared Hit Blocks": 3572921, "Shared Read Blocks": 0, "Shared Dirtied Blocks": 0, "Shared Written Blocks": 0, "Local Hit Blocks": 0, "Local Read Blocks": 0, "Local Dirtied Blocks": 0, "Local Written Blocks": 0, "Temp Read Blocks": 0, "Temp Written Blocks": 0}]}]}]}]}]}]}, {"Node Type": "Hash", "Parent Relationship": "Inner", "Parallel Aware": false, "Startup Cost": 1.25, "Total Cost": 1.25, "Plan Rows": 25, "Plan Width": 30, "Actual Startup Time": 0.103, "Actual Total Time": 0.104, "Actual Rows": 25, "Actual Loops": 2, "Output": ["nation.n_name", "nation.n_nationkey"], "Hash Buckets": 1024, "Original Hash Buckets": 1024, "Hash Batches": 1, "Original Hash Batches": 1, "Peak Memory Usage": 10, "Shared Hit Blocks": 2, "Shared Read Blocks": 0, "Shared Dirtied Blocks": 0, "Shared Written Blocks": 0, "Local Hit Blocks": 0, "Local Read Blocks": 0, "Local Dirtied Blocks": 0, "Local Written Blocks": 0, "Temp Read Blocks": 0, "Temp Written Blocks": 0, "Workers": [{"Worker Number": 0, "Actual Startup Time": 0.158, "Actual Total Time": 0.158, "Actual Rows": 25, "Actual Loops": 1, "Shared Hit Blocks": 1, "Shared Read Blocks": 0, "Shared Dirtied Blocks": 0, "Shared Written Blocks": 0, "Local Hit Blocks": 0, "Local Read Blocks": 0, "Local Dirtied Blocks": 0, "Local Written Blocks": 0, "Temp Read Blocks": 0, "Temp Written Blocks": 0}], "Plans": [{"Node Type": "Seq Scan", "Parent Relationship": "Outer", "Parallel Aware": false, "Relation Name": "nation", "Schema": "public", "Alias": "nation", "Startup Cost": 0.0, "Total Cost": 1.25, "Plan Rows": 25, "Plan Width": 30, "Actual Startup Time": 0.076, "Actual Total Time": 0.081, "Actual Rows": 25, "Actual Loops": 2, "Output": ["nation.n_name", "nation.n_nationkey"], "Shared Hit Blocks": 2, "Shared Read Blocks": 0, "Shared Dirtied Blocks": 0, "Shared Written Blocks": 0, "Local Hit Blocks": 0, "Local Read Blocks": 0, "Local Dirtied Blocks": 0, "Local Written Blocks": 0, "Temp Read Blocks": 0, "Temp Written Blocks": 0, "Workers": [{"Worker Number": 0, "Actual Startup Time": 0.117, "Actual Total Time": 0.123, "Actual Rows": 25, "Actual Loops": 1, "Shared Hit Blocks": 1, "Shared Read Blocks": 0, "Shared Dirtied Blocks": 0, "Shared Written Blocks": 0, "Local Hit Blocks": 0, "Local Read Blocks": 0, "Local Dirtied Blocks": 0, "Local Written Blocks": 0, "Temp Read Blocks": 0, "Temp Written Blocks": 0}]}]}]}]}]}]}]}