{"Node Type": "Limit", "Parallel Aware": false, "Startup Cost": 1215482.39, "Total Cost": 1215558.76, "Plan Rows": 100, "Plan Width": 71, "Actual Startup Time": 37433.791, "Actual Total Time": 38287.018, "Actual Rows": 48, "Actual Loops": 1, "Output": ["customer.c_name", "customer.c_custkey", "orders.o_orderkey", "orders.o_orderdate", "orders.o_totalprice", "(sum(lineitem.l_quantity))"], "Shared Hit Blocks": 2960678, "Shared Read Blocks": 0, "Shared Dirtied Blocks": 0, "Shared Written Blocks": 0, "Local Hit Blocks": 0, "Local Read Blocks": 0, "Local Dirtied Blocks": 0, "Local Written Blocks": 0, "Temp Read Blocks": 536455, "Temp Written Blocks": 937070, "Plans": [{"Node Type": "Aggregate", "Strategy": "Sorted", "Partial Mode": "Simple", "Parent Relationship": "Outer", "Parallel Aware": false, "Startup Cost": 1215482.39, "Total Cost": 1623367.0, "Plan Rows": 534048, "Plan Width": 71, "Actual Startup Time": 37433.788, "Actual Total Time": 38286.98, "Actual Rows": 48, "Actual Loops": 1, "Output": ["customer.c_name", "customer.c_custkey", "orders.o_orderkey", "orders.o_orderdate", "orders.o_totalprice", "sum(lineitem.l_quantity)"], "Group Key": ["orders.o_totalprice", "orders.o_orderdate", "customer.c_name", "customer.c_custkey", "orders.o_orderkey"], "Shared Hit Blocks": 2960678, "Shared Read Blocks": 0, "Shared Dirtied Blocks": 0, "Shared Written Blocks": 0, "Local Hit Blocks": 0, "Local Read Blocks": 0, "Local Dirtied Blocks": 0, "Local Written Blocks": 0, "Temp Read Blocks": 536455, "Temp Written Blocks": 937070, "Plans": [{"Node Type": "Nested Loop", "Parent Relationship": "Outer", "Parallel Aware": false, "Join Type": "Inner", "Startup Cost": 1215482.39, "Total Cost": 1608680.68, "Plan Rows": 534048, "Plan Width": 44, "Actual Startup Time": 37433.724, "Actual Total Time": 38286.569, "Actual Rows": 336, "Actual Loops": 1, "Output": ["customer.c_name", "customer.c_custkey", "orders.o_orderkey", "orders.o_orderdate", "orders.o_totalprice", "lineitem.l_quantity"], "Inner Unique": false, "Shared Hit Blocks": 2960678, "Shared Read Blocks": 0, "Shared Dirtied Blocks": 0, "Shared Written Blocks": 0, "Local Hit Blocks": 0, "Local Read Blocks": 0, "Local Dirtied Blocks": 0, "Local Written Blocks": 0, "Temp Read Blocks": 536455, "Temp Written Blocks": 937070, "Plans": [{"Node Type": "Gather Merge", "Parent Relationship": "Outer", "Parallel Aware": false, "Startup Cost": 1215481.95, "Total Cost": 1231468.08, "Plan Rows": 133513, "Plan Width": 43, "Actual Startup Time": 37433.664, "Actual Total Time": 38283.091, "Actual Rows": 48, "Actual Loops": 1, "Output": ["customer.c_name", "customer.c_custkey", "orders.o_orderkey", "orders.o_orderdate", "orders.o_totalprice", "lineitem_1.l_orderkey"], "Workers Planned": 4, "Workers Launched": 4, "Shared Hit Blocks": 2960478, "Shared Read Blocks": 0, "Shared Dirtied Blocks": 0, "Shared Written Blocks": 0, "Local Hit Blocks": 0, "Local Read Blocks": 0, "Local Dirtied Blocks": 0, "Local Written Blocks": 0, "Temp Read Blocks": 536455, "Temp Written Blocks": 937070, "Plans": [{"Node Type": "Sort", "Parent Relationship": "Outer", "Parallel Aware": false, "Startup Cost": 1214481.89, "Total Cost": 1214565.34, "Plan Rows": 33378, "Plan Width": 43, "Actual Startup Time": 37418.768, "Actual Total Time": 37418.773, "Actual Rows": 10, "Actual Loops": 5, "Output": ["customer.c_name", "customer.c_custkey", "orders.o_orderkey", "orders.o_orderdate", "orders.o_totalprice", "lineitem_1.l_orderkey"], "Sort Key": ["orders.o_totalprice DESC", "orders.o_orderdate", "customer.c_name", "customer.c_custkey", "orders.o_orderkey"], "Sort Method": "quicksort", "Sort Space Used": 25, "Sort Space Type": "Memory", "Shared Hit Blocks": 2960478, "Shared Read Blocks": 0, "Shared Dirtied Blocks": 0, "Shared Written Blocks": 0, "Local Hit Blocks": 0, "Local Read Blocks": 0, "Local Dirtied Blocks": 0, "Local Written Blocks": 0, "Temp Read Blocks": 536455, "Temp Written Blocks": 937070, "Workers": [{"Worker Number": 0, "Actual Startup Time": 37414.39, "Actual Total Time": 37414.395, "Actual Rows": 12, "Actual Loops": 1, "Sort Method": "quicksort", "Sort Space Used": 25, "Sort Space Type": "Memory", "Shared Hit Blocks": 590068, "Shared Read Blocks": 0, "Shared Dirtied Blocks": 0, "Shared Written Blocks": 0, "Local Hit Blocks": 0, "Local Read Blocks": 0, "Local Dirtied Blocks": 0, "Local Written Blocks": 0, "Temp Read Blocks": 107291, "Temp Written Blocks": 187414}, {"Worker Number": 1, "Actual Startup Time": 37413.9, "Actual Total Time": 37413.904, "Actual Rows": 14, "Actual Loops": 1, "Sort Method": "quicksort", "Sort Space Used": 26, "Sort Space Type": "Memory", "Shared Hit Blocks": 591033, "Shared Read Blocks": 0, "Shared Dirtied Blocks": 0, "Shared Written Blocks": 0, "Local Hit Blocks": 0, "Local Read Blocks": 0, "Local Dirtied Blocks": 0, "Local Written Blocks": 0, "Temp Read Blocks": 107291, "Temp Written Blocks": 187414}, {"Worker Number": 2, "Actual Startup Time": 37415.007, "Actual Total Time": 37415.012, "Actual Rows": 8, "Actual Loops": 1, "Sort Method": "quicksort", "Sort Space Used": 25, "Sort Space Type": "Memory", "Shared Hit Blocks": 593722, "Shared Read Blocks": 0, "Shared Dirtied Blocks": 0, "Shared Written Blocks": 0, "Local Hit Blocks": 0, "Local Read Blocks": 0, "Local Dirtied Blocks": 0, "Local Written Blocks": 0, "Temp Read Blocks": 107291, "Temp Written Blocks": 187414}, {"Worker Number": 3, "Actual Startup Time": 37417.321, "Actual Total Time": 37417.325, "Actual Rows": 6, "Actual Loops": 1, "Sort Method": "quicksort", "Sort Space Used": 25, "Sort Space Type": "Memory", "Shared Hit Blocks": 587849, "Shared Read Blocks": 0, "Shared Dirtied Blocks": 0, "Shared Written Blocks": 0, "Local Hit Blocks": 0, "Local Read Blocks": 0, "Local Dirtied Blocks": 0, "Local Written Blocks": 0, "Temp Read Blocks": 107291, "Temp Written Blocks": 187414}], "Plans": [{"Node Type": "Hash Join", "Parent Relationship": "Outer", "Parallel Aware": false, "Join Type": "Inner", "Startup Cost": 1044762.59, "Total Cost": 1211974.1, "Plan Rows": 33378, "Plan Width": 43, "Actual Startup Time": 36002.563, "Actual Total Time": 37418.607, "Actual Rows": 10, "Actual Loops": 5, "Output": ["customer.c_name", "customer.c_custkey", "orders.o_orderkey", "orders.o_orderdate", "orders.o_totalprice", "lineitem_1.l_orderkey"], "Inner Unique": true, "Hash Cond": "(orders.o_orderkey = lineitem_1.l_orderkey)", "Shared Hit Blocks": 2960362, "Shared Read Blocks": 0, "Shared Dirtied Blocks": 0, "Shared Written Blocks": 0, "Local Hit Blocks": 0, "Local Read Blocks": 0, "Local Dirtied Blocks": 0, "Local Written Blocks": 0, "Temp Read Blocks": 536455, "Temp Written Blocks": 937070, "Workers": [{"Worker Number": 0, "Actual Startup Time": 35990.453, "Actual Total Time": 37414.111, "Actual Rows": 12, "Actual Loops": 1, "Shared Hit Blocks": 590039, "Shared Read Blocks": 0, "Shared Dirtied Blocks": 0, "Shared Written Blocks": 0, "Local Hit Blocks": 0, "Local Read Blocks": 0, "Local Dirtied Blocks": 0, "Local Written Blocks": 0, "Temp Read Blocks": 107291, "Temp Written Blocks": 187414}, {"Worker Number": 1, "Actual Startup Time": 36104.925, "Actual Total Time": 37413.727, "Actual Rows": 14, "Actual Loops": 1, "Shared Hit Blocks": 591004, "Shared Read Blocks": 0, "Shared Dirtied Blocks": 0, "Shared Written Blocks": 0, "Local Hit Blocks": 0, "Local Read Blocks": 0, "Local Dirtied Blocks": 0, "Local Written Blocks": 0, "Temp Read Blocks": 107291, "Temp Written Blocks": 187414}, {"Worker Number": 2, "Actual Startup Time": 35809.152, "Actual Total Time": 37414.861, "Actual Rows": 8, "Actual Loops": 1, "Shared Hit Blocks": 593693, "Shared Read Blocks": 0, "Shared Dirtied Blocks": 0, "Shared Written Blocks": 0, "Local Hit Blocks": 0, "Local Read Blocks": 0, "Local Dirtied Blocks": 0, "Local Written Blocks": 0, "Temp Read Blocks": 107291, "Temp Written Blocks": 187414}, {"Worker Number": 3, "Actual Startup Time": 36242.176, "Actual Total Time": 37417.159, "Actual Rows": 6, "Actual Loops": 1, "Shared Hit Blocks": 587820, "Shared Read Blocks": 0, "Shared Dirtied Blocks": 0, "Shared Written Blocks": 0, "Local Hit Blocks": 0, "Local Read Blocks": 0, "Local Dirtied Blocks": 0, "Local Written Blocks": 0, "Temp Read Blocks": 107291, "Temp Written Blocks": 187414}], "Plans": [{"Node Type": "Hash Join", "Parent Relationship": "Outer", "Parallel Aware": true, "Join Type": "Inner", "Startup Cost": 23358.54, "Total Cost": 185648.17, "Plan Rows": 1875000, "Plan Width": 39, "Actual Startup Time": 152.022, "Actual Total Time": 1424.25, "Actual Rows": 1500000, "Actual Loops": 5, "Output": ["customer.c_name", "customer.c_custkey", "orders.o_orderkey", "orders.o_orderdate", "orders.o_totalprice"], "Inner Unique": false, "Hash Cond": "(orders.o_custkey = customer.c_custkey)", "Shared Hit Blocks": 148387, "Shared Read Blocks": 0, "Shared Dirtied Blocks": 0, "Shared Written Blocks": 0, "Local Hit Blocks": 0, "Local Read Blocks": 0, "Local Dirtied Blocks": 0, "Local Written Blocks": 0, "Temp Read Blocks": 0, "Temp Written Blocks": 0, "Workers": [{"Worker Number": 0, "Actual Startup Time": 147.665, "Actual Total Time": 1328.078, "Actual Rows": 1390608, "Actual Loops": 1, "Shared Hit Blocks": 27644, "Shared Read Blocks": 0, "Shared Dirtied Blocks": 0, "Shared Written Blocks": 0, "Local Hit Blocks": 0, "Local Read Blocks": 0, "Local Dirtied Blocks": 0, "Local Written Blocks": 0, "Temp Read Blocks": 0, "Temp Written Blocks": 0}, {"Worker Number": 1, "Actual Startup Time": 147.368, "Actual Total Time": 1361.121, "Actual Rows": 1441576, "Actual Loops": 1, "Shared Hit Blocks": 28609, "Shared Read Blocks": 0, "Shared Dirtied Blocks": 0, "Shared Written Blocks": 0, "Local Hit Blocks": 0, "Local Read Blocks": 0, "Local Dirtied Blocks": 0, "Local Written Blocks": 0, "Temp Read Blocks": 0, "Temp Written Blocks": 0}, {"Worker Number": 2, "Actual Startup Time": 148.351, "Actual Total Time": 1509.171, "Actual Rows": 1600962, "Actual Loops": 1, "Shared Hit Blocks": 31298, "Shared Read Blocks": 0, "Shared Dirtied Blocks": 0, "Shared Written Blocks": 0, "Local Hit Blocks": 0, "Local Read Blocks": 0, "Local Dirtied Blocks": 0, "Local Written Blocks": 0, "Temp Read Blocks": 0, "Temp Written Blocks": 0}, {"Worker Number": 3, "Actual Startup Time": 150.658, "Actual Total Time": 1228.568, "Actual Rows": 1268541, "Actual Loops": 1, "Shared Hit Blocks": 25425, "Shared Read Blocks": 0, "Shared Dirtied Blocks": 0, "Shared Written Blocks": 0, "Local Hit Blocks": 0, "Local Read Blocks": 0, "Local Dirtied Blocks": 0, "Local Written Blocks": 0, "Temp Read Blocks": 0, "Temp Written Blocks": 0}], "Plans": [{"Node Type": "Seq Scan", "Parent Relationship": "Outer", "Parallel Aware": true, "Relation Name": "orders", "Schema": "public", "Alias": "orders", "Startup Cost": 0.0, "Total Cost": 149210.0, "Plan Rows": 1875000, "Plan Width": 20, "Actual Startup Time": 0.026, "Actual Total Time": 321.093, "Actual Rows": 1500000, "Actual Loops": 5, "Output": ["orders.o_orderkey", "orders.o_custkey", "orders.o_orderstatus", "orders.o_totalprice", "orders.o_orderdate", "orders.o_orderpriority", "orders.o_clerk", "orders.o_shippriority", "orders.o_comment"], "Shared Hit Blocks": 130460, "Shared Read Blocks": 0, "Shared Dirtied Blocks": 0, "Shared Written Blocks": 0, "Local Hit Blocks": 0, "Local Read Blocks": 0, "Local Dirtied Blocks": 0, "Local Written Blocks": 0, "Temp Read Blocks": 0, "Temp Written Blocks": 0, "Workers": [{"Worker Number": 0, "Actual Startup Time": 0.021, "Actual Total Time": 298.889, "Actual Rows": 1390608, "Actual Loops": 1, "Shared Hit Blocks": 24189, "Shared Read Blocks": 0, "Shared Dirtied Blocks": 0, "Shared Written Blocks": 0, "Local Hit Blocks": 0, "Local Read Blocks": 0, "Local Dirtied Blocks": 0, "Local Written Blocks": 0, "Temp Read Blocks": 0, "Temp Written Blocks": 0}, {"Worker Number": 1, "Actual Startup Time": 0.017, "Actual Total Time": 307.979, "Actual Rows": 1441576, "Actual Loops": 1, "Shared Hit Blocks": 25079, "Shared Read Blocks": 0, "Shared Dirtied Blocks": 0, "Shared Written Blocks": 0, "Local Hit Blocks": 0, "Local Read Blocks": 0, "Local Dirtied Blocks": 0, "Local Written Blocks": 0, "Temp Read Blocks": 0, "Temp Written Blocks": 0}, {"Worker Number": 2, "Actual Startup Time": 0.02, "Actual Total Time": 344.127, "Actual Rows": 1600962, "Actual Loops": 1, "Shared Hit Blocks": 27848, "Shared Read Blocks": 0, "Shared Dirtied Blocks": 0, "Shared Written Blocks": 0, "Local Hit Blocks": 0, "Local Read Blocks": 0, "Local Dirtied Blocks": 0, "Local Written Blocks": 0, "Temp Read Blocks": 0, "Temp Written Blocks": 0}, {"Worker Number": 3, "Actual Startup Time": 0.037, "Actual Total Time": 269.678, "Actual Rows": 1268541, "Actual Loops": 1, "Shared Hit Blocks": 22064, "Shared Read Blocks": 0, "Shared Dirtied Blocks": 0, "Shared Written Blocks": 0, "Local Hit Blocks": 0, "Local Read Blocks": 0, "Local Dirtied Blocks": 0, "Local Written Blocks": 0, "Temp Read Blocks": 0, "Temp Written Blocks": 0}]}, {"Node Type": "Hash", "Parent Relationship": "Inner", "Parallel Aware": true, "Startup Cost": 20334.35, "Total Cost": 20334.35, "Plan Rows": 241935, "Plan Width": 23, "Actual Startup Time": 151.078, "Actual Total Time": 151.078, "Actual Rows": 150000, "Actual Loops": 5, "Output": ["customer.c_name", "customer.c_custkey"], "Hash Buckets": 1048576, "Original Hash Buckets": 1048576, "Hash Batches": 1, "Original Hash Batches": 1, "Peak Memory Usage": 49376, "Shared Hit Blocks": 17915, "Shared Read Blocks": 0, "Shared Dirtied Blocks": 0, "Shared Written Blocks": 0, "Local Hit Blocks": 0, "Local Read Blocks": 0, "Local Dirtied Blocks": 0, "Local Written Blocks": 0, "Temp Read Blocks": 0, "Temp Written Blocks": 0, "Workers": [{"Worker Number": 0, "Actual Startup Time": 147.526, "Actual Total Time": 147.526, "Actual Rows": 144480, "Actual Loops": 1, "Shared Hit Blocks": 3452, "Shared Read Blocks": 0, "Shared Dirtied Blocks": 0, "Shared Written Blocks": 0, "Local Hit Blocks": 0, "Local Read Blocks": 0, "Local Dirtied Blocks": 0, "Local Written Blocks": 0, "Temp Read Blocks": 0, "Temp Written Blocks": 0}, {"Worker Number": 1, "Actual Startup Time": 147.089, "Actual Total Time": 147.09, "Actual Rows": 147634, "Actual Loops": 1, "Shared Hit Blocks": 3527, "Shared Read Blocks": 0, "Shared Dirtied Blocks": 0, "Shared Written Blocks": 0, "Local Hit Blocks": 0, "Local Read Blocks": 0, "Local Dirtied Blocks": 0, "Local Written Blocks": 0, "Temp Read Blocks": 0, "Temp Written Blocks": 0}, {"Worker Number": 2, "Actual Startup Time": 148.223, "Actual Total Time": 148.223, "Actual Rows": 144349, "Actual Loops": 1, "Shared Hit Blocks": 3447, "Shared Read Blocks": 0, "Shared Dirtied Blocks": 0, "Shared Written Blocks": 0, "Local Hit Blocks": 0, "Local Read Blocks": 0, "Local Dirtied Blocks": 0, "Local Written Blocks": 0, "Temp Read Blocks": 0, "Temp Written Blocks": 0}, {"Worker Number": 3, "Actual Startup Time": 150.546, "Actual Total Time": 150.547, "Actual Rows": 140664, "Actual Loops": 1, "Shared Hit Blocks": 3358, "Shared Read Blocks": 0, "Shared Dirtied Blocks": 0, "Shared Written Blocks": 0, "Local Hit Blocks": 0, "Local Read Blocks": 0, "Local Dirtied Blocks": 0, "Local Written Blocks": 0, "Temp Read Blocks": 0, "Temp Written Blocks": 0}], "Plans": [{"Node Type": "Seq Scan", "Parent Relationship": "Outer", "Parallel Aware": true, "Relation Name": "customer", "Schema": "public", "Alias": "customer", "Startup Cost": 0.0, "Total Cost": 20334.35, "Plan Rows": 241935, "Plan Width": 23, "Actual Startup Time": 0.027, "Actual Total Time": 78.881, "Actual Rows": 150000, "Actual Loops": 5, "Output": ["customer.c_name", "customer.c_custkey"], "Shared Hit Blocks": 17915, "Shared Read Blocks": 0, "Shared Dirtied Blocks": 0, "Shared Written Blocks": 0, "Local Hit Blocks": 0, "Local Read Blocks": 0, "Local Dirtied Blocks": 0, "Local Written Blocks": 0, "Temp Read Blocks": 0, "Temp Written Blocks": 0, "Workers": [{"Worker Number": 0, "Actual Startup Time": 0.021, "Actual Total Time": 74.244, "Actual Rows": 144480, "Actual Loops": 1, "Shared Hit Blocks": 3452, "Shared Read Blocks": 0, "Shared Dirtied Blocks": 0, "Shared Written Blocks": 0, "Local Hit Blocks": 0, "Local Read Blocks": 0, "Local Dirtied Blocks": 0, "Local Written Blocks": 0, "Temp Read Blocks": 0, "Temp Written Blocks": 0}, {"Worker Number": 1, "Actual Startup Time": 0.021, "Actual Total Time": 78.805, "Actual Rows": 147634, "Actual Loops": 1, "Shared Hit Blocks": 3527, "Shared Read Blocks": 0, "Shared Dirtied Blocks": 0, "Shared Written Blocks": 0, "Local Hit Blocks": 0, "Local Read Blocks": 0, "Local Dirtied Blocks": 0, "Local Written Blocks": 0, "Temp Read Blocks": 0, "Temp Written Blocks": 0}, {"Worker Number": 2, "Actual Startup Time": 0.019, "Actual Total Time": 75.536, "Actual Rows": 144349, "Actual Loops": 1, "Shared Hit Blocks": 3447, "Shared Read Blocks": 0, "Shared Dirtied Blocks": 0, "Shared Written Blocks": 0, "Local Hit Blocks": 0, "Local Read Blocks": 0, "Local Dirtied Blocks": 0, "Local Written Blocks": 0, "Temp Read Blocks": 0, "Temp Written Blocks": 0}, {"Worker Number": 3, "Actual Startup Time": 0.05, "Actual Total Time": 79.362, "Actual Rows": 140664, "Actual Loops": 1, "Shared Hit Blocks": 3358, "Shared Read Blocks": 0, "Shared Dirtied Blocks": 0, "Shared Written Blocks": 0, "Local Hit Blocks": 0, "Local Read Blocks": 0, "Local Dirtied Blocks": 0, "Local Written Blocks": 0, "Temp Read Blocks": 0, "Temp Written Blocks": 0}]}]}]}, {"Node Type": "Hash", "Parent Relationship": "Inner", "Parallel Aware": false, "Startup Cost": 1019735.14, "Total Cost": 1019735.14, "Plan Rows": 133513, "Plan Width": 4, "Actual Startup Time": 35688.421, "Actual Total Time": 35688.422, "Actual Rows": 48, "Actual Loops": 5, "Output": ["lineitem_1.l_orderkey"], "Hash Buckets": 262144, "Original Hash Buckets": 262144, "Hash Batches": 1, "Original Hash Batches": 1, "Peak Memory Usage": 2050, "Shared Hit Blocks": 2811975, "Shared Read Blocks": 0, "Shared Dirtied Blocks": 0, "Shared Written Blocks": 0, "Local Hit Blocks": 0, "Local Read Blocks": 0, "Local Dirtied Blocks": 0, "Local Written Blocks": 0, "Temp Read Blocks": 536455, "Temp Written Blocks": 937070, "Workers": [{"Worker Number": 0, "Actual Startup Time": 35800.266, "Actual Total Time": 35800.267, "Actual Rows": 48, "Actual Loops": 1, "Shared Hit Blocks": 562395, "Shared Read Blocks": 0, "Shared Dirtied Blocks": 0, "Shared Written Blocks": 0, "Local Hit Blocks": 0, "Local Read Blocks": 0, "Local Dirtied Blocks": 0, "Local Written Blocks": 0, "Temp Read Blocks": 107291, "Temp Written Blocks": 187414}, {"Worker Number": 1, "Actual Startup Time": 35760.862, "Actual Total Time": 35760.862, "Actual Rows": 48, "Actual Loops": 1, "Shared Hit Blocks": 562395, "Shared Read Blocks": 0, "Shared Dirtied Blocks": 0, "Shared Written Blocks": 0, "Local Hit Blocks": 0, "Local Read Blocks": 0, "Local Dirtied Blocks": 0, "Local Written Blocks": 0, "Temp Read Blocks": 107291, "Temp Written Blocks": 187414}, {"Worker Number": 2, "Actual Startup Time": 35580.637, "Actual Total Time": 35580.638, "Actual Rows": 48, "Actual Loops": 1, "Shared Hit Blocks": 562395, "Shared Read Blocks": 0, "Shared Dirtied Blocks": 0, "Shared Written Blocks": 0, "Local Hit Blocks": 0, "Local Read Blocks": 0, "Local Dirtied Blocks": 0, "Local Written Blocks": 0, "Temp Read Blocks": 107291, "Temp Written Blocks": 187414}, {"Worker Number": 3, "Actual Startup Time": 35929.193, "Actual Total Time": 35929.194, "Actual Rows": 48, "Actual Loops": 1, "Shared Hit Blocks": 562395, "Shared Read Blocks": 0, "Shared Dirtied Blocks": 0, "Shared Written Blocks": 0, "Local Hit Blocks": 0, "Local Read Blocks": 0, "Local Dirtied Blocks": 0, "Local Written Blocks": 0, "Temp Read Blocks": 107291, "Temp Written Blocks": 187414}], "Plans": [{"Node Type": "Aggregate", "Strategy": "Hashed", "Partial Mode": "Simple", "Parent Relationship": "Outer", "Parallel Aware": false, "Startup Cost": 1012391.94, "Total Cost": 1018400.01, "Plan Rows": 133513, "Plan Width": 4, "Actual Startup Time": 24955.03, "Actual Total Time": 35688.262, "Actual Rows": 48, "Actual Loops": 5, "Output": ["lineitem_1.l_orderkey"], "Group Key": ["lineitem_1.l_orderkey"], "Filter": "(sum(lineitem_1.l_quantity) > '313'::numeric)", "Planned Partitions": 0, "HashAgg Batches": 5, "Peak Memory Usage": 524337, "Disk Usage": 859360, "Rows Removed by Filter": 7499952, "Shared Hit Blocks": 2811975, "Shared Read Blocks": 0, "Shared Dirtied Blocks": 0, "Shared Written Blocks": 0, "Local Hit Blocks": 0, "Local Read Blocks": 0, "Local Dirtied Blocks": 0, "Local Written Blocks": 0, "Temp Read Blocks": 536455, "Temp Written Blocks": 937070, "Workers": [{"Worker Number": 0, "Actual Startup Time": 25028.509, "Actual Total Time": 35800.119, "Actual Rows": 48, "Actual Loops": 1, "HashAgg Batches": 5, "Peak Memory Usage": 524337, "Disk Usage": 859360, "Shared Hit Blocks": 562395, "Shared Read Blocks": 0, "Shared Dirtied Blocks": 0, "Shared Written Blocks": 0, "Local Hit Blocks": 0, "Local Read Blocks": 0, "Local Dirtied Blocks": 0, "Local Written Blocks": 0, "Temp Read Blocks": 107291, "Temp Written Blocks": 187414}, {"Worker Number": 1, "Actual Startup Time": 25047.361, "Actual Total Time": 35760.704, "Actual Rows": 48, "Actual Loops": 1, "HashAgg Batches": 5, "Peak Memory Usage": 524337, "Disk Usage": 859360, "Shared Hit Blocks": 562395, "Shared Read Blocks": 0, "Shared Dirtied Blocks": 0, "Shared Written Blocks": 0, "Local Hit Blocks": 0, "Local Read Blocks": 0, "Local Dirtied Blocks": 0, "Local Written Blocks": 0, "Temp Read Blocks": 107291, "Temp Written Blocks": 187414}, {"Worker Number": 2, "Actual Startup Time": 24904.352, "Actual Total Time": 35580.485, "Actual Rows": 48, "Actual Loops": 1, "HashAgg Batches": 5, "Peak Memory Usage": 524337, "Disk Usage": 859360, "Shared Hit Blocks": 562395, "Shared Read Blocks": 0, "Shared Dirtied Blocks": 0, "Shared Written Blocks": 0, "Local Hit Blocks": 0, "Local Read Blocks": 0, "Local Dirtied Blocks": 0, "Local Written Blocks": 0, "Temp Read Blocks": 107291, "Temp Written Blocks": 187414}, {"Worker Number": 3, "Actual Startup Time": 25158.114, "Actual Total Time": 35929.028, "Actual Rows": 48, "Actual Loops": 1, "HashAgg Batches": 5, "Peak Memory Usage": 524337, "Disk Usage": 859360, "Shared Hit Blocks": 562395, "Shared Read Blocks": 0, "Shared Dirtied Blocks": 0, "Shared Written Blocks": 0, "Local Hit Blocks": 0, "Local Read Blocks": 0, "Local Dirtied Blocks": 0, "Local Written Blocks": 0, "Temp Read Blocks": 107291, "Temp Written Blocks": 187414}], "Plans": [{"Node Type": "Seq Scan", "Parent Relationship": "Outer", "Parallel Aware": false, "Relation Name": "lineitem", "Schema": "public", "Alias": "lineitem_1", "Startup Cost": 0.0, "Total Cost": 862392.96, "Plan Rows": 29999796, "Plan Width": 9, "Actual Startup Time": 0.238, "Actual Total Time": 7278.941, "Actual Rows": 29999795, "Actual Loops": 5, "Output": ["lineitem_1.l_orderkey", "lineitem_1.l_partkey", "lineitem_1.l_suppkey", "lineitem_1.l_linenumber", "lineitem_1.l_quantity", "lineitem_1.l_extendedprice", "lineitem_1.l_discount", "lineitem_1.l_tax", "lineitem_1.l_returnflag", "lineitem_1.l_linestatus", "lineitem_1.l_shipdate", "lineitem_1.l_commitdate", "lineitem_1.l_receiptdate", "lineitem_1.l_shipinstruct", "lineitem_1.l_shipmode", "lineitem_1.l_comment"], "Shared Hit Blocks": 2811975, "Shared Read Blocks": 0, "Shared Dirtied Blocks": 0, "Shared Written Blocks": 0, "Local Hit Blocks": 0, "Local Read Blocks": 0, "Local Dirtied Blocks": 0, "Local Written Blocks": 0, "Temp Read Blocks": 0, "Temp Written Blocks": 0, "Workers": [{"Worker Number": 0, "Actual Startup Time": 0.289, "Actual Total Time": 7274.568, "Actual Rows": 29999795, "Actual Loops": 1, "Shared Hit Blocks": 562395, "Shared Read Blocks": 0, "Shared Dirtied Blocks": 0, "Shared Written Blocks": 0, "Local Hit Blocks": 0, "Local Read Blocks": 0, "Local Dirtied Blocks": 0, "Local Written Blocks": 0, "Temp Read Blocks": 0, "Temp Written Blocks": 0}, {"Worker Number": 1, "Actual Startup Time": 0.242, "Actual Total Time": 7325.494, "Actual Rows": 29999795, "Actual Loops": 1, "Shared Hit Blocks": 562395, "Shared Read Blocks": 0, "Shared Dirtied Blocks": 0, "Shared Written Blocks": 0, "Local Hit Blocks": 0, "Local Read Blocks": 0, "Local Dirtied Blocks": 0, "Local Written Blocks": 0, "Temp Read Blocks": 0, "Temp Written Blocks": 0}, {"Worker Number": 2, "Actual Startup Time": 0.249, "Actual Total Time": 7272.061, "Actual Rows": 29999795, "Actual Loops": 1, "Shared Hit Blocks": 562395, "Shared Read Blocks": 0, "Shared Dirtied Blocks": 0, "Shared Written Blocks": 0, "Local Hit Blocks": 0, "Local Read Blocks": 0, "Local Dirtied Blocks": 0, "Local Written Blocks": 0, "Temp Read Blocks": 0, "Temp Written Blocks": 0}, {"Worker Number": 3, "Actual Startup Time": 0.371, "Actual Total Time": 7404.152, "Actual Rows": 29999795, "Actual Loops": 1, "Shared Hit Blocks": 562395, "Shared Read Blocks": 0, "Shared Dirtied Blocks": 0, "Shared Written Blocks": 0, "Local Hit Blocks": 0, "Local Read Blocks": 0, "Local Dirtied Blocks": 0, "Local Written Blocks": 0, "Temp Read Blocks": 0, "Temp Written Blocks": 0}]}]}]}]}]}]}, {"Node Type": "Index Scan", "Parent Relationship": "Inner", "Parallel Aware": false, "Scan Direction": "Forward", "Index Name": "lineitem_l_orderkey_idx", "Relation Name": "lineitem", "Schema": "public", "Alias": "lineitem", "Startup Cost": 0.44, "Total Cost": 2.08, "Plan Rows": 75, "Plan Width": 9, "Actual Startup Time": 0.066, "Actual Total Time": 0.069, "Actual Rows": 7, "Actual Loops": 48, "Output": ["lineitem.l_orderkey", "lineitem.l_partkey", "lineitem.l_suppkey", "lineitem.l_linenumber", "lineitem.l_quantity", "lineitem.l_extendedprice", "lineitem.l_discount", "lineitem.l_tax", "lineitem.l_returnflag", "lineitem.l_linestatus", "lineitem.l_shipdate", "lineitem.l_commitdate", "lineitem.l_receiptdate", "lineitem.l_shipinstruct", "lineitem.l_shipmode", "lineitem.l_comment"], "Index Cond": "(lineitem.l_orderkey = orders.o_orderkey)", "Rows Removed by Index Recheck": 0, "Shared Hit Blocks": 200, "Shared Read Blocks": 0, "Shared Dirtied Blocks": 0, "Shared Written Blocks": 0, "Local Hit Blocks": 0, "Local Read Blocks": 0, "Local Dirtied Blocks": 0, "Local Written Blocks": 0, "Temp Read Blocks": 0, "Temp Written Blocks": 0}]}]}]}