{"Node Type": "Aggregate", "Strategy": "Sorted", "Partial Mode": "Finalize", "Parallel Aware": false, "Startup Cost": 952532.58, "Total Cost": 952536.64, "Plan Rows": 6, "Plan Width": 236, "Actual Startup Time": 12046.731, "Actual Total Time": 12146.403, "Actual Rows": 4, "Actual Loops": 1, "Output": ["l_returnflag", "l_linestatus", "sum(l_quantity)", "sum(l_extendedprice)", "sum((l_extendedprice * ('1'::numeric - l_discount)))", "sum(((l_extendedprice * ('1'::numeric - l_discount)) * ('1'::numeric + l_tax)))", "avg(l_quantity)", "avg(l_extendedprice)", "avg(l_discount)", "count(*)"], "Group Key": ["lineitem.l_returnflag", "lineitem.l_linestatus"], "Shared Hit Blocks": 562423, "Shared Read Blocks": 0, "Shared Dirtied Blocks": 0, "Shared Written Blocks": 0, "Local Hit Blocks": 0, "Local Read Blocks": 0, "Local Dirtied Blocks": 0, "Local Written Blocks": 0, "Temp Read Blocks": 0, "Temp Written Blocks": 0, "Plans": [{"Node Type": "Gather Merge", "Parent Relationship": "Outer", "Parallel Aware": false, "Startup Cost": 952532.58, "Total Cost": 952535.46, "Plan Rows": 24, "Plan Width": 236, "Actual Startup Time": 12046.633, "Actual Total Time": 12146.229, "Actual Rows": 20, "Actual Loops": 1, "Output": ["l_returnflag", "l_linestatus", "(PARTIAL sum(l_quantity))", "(PARTIAL sum(l_extendedprice))", "(PARTIAL sum((l_extendedprice * ('1'::numeric - l_discount))))", "(PARTIAL sum(((l_extendedprice * ('1'::numeric - l_discount)) * ('1'::numeric + l_tax))))", "(PARTIAL avg(l_quantity))", "(PARTIAL avg(l_extendedprice))", "(PARTIAL avg(l_discount))", "(PARTIAL count(*))"], "Workers Planned": 4, "Workers Launched": 4, "Shared Hit Blocks": 562423, "Shared Read Blocks": 0, "Shared Dirtied Blocks": 0, "Shared Written Blocks": 0, "Local Hit Blocks": 0, "Local Read Blocks": 0, "Local Dirtied Blocks": 0, "Local Written Blocks": 0, "Temp Read Blocks": 0, "Temp Written Blocks": 0, "Plans": [{"Node Type": "Sort", "Parent Relationship": "Outer", "Parallel Aware": false, "Startup Cost": 951532.53, "Total Cost": 951532.54, "Plan Rows": 6, "Plan Width": 236, "Actual Startup Time": 12040.712, "Actual Total Time": 12040.714, "Actual Rows": 4, "Actual Loops": 5, "Output": ["l_returnflag", "l_linestatus", "(PARTIAL sum(l_quantity))", "(PARTIAL sum(l_extendedprice))", "(PARTIAL sum((l_extendedprice * ('1'::numeric - l_discount))))", "(PARTIAL sum(((l_extendedprice * ('1'::numeric - l_discount)) * ('1'::numeric + l_tax))))", "(PARTIAL avg(l_quantity))", "(PARTIAL avg(l_extendedprice))", "(PARTIAL avg(l_discount))", "(PARTIAL count(*))"], "Sort Key": ["lineitem.l_returnflag", "lineitem.l_linestatus"], "Sort Method": "quicksort", "Sort Space Used": 27, "Sort Space Type": "Memory", "Shared Hit Blocks": 562423, "Shared Read Blocks": 0, "Shared Dirtied Blocks": 0, "Shared Written Blocks": 0, "Local Hit Blocks": 0, "Local Read Blocks": 0, "Local Dirtied Blocks": 0, "Local Written Blocks": 0, "Temp Read Blocks": 0, "Temp Written Blocks": 0, "Workers": [{"Worker Number": 0, "Actual Startup Time": 12039.26, "Actual Total Time": 12039.261, "Actual Rows": 4, "Actual Loops": 1, "Sort Method": "quicksort", "Sort Space Used": 27, "Sort Space Type": "Memory", "Shared Hit Blocks": 112135, "Shared Read Blocks": 0, "Shared Dirtied Blocks": 0, "Shared Written Blocks": 0, "Local Hit Blocks": 0, "Local Read Blocks": 0, "Local Dirtied Blocks": 0, "Local Written Blocks": 0, "Temp Read Blocks": 0, "Temp Written Blocks": 0}, {"Worker Number": 1, "Actual Startup Time": 12039.212, "Actual Total Time": 12039.214, "Actual Rows": 4, "Actual Loops": 1, "Sort Method": "quicksort", "Sort Space Used": 27, "Sort Space Type": "Memory", "Shared Hit Blocks": 112502, "Shared Read Blocks": 0, "Shared Dirtied Blocks": 0, "Shared Written Blocks": 0, "Local Hit Blocks": 0, "Local Read Blocks": 0, "Local Dirtied Blocks": 0, "Local Written Blocks": 0, "Temp Read Blocks": 0, "Temp Written Blocks": 0}, {"Worker Number": 2, "Actual Startup Time": 12039.42, "Actual Total Time": 12039.421, "Actual Rows": 4, "Actual Loops": 1, "Sort Method": "quicksort", "Sort Space Used": 27, "Sort Space Type": "Memory", "Shared Hit Blocks": 112483, "Shared Read Blocks": 0, "Shared Dirtied Blocks": 0, "Shared Written Blocks": 0, "Local Hit Blocks": 0, "Local Read Blocks": 0, "Local Dirtied Blocks": 0, "Local Written Blocks": 0, "Temp Read Blocks": 0, "Temp Written Blocks": 0}, {"Worker Number": 3, "Actual Startup Time": 12039.535, "Actual Total Time": 12039.536, "Actual Rows": 4, "Actual Loops": 1, "Sort Method": "quicksort", "Sort Space Used": 27, "Sort Space Type": "Memory", "Shared Hit Blocks": 112642, "Shared Read Blocks": 0, "Shared Dirtied Blocks": 0, "Shared Written Blocks": 0, "Local Hit Blocks": 0, "Local Read Blocks": 0, "Local Dirtied Blocks": 0, "Local Written Blocks": 0, "Temp Read Blocks": 0, "Temp Written Blocks": 0}], "Plans": [{"Node Type": "Aggregate", "Strategy": "Hashed", "Partial Mode": "Partial", "Parent Relationship": "Outer", "Parallel Aware": false, "Startup Cost": 951532.28, "Total Cost": 951532.45, "Plan Rows": 6, "Plan Width": 236, "Actual Startup Time": 12040.655, "Actual Total Time": 12040.667, "Actual Rows": 4, "Actual Loops": 5, "Output": ["l_returnflag", "l_linestatus", "PARTIAL sum(l_quantity)", "PARTIAL sum(l_extendedprice)", "PARTIAL sum((l_extendedprice * ('1'::numeric - l_discount)))", "PARTIAL sum(((l_extendedprice * ('1'::numeric - l_discount)) * ('1'::numeric + l_tax)))", "PARTIAL avg(l_quantity)", "PARTIAL avg(l_extendedprice)", "PARTIAL avg(l_discount)", "PARTIAL count(*)"], "Group Key": ["lineitem.l_returnflag", "lineitem.l_linestatus"], "Planned Partitions": 0, "HashAgg Batches": 1, "Peak Memory Usage": 24, "Disk Usage": 0, "Shared Hit Blocks": 562395, "Shared Read Blocks": 0, "Shared Dirtied Blocks": 0, "Shared Written Blocks": 0, "Local Hit Blocks": 0, "Local Read Blocks": 0, "Local Dirtied Blocks": 0, "Local Written Blocks": 0, "Temp Read Blocks": 0, "Temp Written Blocks": 0, "Workers": [{"Worker Number": 0, "Actual Startup Time": 12039.19, "Actual Total Time": 12039.199, "Actual Rows": 4, "Actual Loops": 1, "HashAgg Batches": 1, "Peak Memory Usage": 24, "Disk Usage": 0, "Shared Hit Blocks": 112128, "Shared Read Blocks": 0, "Shared Dirtied Blocks": 0, "Shared Written Blocks": 0, "Local Hit Blocks": 0, "Local Read Blocks": 0, "Local Dirtied Blocks": 0, "Local Written Blocks": 0, "Temp Read Blocks": 0, "Temp Written Blocks": 0}, {"Worker Number": 1, "Actual Startup Time": 12039.151, "Actual Total Time": 12039.164, "Actual Rows": 4, "Actual Loops": 1, "HashAgg Batches": 1, "Peak Memory Usage": 24, "Disk Usage": 0, "Shared Hit Blocks": 112495, "Shared Read Blocks": 0, "Shared Dirtied Blocks": 0, "Shared Written Blocks": 0, "Local Hit Blocks": 0, "Local Read Blocks": 0, "Local Dirtied Blocks": 0, "Local Written Blocks": 0, "Temp Read Blocks": 0, "Temp Written Blocks": 0}, {"Worker Number": 2, "Actual Startup Time": 12039.369, "Actual Total Time": 12039.378, "Actual Rows": 4, "Actual Loops": 1, "HashAgg Batches": 1, "Peak Memory Usage": 24, "Disk Usage": 0, "Shared Hit Blocks": 112476, "Shared Read Blocks": 0, "Shared Dirtied Blocks": 0, "Shared Written Blocks": 0, "Local Hit Blocks": 0, "Local Read Blocks": 0, "Local Dirtied Blocks": 0, "Local Written Blocks": 0, "Temp Read Blocks": 0, "Temp Written Blocks": 0}, {"Worker Number": 3, "Actual Startup Time": 12039.478, "Actual Total Time": 12039.485, "Actual Rows": 4, "Actual Loops": 1, "HashAgg Batches": 1, "Peak Memory Usage": 24, "Disk Usage": 0, "Shared Hit Blocks": 112635, "Shared Read Blocks": 0, "Shared Dirtied Blocks": 0, "Shared Written Blocks": 0, "Local Hit Blocks": 0, "Local Read Blocks": 0, "Local Dirtied Blocks": 0, "Local Written Blocks": 0, "Temp Read Blocks": 0, "Temp Written Blocks": 0}], "Plans": [{"Node Type": "Seq Scan", "Parent Relationship": "Outer", "Parallel Aware": true, "Relation Name": "lineitem", "Schema": "public", "Alias": "lineitem", "Startup Cost": 0.0, "Total Cost": 656144.36, "Plan Rows": 7384698, "Plan Width": 25, "Actual Startup Time": 0.019, "Actual Total Time": 2687.766, "Actual Rows": 5907938, "Actual Loops": 5, "Output": ["l_orderkey", "l_partkey", "l_suppkey", "l_linenumber", "l_quantity", "l_extendedprice", "l_discount", "l_tax", "l_returnflag", "l_linestatus", "l_shipdate", "l_commitdate", "l_receiptdate", "l_shipinstruct", "l_shipmode", "l_comment"], "Filter": "(lineitem.l_shipdate <= '1998-08-29 00:00:00'::timestamp without time zone)", "Rows Removed by Filter": 92021, "Shared Hit Blocks": 562395, "Shared Read Blocks": 0, "Shared Dirtied Blocks": 0, "Shared Written Blocks": 0, "Local Hit Blocks": 0, "Local Read Blocks": 0, "Local Dirtied Blocks": 0, "Local Written Blocks": 0, "Temp Read Blocks": 0, "Temp Written Blocks": 0, "Workers": [{"Worker Number": 0, "Actual Startup Time": 0.018, "Actual Total Time": 2612.515, "Actual Rows": 5889771, "Actual Loops": 1, "Shared Hit Blocks": 112128, "Shared Read Blocks": 0, "Shared Dirtied Blocks": 0, "Shared Written Blocks": 0, "Local Hit Blocks": 0, "Local Read Blocks": 0, "Local Dirtied Blocks": 0, "Local Written Blocks": 0, "Temp Read Blocks": 0, "Temp Written Blocks": 0}, {"Worker Number": 1, "Actual Startup Time": 0.017, "Actual Total Time": 2591.339, "Actual Rows": 5908866, "Actual Loops": 1, "Shared Hit Blocks": 112495, "Shared Read Blocks": 0, "Shared Dirtied Blocks": 0, "Shared Written Blocks": 0, "Local Hit Blocks": 0, "Local Read Blocks": 0, "Local Dirtied Blocks": 0, "Local Written Blocks": 0, "Temp Read Blocks": 0, "Temp Written Blocks": 0}, {"Worker Number": 2, "Actual Startup Time": 0.018, "Actual Total Time": 2712.824, "Actual Rows": 5907677, "Actual Loops": 1, "Shared Hit Blocks": 112476, "Shared Read Blocks": 0, "Shared Dirtied Blocks": 0, "Shared Written Blocks": 0, "Local Hit Blocks": 0, "Local Read Blocks": 0, "Local Dirtied Blocks": 0, "Local Written Blocks": 0, "Temp Read Blocks": 0, "Temp Written Blocks": 0}, {"Worker Number": 3, "Actual Startup Time": 0.019, "Actual Total Time": 2835.442, "Actual Rows": 5916440, "Actual Loops": 1, "Shared Hit Blocks": 112635, "Shared Read Blocks": 0, "Shared Dirtied Blocks": 0, "Shared Written Blocks": 0, "Local Hit Blocks": 0, "Local Read Blocks": 0, "Local Dirtied Blocks": 0, "Local Written Blocks": 0, "Temp Read Blocks": 0, "Temp Written Blocks": 0}]}]}]}]}]}