{"Node Type": "Aggregate", "Strategy": "Sorted", "Partial Mode": "Finalize", "Parallel Aware": false, "Startup Cost": 390896.85, "Total Cost": 390913.17, "Plan Rows": 146, "Plan Width": 66, "Actual Startup Time": 14514.692, "Actual Total Time": 15963.966, "Actual Rows": 175, "Actual Loops": 1, "Output": ["nation.n_name", "(date_part('year'::text, (orders.o_orderdate)::timestamp without time zone))", "sum(((lineitem.l_extendedprice * ('1'::numeric - lineitem.l_discount)) - (partsupp.ps_supplycost * lineitem.l_quantity)))"], "Group Key": ["nation.n_name", "(date_part('year'::text, (orders.o_orderdate)::timestamp without time zone))"], "Shared Hit Blocks": 7516177, "Shared Read Blocks": 0, "Shared Dirtied Blocks": 0, "Shared Written Blocks": 0, "Local Hit Blocks": 0, "Local Read Blocks": 0, "Local Dirtied Blocks": 0, "Local Written Blocks": 0, "Temp Read Blocks": 0, "Temp Written Blocks": 0, "Plans": [{"Node Type": "Gather Merge", "Parent Relationship": "Outer", "Parallel Aware": false, "Startup Cost": 390896.85, "Total Cost": 390909.75, "Plan Rows": 86, "Plan Width": 66, "Actual Startup Time": 14510.483, "Actual Total Time": 15962.953, "Actual Rows": 350, "Actual Loops": 1, "Output": ["nation.n_name", "(date_part('year'::text, (orders.o_orderdate)::timestamp without time zone))", "(PARTIAL sum(((lineitem.l_extendedprice * ('1'::numeric - lineitem.l_discount)) - (partsupp.ps_supplycost * lineitem.l_quantity))))"], "Workers Planned": 1, "Workers Launched": 1, "Shared Hit Blocks": 7516177, "Shared Read Blocks": 0, "Shared Dirtied Blocks": 0, "Shared Written Blocks": 0, "Local Hit Blocks": 0, "Local Read Blocks": 0, "Local Dirtied Blocks": 0, "Local Written Blocks": 0, "Temp Read Blocks": 0, "Temp Written Blocks": 0, "Plans": [{"Node Type": "Aggregate", "Strategy": "Sorted", "Partial Mode": "Partial", "Parent Relationship": "Outer", "Parallel Aware": false, "Startup Cost": 389896.84, "Total Cost": 389900.07, "Plan Rows": 86, "Plan Width": 66, "Actual Startup Time": 14502.742, "Actual Total Time": 15642.896, "Actual Rows": 175, "Actual Loops": 2, "Output": ["nation.n_name", "(date_part('year'::text, (orders.o_orderdate)::timestamp without time zone))", "PARTIAL sum(((lineitem.l_extendedprice * ('1'::numeric - lineitem.l_discount)) - (partsupp.ps_supplycost * lineitem.l_quantity)))"], "Group Key": ["nation.n_name", "(date_part('year'::text, (orders.o_orderdate)::timestamp without time zone))"], "Shared Hit Blocks": 7516177, "Shared Read Blocks": 0, "Shared Dirtied Blocks": 0, "Shared Written Blocks": 0, "Local Hit Blocks": 0, "Local Read Blocks": 0, "Local Dirtied Blocks": 0, "Local Written Blocks": 0, "Temp Read Blocks": 0, "Temp Written Blocks": 0, "Workers": [{"Worker Number": 0, "Actual Startup Time": 14503.093, "Actual Total Time": 15652.604, "Actual Rows": 175, "Actual Loops": 1, "Shared Hit Blocks": 3758742, "Shared Read Blocks": 0, "Shared Dirtied Blocks": 0, "Shared Written Blocks": 0, "Local Hit Blocks": 0, "Local Read Blocks": 0, "Local Dirtied Blocks": 0, "Local Written Blocks": 0, "Temp Read Blocks": 0, "Temp Written Blocks": 0}], "Plans": [{"Node Type": "Sort", "Parent Relationship": "Outer", "Parallel Aware": false, "Startup Cost": 389896.84, "Total Cost": 389897.06, "Plan Rows": 86, "Plan Width": 57, "Actual Startup Time": 14499.864, "Actual Total Time": 14665.124, "Actual Rows": 811690, "Actual Loops": 2, "Output": ["nation.n_name", "(date_part('year'::text, (orders.o_orderdate)::timestamp without time zone))", "lineitem.l_extendedprice", "lineitem.l_discount", "partsupp.ps_supplycost", "lineitem.l_quantity"], "Sort Key": ["nation.n_name", "(date_part('year'::text, (orders.o_orderdate)::timestamp without time zone)) DESC"], "Sort Method": "quicksort", "Sort Space Used": 138575, "Sort Space Type": "Memory", "Shared Hit Blocks": 7516177, "Shared Read Blocks": 0, "Shared Dirtied Blocks": 0, "Shared Written Blocks": 0, "Local Hit Blocks": 0, "Local Read Blocks": 0, "Local Dirtied Blocks": 0, "Local Written Blocks": 0, "Temp Read Blocks": 0, "Temp Written Blocks": 0, "Workers": [{"Worker Number": 0, "Actual Startup Time": 14500.679, "Actual Total Time": 14657.744, "Actual Rows": 812723, "Actual Loops": 1, "Sort Method": "quicksort", "Sort Space Used": 138866, "Sort Space Type": "Memory", "Shared Hit Blocks": 3758742, "Shared Read Blocks": 0, "Shared Dirtied Blocks": 0, "Shared Written Blocks": 0, "Local Hit Blocks": 0, "Local Read Blocks": 0, "Local Dirtied Blocks": 0, "Local Written Blocks": 0, "Temp Read Blocks": 0, "Temp Written Blocks": 0}], "Plans": [{"Node Type": "Hash Join", "Parent Relationship": "Outer", "Parallel Aware": false, "Join Type": "Inner", "Startup Cost": 388378.85, "Total Cost": 389894.08, "Plan Rows": 86, "Plan Width": 57, "Actual Startup Time": 12487.341, "Actual Total Time": 13392.431, "Actual Rows": 811690, "Actual Loops": 2, "Output": ["nation.n_name", "date_part('year'::text, (orders.o_orderdate)::timestamp without time zone)", "lineitem.l_extendedprice", "lineitem.l_discount", "partsupp.ps_supplycost", "lineitem.l_quantity"], "Inner Unique": false, "Hash Cond": "(supplier.s_nationkey = nation.n_nationkey)", "Shared Hit Blocks": 7516163, "Shared Read Blocks": 0, "Shared Dirtied Blocks": 0, "Shared Written Blocks": 0, "Local Hit Blocks": 0, "Local Read Blocks": 0, "Local Dirtied Blocks": 0, "Local Written Blocks": 0, "Temp Read Blocks": 0, "Temp Written Blocks": 0, "Workers": [{"Worker Number": 0, "Actual Startup Time": 12483.943, "Actual Total Time": 13398.636, "Actual Rows": 812723, "Actual Loops": 1, "Shared Hit Blocks": 3758728, "Shared Read Blocks": 0, "Shared Dirtied Blocks": 0, "Shared Written Blocks": 0, "Local Hit Blocks": 0, "Local Read Blocks": 0, "Local Dirtied Blocks": 0, "Local Written Blocks": 0, "Temp Read Blocks": 0, "Temp Written Blocks": 0}], "Plans": [{"Node Type": "Hash Join", "Parent Relationship": "Outer", "Parallel Aware": true, "Join Type": "Inner", "Startup Cost": 388377.28, "Total Cost": 389890.91, "Plan Rows": 86, "Plan Width": 31, "Actual Startup Time": 12487.195, "Actual Total Time": 12961.208, "Actual Rows": 811690, "Actual Loops": 2, "Output": ["lineitem.l_extendedprice", "lineitem.l_discount", "lineitem.l_quantity", "supplier.s_nationkey", "partsupp.ps_supplycost", "orders.o_orderdate"], "Inner Unique": false, "Hash Cond": "(supplier.s_suppkey = lineitem.l_suppkey)", "Shared Hit Blocks": 7516144, "Shared Read Blocks": 0, "Shared Dirtied Blocks": 0, "Shared Written Blocks": 0, "Local Hit Blocks": 0, "Local Read Blocks": 0, "Local Dirtied Blocks": 0, "Local Written Blocks": 0, "Temp Read Blocks": 0, "Temp Written Blocks": 0, "Workers": [{"Worker Number": 0, "Actual Startup Time": 12483.784, "Actual Total Time": 12970.155, "Actual Rows": 812723, "Actual Loops": 1, "Shared Hit Blocks": 3758713, "Shared Read Blocks": 0, "Shared Dirtied Blocks": 0, "Shared Written Blocks": 0, "Local Hit Blocks": 0, "Local Read Blocks": 0, "Local Dirtied Blocks": 0, "Local Written Blocks": 0, "Temp Read Blocks": 0, "Temp Written Blocks": 0}], "Plans": [{"Node Type": "Seq Scan", "Parent Relationship": "Outer", "Parallel Aware": true, "Relation Name": "supplier", "Schema": "public", "Alias": "supplier", "Startup Cost": 0.0, "Total Cost": 1403.12, "Plan Rows": 29412, "Plan Width": 8, "Actual Startup Time": 0.013, "Actual Total Time": 9.902, "Actual Rows": 25000, "Actual Loops": 2, "Output": ["supplier.s_suppkey", "supplier.s_name", "supplier.s_address", "supplier.s_nationkey", "supplier.s_phone", "supplier.s_acctbal", "supplier.s_comment"], "Shared Hit Blocks": 1109, "Shared Read Blocks": 0, "Shared Dirtied Blocks": 0, "Shared Written Blocks": 0, "Local Hit Blocks": 0, "Local Read Blocks": 0, "Local Dirtied Blocks": 0, "Local Written Blocks": 0, "Temp Read Blocks": 0, "Temp Written Blocks": 0, "Workers": [{"Worker Number": 0, "Actual Startup Time": 0.015, "Actual Total Time": 9.801, "Actual Rows": 24995, "Actual Loops": 1, "Shared Hit Blocks": 554, "Shared Read Blocks": 0, "Shared Dirtied Blocks": 0, "Shared Written Blocks": 0, "Local Hit Blocks": 0, "Local Read Blocks": 0, "Local Dirtied Blocks": 0, "Local Written Blocks": 0, "Temp Read Blocks": 0, "Temp Written Blocks": 0}]}, {"Node Type": "Hash", "Parent Relationship": "Inner", "Parallel Aware": true, "Startup Cost": 388376.83, "Total Cost": 388376.83, "Plan Rows": 36, "Plan Width": 35, "Actual Startup Time": 12487.119, "Actual Total Time": 12487.124, "Actual Rows": 811690, "Actual Loops": 2, "Output": ["lineitem.l_extendedprice", "lineitem.l_discount", "lineitem.l_quantity", "lineitem.l_suppkey", "partsupp.ps_supplycost", "partsupp.ps_suppkey", "orders.o_orderdate"], "Hash Buckets": 2097152, "Original Hash Buckets": 1024, "Hash Batches": 1, "Original Hash Batches": 1, "Peak Memory Usage": 147224, "Shared Hit Blocks": 7515035, "Shared Read Blocks": 0, "Shared Dirtied Blocks": 0, "Shared Written Blocks": 0, "Local Hit Blocks": 0, "Local Read Blocks": 0, "Local Dirtied Blocks": 0, "Local Written Blocks": 0, "Temp Read Blocks": 0, "Temp Written Blocks": 0, "Workers": [{"Worker Number": 0, "Actual Startup Time": 12483.711, "Actual Total Time": 12483.715, "Actual Rows": 812662, "Actual Loops": 1, "Shared Hit Blocks": 3758159, "Shared Read Blocks": 0, "Shared Dirtied Blocks": 0, "Shared Written Blocks": 0, "Local Hit Blocks": 0, "Local Read Blocks": 0, "Local Dirtied Blocks": 0, "Local Written Blocks": 0, "Temp Read Blocks": 0, "Temp Written Blocks": 0}], "Plans": [{"Node Type": "Hash Join", "Parent Relationship": "Outer", "Parallel Aware": true, "Join Type": "Inner", "Startup Cost": 232135.46, "Total Cost": 388376.83, "Plan Rows": 36, "Plan Width": 35, "Actual Startup Time": 8003.506, "Actual Total Time": 11723.669, "Actual Rows": 811690, "Actual Loops": 2, "Output": ["lineitem.l_extendedprice", "lineitem.l_discount", "lineitem.l_quantity", "lineitem.l_suppkey", "partsupp.ps_supplycost", "partsupp.ps_suppkey", "orders.o_orderdate"], "Inner Unique": false, "Hash Cond": "(orders.o_orderkey = lineitem.l_orderkey)", "Shared Hit Blocks": 7515035, "Shared Read Blocks": 0, "Shared Dirtied Blocks": 0, "Shared Written Blocks": 0, "Local Hit Blocks": 0, "Local Read Blocks": 0, "Local Dirtied Blocks": 0, "Local Written Blocks": 0, "Temp Read Blocks": 0, "Temp Written Blocks": 0, "Workers": [{"Worker Number": 0, "Actual Startup Time": 8000.115, "Actual Total Time": 11689.357, "Actual Rows": 812662, "Actual Loops": 1, "Shared Hit Blocks": 3758159, "Shared Read Blocks": 0, "Shared Dirtied Blocks": 0, "Shared Written Blocks": 0, "Local Hit Blocks": 0, "Local Read Blocks": 0, "Local Dirtied Blocks": 0, "Local Written Blocks": 0, "Temp Read Blocks": 0, "Temp Written Blocks": 0}], "Plans": [{"Node Type": "Seq Scan", "Parent Relationship": "Outer", "Parallel Aware": true, "Relation Name": "orders", "Schema": "public", "Alias": "orders", "Startup Cost": 0.0, "Total Cost": 149210.0, "Plan Rows": 1875000, "Plan Width": 8, "Actual Startup Time": 0.014, "Actual Total Time": 1271.755, "Actual Rows": 3750000, "Actual Loops": 2, "Output": ["orders.o_orderkey", "orders.o_custkey", "orders.o_orderstatus", "orders.o_totalprice", "orders.o_orderdate", "orders.o_orderpriority", "orders.o_clerk", "orders.o_shippriority", "orders.o_comment"], "Shared Hit Blocks": 130460, "Shared Read Blocks": 0, "Shared Dirtied Blocks": 0, "Shared Written Blocks": 0, "Local Hit Blocks": 0, "Local Read Blocks": 0, "Local Dirtied Blocks": 0, "Local Written Blocks": 0, "Temp Read Blocks": 0, "Temp Written Blocks": 0, "Workers": [{"Worker Number": 0, "Actual Startup Time": 0.015, "Actual Total Time": 1388.875, "Actual Rows": 3752331, "Actual Loops": 1, "Shared Hit Blocks": 65272, "Shared Read Blocks": 0, "Shared Dirtied Blocks": 0, "Shared Written Blocks": 0, "Local Hit Blocks": 0, "Local Read Blocks": 0, "Local Dirtied Blocks": 0, "Local Written Blocks": 0, "Temp Read Blocks": 0, "Temp Written Blocks": 0}]}, {"Node Type": "Hash", "Parent Relationship": "Inner", "Parallel Aware": true, "Startup Cost": 232134.88, "Total Cost": 232134.88, "Plan Rows": 47, "Plan Width": 35, "Actual Startup Time": 8003.442, "Actual Total Time": 8003.444, "Actual Rows": 811690, "Actual Loops": 2, "Output": ["lineitem.l_extendedprice", "lineitem.l_discount", "lineitem.l_quantity", "lineitem.l_suppkey", "lineitem.l_orderkey", "partsupp.ps_supplycost", "partsupp.ps_suppkey"], "Hash Buckets": 2097152, "Original Hash Buckets": 1024, "Hash Batches": 1, "Original Hash Batches": 1, "Peak Memory Usage": 147224, "Shared Hit Blocks": 7384575, "Shared Read Blocks": 0, "Shared Dirtied Blocks": 0, "Shared Written Blocks": 0, "Local Hit Blocks": 0, "Local Read Blocks": 0, "Local Dirtied Blocks": 0, "Local Written Blocks": 0, "Temp Read Blocks": 0, "Temp Written Blocks": 0, "Workers": [{"Worker Number": 0, "Actual Startup Time": 8000.029, "Actual Total Time": 8000.031, "Actual Rows": 811903, "Actual Loops": 1, "Shared Hit Blocks": 3692887, "Shared Read Blocks": 0, "Shared Dirtied Blocks": 0, "Shared Written Blocks": 0, "Local Hit Blocks": 0, "Local Read Blocks": 0, "Local Dirtied Blocks": 0, "Local Written Blocks": 0, "Temp Read Blocks": 0, "Temp Written Blocks": 0}], "Plans": [{"Node Type": "Nested Loop", "Parent Relationship": "Outer", "Parallel Aware": false, "Join Type": "Inner", "Startup Cost": 0.87, "Total Cost": 232134.88, "Plan Rows": 47, "Plan Width": 35, "Actual Startup Time": 0.13, "Actual Total Time": 7209.29, "Actual Rows": 811690, "Actual Loops": 2, "Output": ["lineitem.l_extendedprice", "lineitem.l_discount", "lineitem.l_quantity", "lineitem.l_suppkey", "lineitem.l_orderkey", "partsupp.ps_supplycost", "partsupp.ps_suppkey"], "Inner Unique": false, "Shared Hit Blocks": 7384575, "Shared Read Blocks": 0, "Shared Dirtied Blocks": 0, "Shared Written Blocks": 0, "Local Hit Blocks": 0, "Local Read Blocks": 0, "Local Dirtied Blocks": 0, "Local Written Blocks": 0, "Temp Read Blocks": 0, "Temp Written Blocks": 0, "Workers": [{"Worker Number": 0, "Actual Startup Time": 0.176, "Actual Total Time": 7213.036, "Actual Rows": 811903, "Actual Loops": 1, "Shared Hit Blocks": 3692887, "Shared Read Blocks": 0, "Shared Dirtied Blocks": 0, "Shared Written Blocks": 0, "Local Hit Blocks": 0, "Local Read Blocks": 0, "Local Dirtied Blocks": 0, "Local Written Blocks": 0, "Temp Read Blocks": 0, "Temp Written Blocks": 0}], "Plans": [{"Node Type": "Nested Loop", "Parent Relationship": "Outer", "Parallel Aware": false, "Join Type": "Inner", "Startup Cost": 0.43, "Total Cost": 104089.5, "Plan Rows": 78201, "Plan Width": 18, "Actual Startup Time": 0.076, "Actual Total Time": 1087.397, "Actual Rows": 108270, "Actual Loops": 2, "Output": ["part.p_partkey", "partsupp.ps_supplycost", "partsupp.ps_suppkey", "partsupp.ps_partkey"], "Inner Unique": false, "Shared Hit Blocks": 241586, "Shared Read Blocks": 0, "Shared Dirtied Blocks": 0, "Shared Written Blocks": 0, "Local Hit Blocks": 0, "Local Read Blocks": 0, "Local Dirtied Blocks": 0, "Local Written Blocks": 0, "Temp Read Blocks": 0, "Temp Written Blocks": 0, "Workers": [{"Worker Number": 0, "Actual Startup Time": 0.098, "Actual Total Time": 1006.958, "Actual Rows": 108196, "Actual Loops": 1, "Shared Hit Blocks": 120750, "Shared Read Blocks": 0, "Shared Dirtied Blocks": 0, "Shared Written Blocks": 0, "Local Hit Blocks": 0, "Local Read Blocks": 0, "Local Dirtied Blocks": 0, "Local Written Blocks": 0, "Temp Read Blocks": 0, "Temp Written Blocks": 0}], "Plans": [{"Node Type": "Seq Scan", "Parent Relationship": "Outer", "Parallel Aware": true, "Relation Name": "part", "Schema": "public", "Alias": "part", "Startup Cost": 0.0, "Total Cost": 24514.26, "Plan Rows": 19550, "Plan Width": 4, "Actual Startup Time": 0.022, "Actual Total Time": 325.873, "Actual Rows": 27068, "Actual Loops": 2, "Output": ["part.p_partkey", "part.p_name", "part.p_mfgr", "part.p_brand", "part.p_type", "part.p_size", "part.p_container", "part.p_retailprice", "part.p_comment"], "Filter": "((part.p_name)::text ~~ '%ivory%'::text)", "Rows Removed by Filter": 472932, "Shared Hit Blocks": 20482, "Shared Read Blocks": 0, "Shared Dirtied Blocks": 0, "Shared Written Blocks": 0, "Local Hit Blocks": 0, "Local Read Blocks": 0, "Local Dirtied Blocks": 0, "Local Written Blocks": 0, "Temp Read Blocks": 0, "Temp Written Blocks": 0, "Workers": [{"Worker Number": 0, "Actual Startup Time": 0.023, "Actual Total Time": 309.91, "Actual Rows": 27049, "Actual Loops": 1, "Shared Hit Blocks": 10257, "Shared Read Blocks": 0, "Shared Dirtied Blocks": 0, "Shared Written Blocks": 0, "Local Hit Blocks": 0, "Local Read Blocks": 0, "Local Dirtied Blocks": 0, "Local Written Blocks": 0, "Temp Read Blocks": 0, "Temp Written Blocks": 0}]}, {"Node Type": "Index Scan", "Parent Relationship": "Inner", "Parallel Aware": false, "Scan Direction": "Forward", "Index Name": "partsupp_ps_partkey_idx", "Relation Name": "partsupp", "Schema": "public", "Alias": "partsupp", "Startup Cost": 0.43, "Total Cost": 3.97, "Plan Rows": 10, "Plan Width": 14, "Actual Startup Time": 0.022, "Actual Total Time": 0.026, "Actual Rows": 4, "Actual Loops": 54135, "Output": ["partsupp.ps_partkey", "partsupp.ps_suppkey", "partsupp.ps_availqty", "partsupp.ps_supplycost", "partsupp.ps_comment"], "Index Cond": "(partsupp.ps_partkey = part.p_partkey)", "Rows Removed by Index Recheck": 0, "Shared Hit Blocks": 221104, "Shared Read Blocks": 0, "Shared Dirtied Blocks": 0, "Shared Written Blocks": 0, "Local Hit Blocks": 0, "Local Read Blocks": 0, "Local Dirtied Blocks": 0, "Local Written Blocks": 0, "Temp Read Blocks": 0, "Temp Written Blocks": 0, "Workers": [{"Worker Number": 0, "Actual Startup Time": 0.019, "Actual Total Time": 0.024, "Actual Rows": 4, "Actual Loops": 27049, "Shared Hit Blocks": 110493, "Shared Read Blocks": 0, "Shared Dirtied Blocks": 0, "Shared Written Blocks": 0, "Local Hit Blocks": 0, "Local Read Blocks": 0, "Local Dirtied Blocks": 0, "Local Written Blocks": 0, "Temp Read Blocks": 0, "Temp Written Blocks": 0}]}]}, {"Node Type": "Index Scan", "Parent Relationship": "Inner", "Parallel Aware": false, "Scan Direction": "Forward", "Index Name": "lineitem_l_partkey_idx", "Relation Name": "lineitem", "Schema": "public", "Alias": "lineitem", "Startup Cost": 0.44, "Total Cost": 1.63, "Plan Rows": 1, "Plan Width": 29, "Actual Startup Time": 0.012, "Actual Total Time": 0.054, "Actual Rows": 7, "Actual Loops": 216540, "Output": ["lineitem.l_orderkey", "lineitem.l_partkey", "lineitem.l_suppkey", "lineitem.l_linenumber", "lineitem.l_quantity", "lineitem.l_extendedprice", "lineitem.l_discount", "lineitem.l_tax", "lineitem.l_returnflag", "lineitem.l_linestatus", "lineitem.l_shipdate", "lineitem.l_commitdate", "lineitem.l_receiptdate", "lineitem.l_shipinstruct", "lineitem.l_shipmode", "lineitem.l_comment"], "Index Cond": "(lineitem.l_partkey = partsupp.ps_partkey)", "Rows Removed by Index Recheck": 0, "Filter": "(partsupp.ps_suppkey = lineitem.l_suppkey)", "Rows Removed by Filter": 22, "Shared Hit Blocks": 7142989, "Shared Read Blocks": 0, "Shared Dirtied Blocks": 0, "Shared Written Blocks": 0, "Local Hit Blocks": 0, "Local Read Blocks": 0, "Local Dirtied Blocks": 0, "Local Written Blocks": 0, "Temp Read Blocks": 0, "Temp Written Blocks": 0, "Workers": [{"Worker Number": 0, "Actual Startup Time": 0.012, "Actual Total Time": 0.054, "Actual Rows": 8, "Actual Loops": 108196, "Shared Hit Blocks": 3572137, "Shared Read Blocks": 0, "Shared Dirtied Blocks": 0, "Shared Written Blocks": 0, "Local Hit Blocks": 0, "Local Read Blocks": 0, "Local Dirtied Blocks": 0, "Local Written Blocks": 0, "Temp Read Blocks": 0, "Temp Written Blocks": 0}]}]}]}]}]}]}, {"Node Type": "Hash", "Parent Relationship": "Inner", "Parallel Aware": false, "Startup Cost": 1.25, "Total Cost": 1.25, "Plan Rows": 25, "Plan Width": 30, "Actual Startup Time": 0.065, "Actual Total Time": 0.065, "Actual Rows": 25, "Actual Loops": 2, "Output": ["nation.n_name", "nation.n_nationkey"], "Hash Buckets": 1024, "Original Hash Buckets": 1024, "Hash Batches": 1, "Original Hash Batches": 1, "Peak Memory Usage": 10, "Shared Hit Blocks": 2, "Shared Read Blocks": 0, "Shared Dirtied Blocks": 0, "Shared Written Blocks": 0, "Local Hit Blocks": 0, "Local Read Blocks": 0, "Local Dirtied Blocks": 0, "Local Written Blocks": 0, "Temp Read Blocks": 0, "Temp Written Blocks": 0, "Workers": [{"Worker Number": 0, "Actual Startup Time": 0.079, "Actual Total Time": 0.079, "Actual Rows": 25, "Actual Loops": 1, "Shared Hit Blocks": 1, "Shared Read Blocks": 0, "Shared Dirtied Blocks": 0, "Shared Written Blocks": 0, "Local Hit Blocks": 0, "Local Read Blocks": 0, "Local Dirtied Blocks": 0, "Local Written Blocks": 0, "Temp Read Blocks": 0, "Temp Written Blocks": 0}], "Plans": [{"Node Type": "Seq Scan", "Parent Relationship": "Outer", "Parallel Aware": false, "Relation Name": "nation", "Schema": "public", "Alias": "nation", "Startup Cost": 0.0, "Total Cost": 1.25, "Plan Rows": 25, "Plan Width": 30, "Actual Startup Time": 0.042, "Actual Total Time": 0.045, "Actual Rows": 25, "Actual Loops": 2, "Output": ["nation.n_name", "nation.n_nationkey"], "Shared Hit Blocks": 2, "Shared Read Blocks": 0, "Shared Dirtied Blocks": 0, "Shared Written Blocks": 0, "Local Hit Blocks": 0, "Local Read Blocks": 0, "Local Dirtied Blocks": 0, "Local Written Blocks": 0, "Temp Read Blocks": 0, "Temp Written Blocks": 0, "Workers": [{"Worker Number": 0, "Actual Startup Time": 0.063, "Actual Total Time": 0.066, "Actual Rows": 25, "Actual Loops": 1, "Shared Hit Blocks": 1, "Shared Read Blocks": 0, "Shared Dirtied Blocks": 0, "Shared Written Blocks": 0, "Local Hit Blocks": 0, "Local Read Blocks": 0, "Local Dirtied Blocks": 0, "Local Written Blocks": 0, "Temp Read Blocks": 0, "Temp Written Blocks": 0}]}]}]}]}]}]}]}