{"Node Type": "Aggregate", "Strategy": "Sorted", "Partial Mode": "Finalize", "Parallel Aware": false, "Startup Cost": 952532.58, "Total Cost": 952536.64, "Plan Rows": 6, "Plan Width": 236, "Actual Startup Time": 14212.658, "Actual Total Time": 14299.231, "Actual Rows": 4, "Actual Loops": 1, "Output": ["l_returnflag", "l_linestatus", "sum(l_quantity)", "sum(l_extendedprice)", "sum((l_extendedprice * ('1'::numeric - l_discount)))", "sum(((l_extendedprice * ('1'::numeric - l_discount)) * ('1'::numeric + l_tax)))", "avg(l_quantity)", "avg(l_extendedprice)", "avg(l_discount)", "count(*)"], "Group Key": ["lineitem.l_returnflag", "lineitem.l_linestatus"], "Shared Hit Blocks": 562423, "Shared Read Blocks": 0, "Shared Dirtied Blocks": 0, "Shared Written Blocks": 0, "Local Hit Blocks": 0, "Local Read Blocks": 0, "Local Dirtied Blocks": 0, "Local Written Blocks": 0, "Temp Read Blocks": 0, "Temp Written Blocks": 0, "Plans": [{"Node Type": "Gather Merge", "Parent Relationship": "Outer", "Parallel Aware": false, "Startup Cost": 952532.58, "Total Cost": 952535.46, "Plan Rows": 24, "Plan Width": 236, "Actual Startup Time": 14212.537, "Actual Total Time": 14299.009, "Actual Rows": 20, "Actual Loops": 1, "Output": ["l_returnflag", "l_linestatus", "(PARTIAL sum(l_quantity))", "(PARTIAL sum(l_extendedprice))", "(PARTIAL sum((l_extendedprice * ('1'::numeric - l_discount))))", "(PARTIAL sum(((l_extendedprice * ('1'::numeric - l_discount)) * ('1'::numeric + l_tax))))", "(PARTIAL avg(l_quantity))", "(PARTIAL avg(l_extendedprice))", "(PARTIAL avg(l_discount))", "(PARTIAL count(*))"], "Workers Planned": 4, "Workers Launched": 4, "Shared Hit Blocks": 562423, "Shared Read Blocks": 0, "Shared Dirtied Blocks": 0, "Shared Written Blocks": 0, "Local Hit Blocks": 0, "Local Read Blocks": 0, "Local Dirtied Blocks": 0, "Local Written Blocks": 0, "Temp Read Blocks": 0, "Temp Written Blocks": 0, "Plans": [{"Node Type": "Sort", "Parent Relationship": "Outer", "Parallel Aware": false, "Startup Cost": 951532.53, "Total Cost": 951532.54, "Plan Rows": 6, "Plan Width": 236, "Actual Startup Time": 14204.515, "Actual Total Time": 14204.517, "Actual Rows": 4, "Actual Loops": 5, "Output": ["l_returnflag", "l_linestatus", "(PARTIAL sum(l_quantity))", "(PARTIAL sum(l_extendedprice))", "(PARTIAL sum((l_extendedprice * ('1'::numeric - l_discount))))", "(PARTIAL sum(((l_extendedprice * ('1'::numeric - l_discount)) * ('1'::numeric + l_tax))))", "(PARTIAL avg(l_quantity))", "(PARTIAL avg(l_extendedprice))", "(PARTIAL avg(l_discount))", "(PARTIAL count(*))"], "Sort Key": ["lineitem.l_returnflag", "lineitem.l_linestatus"], "Sort Method": "quicksort", "Sort Space Used": 27, "Sort Space Type": "Memory", "Shared Hit Blocks": 562423, "Shared Read Blocks": 0, "Shared Dirtied Blocks": 0, "Shared Written Blocks": 0, "Local Hit Blocks": 0, "Local Read Blocks": 0, "Local Dirtied Blocks": 0, "Local Written Blocks": 0, "Temp Read Blocks": 0, "Temp Written Blocks": 0, "Workers": [{"Worker Number": 0, "Actual Startup Time": 14202.494, "Actual Total Time": 14202.496, "Actual Rows": 4, "Actual Loops": 1, "Sort Method": "quicksort", "Sort Space Used": 27, "Sort Space Type": "Memory", "Shared Hit Blocks": 112194, "Shared Read Blocks": 0, "Shared Dirtied Blocks": 0, "Shared Written Blocks": 0, "Local Hit Blocks": 0, "Local Read Blocks": 0, "Local Dirtied Blocks": 0, "Local Written Blocks": 0, "Temp Read Blocks": 0, "Temp Written Blocks": 0}, {"Worker Number": 1, "Actual Startup Time": 14202.896, "Actual Total Time": 14202.898, "Actual Rows": 4, "Actual Loops": 1, "Sort Method": "quicksort", "Sort Space Used": 27, "Sort Space Type": "Memory", "Shared Hit Blocks": 112422, "Shared Read Blocks": 0, "Shared Dirtied Blocks": 0, "Shared Written Blocks": 0, "Local Hit Blocks": 0, "Local Read Blocks": 0, "Local Dirtied Blocks": 0, "Local Written Blocks": 0, "Temp Read Blocks": 0, "Temp Written Blocks": 0}, {"Worker Number": 2, "Actual Startup Time": 14202.593, "Actual Total Time": 14202.595, "Actual Rows": 4, "Actual Loops": 1, "Sort Method": "quicksort", "Sort Space Used": 27, "Sort Space Type": "Memory", "Shared Hit Blocks": 112726, "Shared Read Blocks": 0, "Shared Dirtied Blocks": 0, "Shared Written Blocks": 0, "Local Hit Blocks": 0, "Local Read Blocks": 0, "Local Dirtied Blocks": 0, "Local Written Blocks": 0, "Temp Read Blocks": 0, "Temp Written Blocks": 0}, {"Worker Number": 3, "Actual Startup Time": 14202.766, "Actual Total Time": 14202.768, "Actual Rows": 4, "Actual Loops": 1, "Sort Method": "quicksort", "Sort Space Used": 27, "Sort Space Type": "Memory", "Shared Hit Blocks": 112463, "Shared Read Blocks": 0, "Shared Dirtied Blocks": 0, "Shared Written Blocks": 0, "Local Hit Blocks": 0, "Local Read Blocks": 0, "Local Dirtied Blocks": 0, "Local Written Blocks": 0, "Temp Read Blocks": 0, "Temp Written Blocks": 0}], "Plans": [{"Node Type": "Aggregate", "Strategy": "Hashed", "Partial Mode": "Partial", "Parent Relationship": "Outer", "Parallel Aware": false, "Startup Cost": 951532.28, "Total Cost": 951532.45, "Plan Rows": 6, "Plan Width": 236, "Actual Startup Time": 14204.434, "Actual Total Time": 14204.447, "Actual Rows": 4, "Actual Loops": 5, "Output": ["l_returnflag", "l_linestatus", "PARTIAL sum(l_quantity)", "PARTIAL sum(l_extendedprice)", "PARTIAL sum((l_extendedprice * ('1'::numeric - l_discount)))", "PARTIAL sum(((l_extendedprice * ('1'::numeric - l_discount)) * ('1'::numeric + l_tax)))", "PARTIAL avg(l_quantity)", "PARTIAL avg(l_extendedprice)", "PARTIAL avg(l_discount)", "PARTIAL count(*)"], "Group Key": ["lineitem.l_returnflag", "lineitem.l_linestatus"], "Planned Partitions": 0, "HashAgg Batches": 1, "Peak Memory Usage": 24, "Disk Usage": 0, "Shared Hit Blocks": 562395, "Shared Read Blocks": 0, "Shared Dirtied Blocks": 0, "Shared Written Blocks": 0, "Local Hit Blocks": 0, "Local Read Blocks": 0, "Local Dirtied Blocks": 0, "Local Written Blocks": 0, "Temp Read Blocks": 0, "Temp Written Blocks": 0, "Workers": [{"Worker Number": 0, "Actual Startup Time": 14202.425, "Actual Total Time": 14202.439, "Actual Rows": 4, "Actual Loops": 1, "HashAgg Batches": 1, "Peak Memory Usage": 24, "Disk Usage": 0, "Shared Hit Blocks": 112187, "Shared Read Blocks": 0, "Shared Dirtied Blocks": 0, "Shared Written Blocks": 0, "Local Hit Blocks": 0, "Local Read Blocks": 0, "Local Dirtied Blocks": 0, "Local Written Blocks": 0, "Temp Read Blocks": 0, "Temp Written Blocks": 0}, {"Worker Number": 1, "Actual Startup Time": 14202.816, "Actual Total Time": 14202.833, "Actual Rows": 4, "Actual Loops": 1, "HashAgg Batches": 1, "Peak Memory Usage": 24, "Disk Usage": 0, "Shared Hit Blocks": 112415, "Shared Read Blocks": 0, "Shared Dirtied Blocks": 0, "Shared Written Blocks": 0, "Local Hit Blocks": 0, "Local Read Blocks": 0, "Local Dirtied Blocks": 0, "Local Written Blocks": 0, "Temp Read Blocks": 0, "Temp Written Blocks": 0}, {"Worker Number": 2, "Actual Startup Time": 14202.463, "Actual Total Time": 14202.476, "Actual Rows": 4, "Actual Loops": 1, "HashAgg Batches": 1, "Peak Memory Usage": 24, "Disk Usage": 0, "Shared Hit Blocks": 112719, "Shared Read Blocks": 0, "Shared Dirtied Blocks": 0, "Shared Written Blocks": 0, "Local Hit Blocks": 0, "Local Read Blocks": 0, "Local Dirtied Blocks": 0, "Local Written Blocks": 0, "Temp Read Blocks": 0, "Temp Written Blocks": 0}, {"Worker Number": 3, "Actual Startup Time": 14202.687, "Actual Total Time": 14202.701, "Actual Rows": 4, "Actual Loops": 1, "HashAgg Batches": 1, "Peak Memory Usage": 24, "Disk Usage": 0, "Shared Hit Blocks": 112456, "Shared Read Blocks": 0, "Shared Dirtied Blocks": 0, "Shared Written Blocks": 0, "Local Hit Blocks": 0, "Local Read Blocks": 0, "Local Dirtied Blocks": 0, "Local Written Blocks": 0, "Temp Read Blocks": 0, "Temp Written Blocks": 0}], "Plans": [{"Node Type": "Seq Scan", "Parent Relationship": "Outer", "Parallel Aware": true, "Relation Name": "lineitem", "Schema": "public", "Alias": "lineitem", "Startup Cost": 0.0, "Total Cost": 656144.36, "Plan Rows": 7384698, "Plan Width": 25, "Actual Startup Time": 0.028, "Actual Total Time": 3471.752, "Actual Rows": 5907938, "Actual Loops": 5, "Output": ["l_orderkey", "l_partkey", "l_suppkey", "l_linenumber", "l_quantity", "l_extendedprice", "l_discount", "l_tax", "l_returnflag", "l_linestatus", "l_shipdate", "l_commitdate", "l_receiptdate", "l_shipinstruct", "l_shipmode", "l_comment"], "Filter": "(lineitem.l_shipdate <= '1998-08-29 00:00:00'::timestamp without time zone)", "Rows Removed by Filter": 92021, "Shared Hit Blocks": 562395, "Shared Read Blocks": 0, "Shared Dirtied Blocks": 0, "Shared Written Blocks": 0, "Local Hit Blocks": 0, "Local Read Blocks": 0, "Local Dirtied Blocks": 0, "Local Written Blocks": 0, "Temp Read Blocks": 0, "Temp Written Blocks": 0, "Workers": [{"Worker Number": 0, "Actual Startup Time": 0.024, "Actual Total Time": 3243.438, "Actual Rows": 5892656, "Actual Loops": 1, "Shared Hit Blocks": 112187, "Shared Read Blocks": 0, "Shared Dirtied Blocks": 0, "Shared Written Blocks": 0, "Local Hit Blocks": 0, "Local Read Blocks": 0, "Local Dirtied Blocks": 0, "Local Written Blocks": 0, "Temp Read Blocks": 0, "Temp Written Blocks": 0}, {"Worker Number": 1, "Actual Startup Time": 0.041, "Actual Total Time": 3366.361, "Actual Rows": 5905017, "Actual Loops": 1, "Shared Hit Blocks": 112415, "Shared Read Blocks": 0, "Shared Dirtied Blocks": 0, "Shared Written Blocks": 0, "Local Hit Blocks": 0, "Local Read Blocks": 0, "Local Dirtied Blocks": 0, "Local Written Blocks": 0, "Temp Read Blocks": 0, "Temp Written Blocks": 0}, {"Worker Number": 2, "Actual Startup Time": 0.027, "Actual Total Time": 3529.456, "Actual Rows": 5920528, "Actual Loops": 1, "Shared Hit Blocks": 112719, "Shared Read Blocks": 0, "Shared Dirtied Blocks": 0, "Shared Written Blocks": 0, "Local Hit Blocks": 0, "Local Read Blocks": 0, "Local Dirtied Blocks": 0, "Local Written Blocks": 0, "Temp Read Blocks": 0, "Temp Written Blocks": 0}, {"Worker Number": 3, "Actual Startup Time": 0.023, "Actual Total Time": 3705.428, "Actual Rows": 5907118, "Actual Loops": 1, "Shared Hit Blocks": 112456, "Shared Read Blocks": 0, "Shared Dirtied Blocks": 0, "Shared Written Blocks": 0, "Local Hit Blocks": 0, "Local Read Blocks": 0, "Local Dirtied Blocks": 0, "Local Written Blocks": 0, "Temp Read Blocks": 0, "Temp Written Blocks": 0}]}]}]}]}]}