{"Node Type": "Limit", "Parallel Aware": false, "Startup Cost": 1215482.39, "Total Cost": 1215558.76, "Plan Rows": 100, "Plan Width": 71, "Actual Startup Time": 60344.464, "Actual Total Time": 61534.023, "Actual Rows": 48, "Actual Loops": 1, "Output": ["customer.c_name", "customer.c_custkey", "orders.o_orderkey", "orders.o_orderdate", "orders.o_totalprice", "(sum(lineitem.l_quantity))"], "Shared Hit Blocks": 2960678, "Shared Read Blocks": 0, "Shared Dirtied Blocks": 0, "Shared Written Blocks": 0, "Local Hit Blocks": 0, "Local Read Blocks": 0, "Local Dirtied Blocks": 0, "Local Written Blocks": 0, "Temp Read Blocks": 536445, "Temp Written Blocks": 937315, "Plans": [{"Node Type": "Aggregate", "Strategy": "Sorted", "Partial Mode": "Simple", "Parent Relationship": "Outer", "Parallel Aware": false, "Startup Cost": 1215482.39, "Total Cost": 1623367.0, "Plan Rows": 534048, "Plan Width": 71, "Actual Startup Time": 60344.461, "Actual Total Time": 61534.011, "Actual Rows": 48, "Actual Loops": 1, "Output": ["customer.c_name", "customer.c_custkey", "orders.o_orderkey", "orders.o_orderdate", "orders.o_totalprice", "sum(lineitem.l_quantity)"], "Group Key": ["orders.o_totalprice", "orders.o_orderdate", "customer.c_name", "customer.c_custkey", "orders.o_orderkey"], "Shared Hit Blocks": 2960678, "Shared Read Blocks": 0, "Shared Dirtied Blocks": 0, "Shared Written Blocks": 0, "Local Hit Blocks": 0, "Local Read Blocks": 0, "Local Dirtied Blocks": 0, "Local Written Blocks": 0, "Temp Read Blocks": 536445, "Temp Written Blocks": 937315, "Plans": [{"Node Type": "Nested Loop", "Parent Relationship": "Outer", "Parallel Aware": false, "Join Type": "Inner", "Startup Cost": 1215482.39, "Total Cost": 1608680.68, "Plan Rows": 534048, "Plan Width": 44, "Actual Startup Time": 60344.417, "Actual Total Time": 61533.815, "Actual Rows": 336, "Actual Loops": 1, "Output": ["customer.c_name", "customer.c_custkey", "orders.o_orderkey", "orders.o_orderdate", "orders.o_totalprice", "lineitem.l_quantity"], "Inner Unique": false, "Shared Hit Blocks": 2960678, "Shared Read Blocks": 0, "Shared Dirtied Blocks": 0, "Shared Written Blocks": 0, "Local Hit Blocks": 0, "Local Read Blocks": 0, "Local Dirtied Blocks": 0, "Local Written Blocks": 0, "Temp Read Blocks": 536445, "Temp Written Blocks": 937315, "Plans": [{"Node Type": "Gather Merge", "Parent Relationship": "Outer", "Parallel Aware": false, "Startup Cost": 1215481.95, "Total Cost": 1231468.08, "Plan Rows": 133513, "Plan Width": 43, "Actual Startup Time": 60344.378, "Actual Total Time": 61532.997, "Actual Rows": 48, "Actual Loops": 1, "Output": ["customer.c_name", "customer.c_custkey", "orders.o_orderkey", "orders.o_orderdate", "orders.o_totalprice", "lineitem_1.l_orderkey"], "Workers Planned": 4, "Workers Launched": 4, "Shared Hit Blocks": 2960478, "Shared Read Blocks": 0, "Shared Dirtied Blocks": 0, "Shared Written Blocks": 0, "Local Hit Blocks": 0, "Local Read Blocks": 0, "Local Dirtied Blocks": 0, "Local Written Blocks": 0, "Temp Read Blocks": 536445, "Temp Written Blocks": 937315, "Plans": [{"Node Type": "Sort", "Parent Relationship": "Outer", "Parallel Aware": false, "Startup Cost": 1214481.89, "Total Cost": 1214565.34, "Plan Rows": 33378, "Plan Width": 43, "Actual Startup Time": 60330.953, "Actual Total Time": 60330.97, "Actual Rows": 10, "Actual Loops": 5, "Output": ["customer.c_name", "customer.c_custkey", "orders.o_orderkey", "orders.o_orderdate", "orders.o_totalprice", "lineitem_1.l_orderkey"], "Sort Key": ["orders.o_totalprice DESC", "orders.o_orderdate", "customer.c_name", "customer.c_custkey", "orders.o_orderkey"], "Sort Method": "quicksort", "Sort Space Used": 25, "Sort Space Type": "Memory", "Shared Hit Blocks": 2960478, "Shared Read Blocks": 0, "Shared Dirtied Blocks": 0, "Shared Written Blocks": 0, "Local Hit Blocks": 0, "Local Read Blocks": 0, "Local Dirtied Blocks": 0, "Local Written Blocks": 0, "Temp Read Blocks": 536445, "Temp Written Blocks": 937315, "Workers": [{"Worker Number": 0, "Actual Startup Time": 60327.15, "Actual Total Time": 60327.155, "Actual Rows": 9, "Actual Loops": 1, "Sort Method": "quicksort", "Sort Space Used": 25, "Sort Space Type": "Memory", "Shared Hit Blocks": 592343, "Shared Read Blocks": 0, "Shared Dirtied Blocks": 0, "Shared Written Blocks": 0, "Local Hit Blocks": 0, "Local Read Blocks": 0, "Local Dirtied Blocks": 0, "Local Written Blocks": 0, "Temp Read Blocks": 107289, "Temp Written Blocks": 187463}, {"Worker Number": 1, "Actual Startup Time": 60327.198, "Actual Total Time": 60327.215, "Actual Rows": 7, "Actual Loops": 1, "Sort Method": "quicksort", "Sort Space Used": 25, "Sort Space Type": "Memory", "Shared Hit Blocks": 588985, "Shared Read Blocks": 0, "Shared Dirtied Blocks": 0, "Shared Written Blocks": 0, "Local Hit Blocks": 0, "Local Read Blocks": 0, "Local Dirtied Blocks": 0, "Local Written Blocks": 0, "Temp Read Blocks": 107289, "Temp Written Blocks": 187463}, {"Worker Number": 2, "Actual Startup Time": 60327.867, "Actual Total Time": 60327.906, "Actual Rows": 11, "Actual Loops": 1, "Sort Method": "quicksort", "Sort Space Used": 25, "Sort Space Type": "Memory", "Shared Hit Blocks": 596965, "Shared Read Blocks": 0, "Shared Dirtied Blocks": 0, "Shared Written Blocks": 0, "Local Hit Blocks": 0, "Local Read Blocks": 0, "Local Dirtied Blocks": 0, "Local Written Blocks": 0, "Temp Read Blocks": 107289, "Temp Written Blocks": 187463}, {"Worker Number": 3, "Actual Startup Time": 60330.634, "Actual Total Time": 60330.65, "Actual Rows": 9, "Actual Loops": 1, "Sort Method": "quicksort", "Sort Space Used": 25, "Sort Space Type": "Memory", "Shared Hit Blocks": 585332, "Shared Read Blocks": 0, "Shared Dirtied Blocks": 0, "Shared Written Blocks": 0, "Local Hit Blocks": 0, "Local Read Blocks": 0, "Local Dirtied Blocks": 0, "Local Written Blocks": 0, "Temp Read Blocks": 107289, "Temp Written Blocks": 187463}], "Plans": [{"Node Type": "Hash Join", "Parent Relationship": "Outer", "Parallel Aware": false, "Join Type": "Inner", "Startup Cost": 1044762.59, "Total Cost": 1211974.1, "Plan Rows": 33378, "Plan Width": 43, "Actual Startup Time": 58015.296, "Actual Total Time": 60330.807, "Actual Rows": 10, "Actual Loops": 5, "Output": ["customer.c_name", "customer.c_custkey", "orders.o_orderkey", "orders.o_orderdate", "orders.o_totalprice", "lineitem_1.l_orderkey"], "Inner Unique": true, "Hash Cond": "(orders.o_orderkey = lineitem_1.l_orderkey)", "Shared Hit Blocks": 2960362, "Shared Read Blocks": 0, "Shared Dirtied Blocks": 0, "Shared Written Blocks": 0, "Local Hit Blocks": 0, "Local Read Blocks": 0, "Local Dirtied Blocks": 0, "Local Written Blocks": 0, "Temp Read Blocks": 536445, "Temp Written Blocks": 937315, "Workers": [{"Worker Number": 0, "Actual Startup Time": 57969.885, "Actual Total Time": 60326.983, "Actual Rows": 9, "Actual Loops": 1, "Shared Hit Blocks": 592314, "Shared Read Blocks": 0, "Shared Dirtied Blocks": 0, "Shared Written Blocks": 0, "Local Hit Blocks": 0, "Local Read Blocks": 0, "Local Dirtied Blocks": 0, "Local Written Blocks": 0, "Temp Read Blocks": 107289, "Temp Written Blocks": 187463}, {"Worker Number": 1, "Actual Startup Time": 58186.183, "Actual Total Time": 60327.071, "Actual Rows": 7, "Actual Loops": 1, "Shared Hit Blocks": 588956, "Shared Read Blocks": 0, "Shared Dirtied Blocks": 0, "Shared Written Blocks": 0, "Local Hit Blocks": 0, "Local Read Blocks": 0, "Local Dirtied Blocks": 0, "Local Written Blocks": 0, "Temp Read Blocks": 107289, "Temp Written Blocks": 187463}, {"Worker Number": 2, "Actual Startup Time": 57679.291, "Actual Total Time": 60327.728, "Actual Rows": 11, "Actual Loops": 1, "Shared Hit Blocks": 596936, "Shared Read Blocks": 0, "Shared Dirtied Blocks": 0, "Shared Written Blocks": 0, "Local Hit Blocks": 0, "Local Read Blocks": 0, "Local Dirtied Blocks": 0, "Local Written Blocks": 0, "Temp Read Blocks": 107289, "Temp Written Blocks": 187463}, {"Worker Number": 3, "Actual Startup Time": 58495.564, "Actual Total Time": 60330.42, "Actual Rows": 9, "Actual Loops": 1, "Shared Hit Blocks": 585303, "Shared Read Blocks": 0, "Shared Dirtied Blocks": 0, "Shared Written Blocks": 0, "Local Hit Blocks": 0, "Local Read Blocks": 0, "Local Dirtied Blocks": 0, "Local Written Blocks": 0, "Temp Read Blocks": 107289, "Temp Written Blocks": 187463}], "Plans": [{"Node Type": "Hash Join", "Parent Relationship": "Outer", "Parallel Aware": true, "Join Type": "Inner", "Startup Cost": 23358.54, "Total Cost": 185648.17, "Plan Rows": 1875000, "Plan Width": 39, "Actual Startup Time": 197.611, "Actual Total Time": 2196.39, "Actual Rows": 1500000, "Actual Loops": 5, "Output": ["customer.c_name", "customer.c_custkey", "orders.o_orderkey", "orders.o_orderdate", "orders.o_totalprice"], "Inner Unique": false, "Hash Cond": "(orders.o_custkey = customer.c_custkey)", "Shared Hit Blocks": 148387, "Shared Read Blocks": 0, "Shared Dirtied Blocks": 0, "Shared Written Blocks": 0, "Local Hit Blocks": 0, "Local Read Blocks": 0, "Local Dirtied Blocks": 0, "Local Written Blocks": 0, "Temp Read Blocks": 0, "Temp Written Blocks": 0, "Workers": [{"Worker Number": 0, "Actual Startup Time": 194.144, "Actual Total Time": 2246.726, "Actual Rows": 1518494, "Actual Loops": 1, "Shared Hit Blocks": 29919, "Shared Read Blocks": 0, "Shared Dirtied Blocks": 0, "Shared Written Blocks": 0, "Local Hit Blocks": 0, "Local Read Blocks": 0, "Local Dirtied Blocks": 0, "Local Written Blocks": 0, "Temp Read Blocks": 0, "Temp Written Blocks": 0}, {"Worker Number": 1, "Actual Startup Time": 194.207, "Actual Total Time": 1916.935, "Actual Rows": 1329913, "Actual Loops": 1, "Shared Hit Blocks": 26561, "Shared Read Blocks": 0, "Shared Dirtied Blocks": 0, "Shared Written Blocks": 0, "Local Hit Blocks": 0, "Local Read Blocks": 0, "Local Dirtied Blocks": 0, "Local Written Blocks": 0, "Temp Read Blocks": 0, "Temp Written Blocks": 0}, {"Worker Number": 2, "Actual Startup Time": 194.884, "Actual Total Time": 2637.887, "Actual Rows": 1782832, "Actual Loops": 1, "Shared Hit Blocks": 34541, "Shared Read Blocks": 0, "Shared Dirtied Blocks": 0, "Shared Written Blocks": 0, "Local Hit Blocks": 0, "Local Read Blocks": 0, "Local Dirtied Blocks": 0, "Local Written Blocks": 0, "Temp Read Blocks": 0, "Temp Written Blocks": 0}, {"Worker Number": 3, "Actual Startup Time": 195.786, "Actual Total Time": 1659.103, "Actual Rows": 1112663, "Actual Loops": 1, "Shared Hit Blocks": 22908, "Shared Read Blocks": 0, "Shared Dirtied Blocks": 0, "Shared Written Blocks": 0, "Local Hit Blocks": 0, "Local Read Blocks": 0, "Local Dirtied Blocks": 0, "Local Written Blocks": 0, "Temp Read Blocks": 0, "Temp Written Blocks": 0}], "Plans": [{"Node Type": "Seq Scan", "Parent Relationship": "Outer", "Parallel Aware": true, "Relation Name": "orders", "Schema": "public", "Alias": "orders", "Startup Cost": 0.0, "Total Cost": 149210.0, "Plan Rows": 1875000, "Plan Width": 20, "Actual Startup Time": 0.021, "Actual Total Time": 508.755, "Actual Rows": 1500000, "Actual Loops": 5, "Output": ["orders.o_orderkey", "orders.o_custkey", "orders.o_orderstatus", "orders.o_totalprice", "orders.o_orderdate", "orders.o_orderpriority", "orders.o_clerk", "orders.o_shippriority", "orders.o_comment"], "Shared Hit Blocks": 130460, "Shared Read Blocks": 0, "Shared Dirtied Blocks": 0, "Shared Written Blocks": 0, "Local Hit Blocks": 0, "Local Read Blocks": 0, "Local Dirtied Blocks": 0, "Local Written Blocks": 0, "Temp Read Blocks": 0, "Temp Written Blocks": 0, "Workers": [{"Worker Number": 0, "Actual Startup Time": 0.016, "Actual Total Time": 476.052, "Actual Rows": 1518494, "Actual Loops": 1, "Shared Hit Blocks": 26412, "Shared Read Blocks": 0, "Shared Dirtied Blocks": 0, "Shared Written Blocks": 0, "Local Hit Blocks": 0, "Local Read Blocks": 0, "Local Dirtied Blocks": 0, "Local Written Blocks": 0, "Temp Read Blocks": 0, "Temp Written Blocks": 0}, {"Worker Number": 1, "Actual Startup Time": 0.019, "Actual Total Time": 443.933, "Actual Rows": 1329913, "Actual Loops": 1, "Shared Hit Blocks": 23136, "Shared Read Blocks": 0, "Shared Dirtied Blocks": 0, "Shared Written Blocks": 0, "Local Hit Blocks": 0, "Local Read Blocks": 0, "Local Dirtied Blocks": 0, "Local Written Blocks": 0, "Temp Read Blocks": 0, "Temp Written Blocks": 0}, {"Worker Number": 2, "Actual Startup Time": 0.015, "Actual Total Time": 649.158, "Actual Rows": 1782832, "Actual Loops": 1, "Shared Hit Blocks": 31010, "Shared Read Blocks": 0, "Shared Dirtied Blocks": 0, "Shared Written Blocks": 0, "Local Hit Blocks": 0, "Local Read Blocks": 0, "Local Dirtied Blocks": 0, "Local Written Blocks": 0, "Temp Read Blocks": 0, "Temp Written Blocks": 0}, {"Worker Number": 3, "Actual Startup Time": 0.019, "Actual Total Time": 361.362, "Actual Rows": 1112663, "Actual Loops": 1, "Shared Hit Blocks": 19354, "Shared Read Blocks": 0, "Shared Dirtied Blocks": 0, "Shared Written Blocks": 0, "Local Hit Blocks": 0, "Local Read Blocks": 0, "Local Dirtied Blocks": 0, "Local Written Blocks": 0, "Temp Read Blocks": 0, "Temp Written Blocks": 0}]}, {"Node Type": "Hash", "Parent Relationship": "Inner", "Parallel Aware": true, "Startup Cost": 20334.35, "Total Cost": 20334.35, "Plan Rows": 241935, "Plan Width": 23, "Actual Startup Time": 196.667, "Actual Total Time": 196.668, "Actual Rows": 150000, "Actual Loops": 5, "Output": ["customer.c_name", "customer.c_custkey"], "Hash Buckets": 1048576, "Original Hash Buckets": 1048576, "Hash Batches": 1, "Original Hash Batches": 1, "Peak Memory Usage": 49376, "Shared Hit Blocks": 17915, "Shared Read Blocks": 0, "Shared Dirtied Blocks": 0, "Shared Written Blocks": 0, "Local Hit Blocks": 0, "Local Read Blocks": 0, "Local Dirtied Blocks": 0, "Local Written Blocks": 0, "Temp Read Blocks": 0, "Temp Written Blocks": 0, "Workers": [{"Worker Number": 0, "Actual Startup Time": 194.024, "Actual Total Time": 194.025, "Actual Rows": 146646, "Actual Loops": 1, "Shared Hit Blocks": 3504, "Shared Read Blocks": 0, "Shared Dirtied Blocks": 0, "Shared Written Blocks": 0, "Local Hit Blocks": 0, "Local Read Blocks": 0, "Local Dirtied Blocks": 0, "Local Written Blocks": 0, "Temp Read Blocks": 0, "Temp Written Blocks": 0}, {"Worker Number": 1, "Actual Startup Time": 194.08, "Actual Total Time": 194.08, "Actual Rows": 143273, "Actual Loops": 1, "Shared Hit Blocks": 3422, "Shared Read Blocks": 0, "Shared Dirtied Blocks": 0, "Shared Written Blocks": 0, "Local Hit Blocks": 0, "Local Read Blocks": 0, "Local Dirtied Blocks": 0, "Local Written Blocks": 0, "Temp Read Blocks": 0, "Temp Written Blocks": 0}, {"Worker Number": 2, "Actual Startup Time": 194.762, "Actual Total Time": 194.762, "Actual Rows": 147749, "Actual Loops": 1, "Shared Hit Blocks": 3528, "Shared Read Blocks": 0, "Shared Dirtied Blocks": 0, "Shared Written Blocks": 0, "Local Hit Blocks": 0, "Local Read Blocks": 0, "Local Dirtied Blocks": 0, "Local Written Blocks": 0, "Temp Read Blocks": 0, "Temp Written Blocks": 0}, {"Worker Number": 3, "Actual Startup Time": 195.623, "Actual Total Time": 195.624, "Actual Rows": 148650, "Actual Loops": 1, "Shared Hit Blocks": 3551, "Shared Read Blocks": 0, "Shared Dirtied Blocks": 0, "Shared Written Blocks": 0, "Local Hit Blocks": 0, "Local Read Blocks": 0, "Local Dirtied Blocks": 0, "Local Written Blocks": 0, "Temp Read Blocks": 0, "Temp Written Blocks": 0}], "Plans": [{"Node Type": "Seq Scan", "Parent Relationship": "Outer", "Parallel Aware": true, "Relation Name": "customer", "Schema": "public", "Alias": "customer", "Startup Cost": 0.0, "Total Cost": 20334.35, "Plan Rows": 241935, "Plan Width": 23, "Actual Startup Time": 0.025, "Actual Total Time": 88.943, "Actual Rows": 150000, "Actual Loops": 5, "Output": ["customer.c_name", "customer.c_custkey"], "Shared Hit Blocks": 17915, "Shared Read Blocks": 0, "Shared Dirtied Blocks": 0, "Shared Written Blocks": 0, "Local Hit Blocks": 0, "Local Read Blocks": 0, "Local Dirtied Blocks": 0, "Local Written Blocks": 0, "Temp Read Blocks": 0, "Temp Written Blocks": 0, "Workers": [{"Worker Number": 0, "Actual Startup Time": 0.022, "Actual Total Time": 87.416, "Actual Rows": 146646, "Actual Loops": 1, "Shared Hit Blocks": 3504, "Shared Read Blocks": 0, "Shared Dirtied Blocks": 0, "Shared Written Blocks": 0, "Local Hit Blocks": 0, "Local Read Blocks": 0, "Local Dirtied Blocks": 0, "Local Written Blocks": 0, "Temp Read Blocks": 0, "Temp Written Blocks": 0}, {"Worker Number": 1, "Actual Startup Time": 0.022, "Actual Total Time": 71.581, "Actual Rows": 143273, "Actual Loops": 1, "Shared Hit Blocks": 3422, "Shared Read Blocks": 0, "Shared Dirtied Blocks": 0, "Shared Written Blocks": 0, "Local Hit Blocks": 0, "Local Read Blocks": 0, "Local Dirtied Blocks": 0, "Local Written Blocks": 0, "Temp Read Blocks": 0, "Temp Written Blocks": 0}, {"Worker Number": 2, "Actual Startup Time": 0.022, "Actual Total Time": 71.513, "Actual Rows": 147749, "Actual Loops": 1, "Shared Hit Blocks": 3528, "Shared Read Blocks": 0, "Shared Dirtied Blocks": 0, "Shared Written Blocks": 0, "Local Hit Blocks": 0, "Local Read Blocks": 0, "Local Dirtied Blocks": 0, "Local Written Blocks": 0, "Temp Read Blocks": 0, "Temp Written Blocks": 0}, {"Worker Number": 3, "Actual Startup Time": 0.027, "Actual Total Time": 121.261, "Actual Rows": 148650, "Actual Loops": 1, "Shared Hit Blocks": 3551, "Shared Read Blocks": 0, "Shared Dirtied Blocks": 0, "Shared Written Blocks": 0, "Local Hit Blocks": 0, "Local Read Blocks": 0, "Local Dirtied Blocks": 0, "Local Written Blocks": 0, "Temp Read Blocks": 0, "Temp Written Blocks": 0}]}]}]}, {"Node Type": "Hash", "Parent Relationship": "Inner", "Parallel Aware": false, "Startup Cost": 1019735.14, "Total Cost": 1019735.14, "Plan Rows": 133513, "Plan Width": 4, "Actual Startup Time": 57625.507, "Actual Total Time": 57625.508, "Actual Rows": 48, "Actual Loops": 5, "Output": ["lineitem_1.l_orderkey"], "Hash Buckets": 262144, "Original Hash Buckets": 262144, "Hash Batches": 1, "Original Hash Batches": 1, "Peak Memory Usage": 2050, "Shared Hit Blocks": 2811975, "Shared Read Blocks": 0, "Shared Dirtied Blocks": 0, "Shared Written Blocks": 0, "Local Hit Blocks": 0, "Local Read Blocks": 0, "Local Dirtied Blocks": 0, "Local Written Blocks": 0, "Temp Read Blocks": 536445, "Temp Written Blocks": 937315, "Workers": [{"Worker Number": 0, "Actual Startup Time": 57595.605, "Actual Total Time": 57595.607, "Actual Rows": 48, "Actual Loops": 1, "Shared Hit Blocks": 562395, "Shared Read Blocks": 0, "Shared Dirtied Blocks": 0, "Shared Written Blocks": 0, "Local Hit Blocks": 0, "Local Read Blocks": 0, "Local Dirtied Blocks": 0, "Local Written Blocks": 0, "Temp Read Blocks": 107289, "Temp Written Blocks": 187463}, {"Worker Number": 1, "Actual Startup Time": 57932.317, "Actual Total Time": 57932.318, "Actual Rows": 48, "Actual Loops": 1, "Shared Hit Blocks": 562395, "Shared Read Blocks": 0, "Shared Dirtied Blocks": 0, "Shared Written Blocks": 0, "Local Hit Blocks": 0, "Local Read Blocks": 0, "Local Dirtied Blocks": 0, "Local Written Blocks": 0, "Temp Read Blocks": 107289, "Temp Written Blocks": 187463}, {"Worker Number": 2, "Actual Startup Time": 57146.923, "Actual Total Time": 57146.924, "Actual Rows": 48, "Actual Loops": 1, "Shared Hit Blocks": 562395, "Shared Read Blocks": 0, "Shared Dirtied Blocks": 0, "Shared Written Blocks": 0, "Local Hit Blocks": 0, "Local Read Blocks": 0, "Local Dirtied Blocks": 0, "Local Written Blocks": 0, "Temp Read Blocks": 107289, "Temp Written Blocks": 187463}, {"Worker Number": 3, "Actual Startup Time": 58252.629, "Actual Total Time": 58252.63, "Actual Rows": 48, "Actual Loops": 1, "Shared Hit Blocks": 562395, "Shared Read Blocks": 0, "Shared Dirtied Blocks": 0, "Shared Written Blocks": 0, "Local Hit Blocks": 0, "Local Read Blocks": 0, "Local Dirtied Blocks": 0, "Local Written Blocks": 0, "Temp Read Blocks": 107289, "Temp Written Blocks": 187463}], "Plans": [{"Node Type": "Aggregate", "Strategy": "Hashed", "Partial Mode": "Simple", "Parent Relationship": "Outer", "Parallel Aware": false, "Startup Cost": 1012391.94, "Total Cost": 1018400.01, "Plan Rows": 133513, "Plan Width": 4, "Actual Startup Time": 36950.928, "Actual Total Time": 57625.266, "Actual Rows": 48, "Actual Loops": 5, "Output": ["lineitem_1.l_orderkey"], "Group Key": ["lineitem_1.l_orderkey"], "Filter": "(sum(lineitem_1.l_quantity) > '313'::numeric)", "Planned Partitions": 0, "HashAgg Batches": 5, "Peak Memory Usage": 524337, "Disk Usage": 859352, "Rows Removed by Filter": 7499952, "Shared Hit Blocks": 2811975, "Shared Read Blocks": 0, "Shared Dirtied Blocks": 0, "Shared Written Blocks": 0, "Local Hit Blocks": 0, "Local Read Blocks": 0, "Local Dirtied Blocks": 0, "Local Written Blocks": 0, "Temp Read Blocks": 536445, "Temp Written Blocks": 937315, "Workers": [{"Worker Number": 0, "Actual Startup Time": 36990.888, "Actual Total Time": 57595.393, "Actual Rows": 48, "Actual Loops": 1, "HashAgg Batches": 5, "Peak Memory Usage": 524337, "Disk Usage": 859352, "Shared Hit Blocks": 562395, "Shared Read Blocks": 0, "Shared Dirtied Blocks": 0, "Shared Written Blocks": 0, "Local Hit Blocks": 0, "Local Read Blocks": 0, "Local Dirtied Blocks": 0, "Local Written Blocks": 0, "Temp Read Blocks": 107289, "Temp Written Blocks": 187463}, {"Worker Number": 1, "Actual Startup Time": 37089.362, "Actual Total Time": 57932.061, "Actual Rows": 48, "Actual Loops": 1, "HashAgg Batches": 5, "Peak Memory Usage": 524337, "Disk Usage": 859352, "Shared Hit Blocks": 562395, "Shared Read Blocks": 0, "Shared Dirtied Blocks": 0, "Shared Written Blocks": 0, "Local Hit Blocks": 0, "Local Read Blocks": 0, "Local Dirtied Blocks": 0, "Local Written Blocks": 0, "Temp Read Blocks": 107289, "Temp Written Blocks": 187463}, {"Worker Number": 2, "Actual Startup Time": 36751.246, "Actual Total Time": 57146.635, "Actual Rows": 48, "Actual Loops": 1, "HashAgg Batches": 5, "Peak Memory Usage": 524337, "Disk Usage": 859352, "Shared Hit Blocks": 562395, "Shared Read Blocks": 0, "Shared Dirtied Blocks": 0, "Shared Written Blocks": 0, "Local Hit Blocks": 0, "Local Read Blocks": 0, "Local Dirtied Blocks": 0, "Local Written Blocks": 0, "Temp Read Blocks": 107289, "Temp Written Blocks": 187463}, {"Worker Number": 3, "Actual Startup Time": 37583.445, "Actual Total Time": 58252.429, "Actual Rows": 48, "Actual Loops": 1, "HashAgg Batches": 5, "Peak Memory Usage": 524337, "Disk Usage": 859352, "Shared Hit Blocks": 562395, "Shared Read Blocks": 0, "Shared Dirtied Blocks": 0, "Shared Written Blocks": 0, "Local Hit Blocks": 0, "Local Read Blocks": 0, "Local Dirtied Blocks": 0, "Local Written Blocks": 0, "Temp Read Blocks": 107289, "Temp Written Blocks": 187463}], "Plans": [{"Node Type": "Seq Scan", "Parent Relationship": "Outer", "Parallel Aware": false, "Relation Name": "lineitem", "Schema": "public", "Alias": "lineitem_1", "Startup Cost": 0.0, "Total Cost": 862392.96, "Plan Rows": 29999796, "Plan Width": 9, "Actual Startup Time": 0.256, "Actual Total Time": 10600.215, "Actual Rows": 29999795, "Actual Loops": 5, "Output": ["lineitem_1.l_orderkey", "lineitem_1.l_partkey", "lineitem_1.l_suppkey", "lineitem_1.l_linenumber", "lineitem_1.l_quantity", "lineitem_1.l_extendedprice", "lineitem_1.l_discount", "lineitem_1.l_tax", "lineitem_1.l_returnflag", "lineitem_1.l_linestatus", "lineitem_1.l_shipdate", "lineitem_1.l_commitdate", "lineitem_1.l_receiptdate", "lineitem_1.l_shipinstruct", "lineitem_1.l_shipmode", "lineitem_1.l_comment"], "Shared Hit Blocks": 2811975, "Shared Read Blocks": 0, "Shared Dirtied Blocks": 0, "Shared Written Blocks": 0, "Local Hit Blocks": 0, "Local Read Blocks": 0, "Local Dirtied Blocks": 0, "Local Written Blocks": 0, "Temp Read Blocks": 0, "Temp Written Blocks": 0, "Workers": [{"Worker Number": 0, "Actual Startup Time": 0.334, "Actual Total Time": 10753.715, "Actual Rows": 29999795, "Actual Loops": 1, "Shared Hit Blocks": 562395, "Shared Read Blocks": 0, "Shared Dirtied Blocks": 0, "Shared Written Blocks": 0, "Local Hit Blocks": 0, "Local Read Blocks": 0, "Local Dirtied Blocks": 0, "Local Written Blocks": 0, "Temp Read Blocks": 0, "Temp Written Blocks": 0}, {"Worker Number": 1, "Actual Startup Time": 0.304, "Actual Total Time": 10554.992, "Actual Rows": 29999795, "Actual Loops": 1, "Shared Hit Blocks": 562395, "Shared Read Blocks": 0, "Shared Dirtied Blocks": 0, "Shared Written Blocks": 0, "Local Hit Blocks": 0, "Local Read Blocks": 0, "Local Dirtied Blocks": 0, "Local Written Blocks": 0, "Temp Read Blocks": 0, "Temp Written Blocks": 0}, {"Worker Number": 2, "Actual Startup Time": 0.283, "Actual Total Time": 10257.084, "Actual Rows": 29999795, "Actual Loops": 1, "Shared Hit Blocks": 562395, "Shared Read Blocks": 0, "Shared Dirtied Blocks": 0, "Shared Written Blocks": 0, "Local Hit Blocks": 0, "Local Read Blocks": 0, "Local Dirtied Blocks": 0, "Local Written Blocks": 0, "Temp Read Blocks": 0, "Temp Written Blocks": 0}, {"Worker Number": 3, "Actual Startup Time": 0.32, "Actual Total Time": 11209.994, "Actual Rows": 29999795, "Actual Loops": 1, "Shared Hit Blocks": 562395, "Shared Read Blocks": 0, "Shared Dirtied Blocks": 0, "Shared Written Blocks": 0, "Local Hit Blocks": 0, "Local Read Blocks": 0, "Local Dirtied Blocks": 0, "Local Written Blocks": 0, "Temp Read Blocks": 0, "Temp Written Blocks": 0}]}]}]}]}]}]}, {"Node Type": "Index Scan", "Parent Relationship": "Inner", "Parallel Aware": false, "Scan Direction": "Forward", "Index Name": "lineitem_l_orderkey_idx", "Relation Name": "lineitem", "Schema": "public", "Alias": "lineitem", "Startup Cost": 0.44, "Total Cost": 2.08, "Plan Rows": 75, "Plan Width": 9, "Actual Startup Time": 0.013, "Actual Total Time": 0.015, "Actual Rows": 7, "Actual Loops": 48, "Output": ["lineitem.l_orderkey", "lineitem.l_partkey", "lineitem.l_suppkey", "lineitem.l_linenumber", "lineitem.l_quantity", "lineitem.l_extendedprice", "lineitem.l_discount", "lineitem.l_tax", "lineitem.l_returnflag", "lineitem.l_linestatus", "lineitem.l_shipdate", "lineitem.l_commitdate", "lineitem.l_receiptdate", "lineitem.l_shipinstruct", "lineitem.l_shipmode", "lineitem.l_comment"], "Index Cond": "(lineitem.l_orderkey = orders.o_orderkey)", "Rows Removed by Index Recheck": 0, "Shared Hit Blocks": 200, "Shared Read Blocks": 0, "Shared Dirtied Blocks": 0, "Shared Written Blocks": 0, "Local Hit Blocks": 0, "Local Read Blocks": 0, "Local Dirtied Blocks": 0, "Local Written Blocks": 0, "Temp Read Blocks": 0, "Temp Written Blocks": 0}]}]}]}