{"Node Type": "Aggregate", "Strategy": "Sorted", "Partial Mode": "Finalize", "Parallel Aware": false, "Startup Cost": 952044.82, "Total Cost": 952048.88, "Plan Rows": 6, "Plan Width": 236, "Actual Startup Time": 14354.684, "Actual Total Time": 14474.628, "Actual Rows": 4, "Actual Loops": 1, "Output": ["l_returnflag", "l_linestatus", "sum(l_quantity)", "sum(l_extendedprice)", "sum((l_extendedprice * ('1'::numeric - l_discount)))", "sum(((l_extendedprice * ('1'::numeric - l_discount)) * ('1'::numeric + l_tax)))", "avg(l_quantity)", "avg(l_extendedprice)", "avg(l_discount)", "count(*)"], "Group Key": ["lineitem.l_returnflag", "lineitem.l_linestatus"], "Shared Hit Blocks": 562423, "Shared Read Blocks": 0, "Shared Dirtied Blocks": 0, "Shared Written Blocks": 0, "Local Hit Blocks": 0, "Local Read Blocks": 0, "Local Dirtied Blocks": 0, "Local Written Blocks": 0, "Temp Read Blocks": 0, "Temp Written Blocks": 0, "Plans": [{"Node Type": "Gather Merge", "Parent Relationship": "Outer", "Parallel Aware": false, "Startup Cost": 952044.82, "Total Cost": 952047.7, "Plan Rows": 24, "Plan Width": 236, "Actual Startup Time": 14354.631, "Actual Total Time": 14474.481, "Actual Rows": 20, "Actual Loops": 1, "Output": ["l_returnflag", "l_linestatus", "(PARTIAL sum(l_quantity))", "(PARTIAL sum(l_extendedprice))", "(PARTIAL sum((l_extendedprice * ('1'::numeric - l_discount))))", "(PARTIAL sum(((l_extendedprice * ('1'::numeric - l_discount)) * ('1'::numeric + l_tax))))", "(PARTIAL avg(l_quantity))", "(PARTIAL avg(l_extendedprice))", "(PARTIAL avg(l_discount))", "(PARTIAL count(*))"], "Workers Planned": 4, "Workers Launched": 4, "Shared Hit Blocks": 562423, "Shared Read Blocks": 0, "Shared Dirtied Blocks": 0, "Shared Written Blocks": 0, "Local Hit Blocks": 0, "Local Read Blocks": 0, "Local Dirtied Blocks": 0, "Local Written Blocks": 0, "Temp Read Blocks": 0, "Temp Written Blocks": 0, "Plans": [{"Node Type": "Sort", "Parent Relationship": "Outer", "Parallel Aware": false, "Startup Cost": 951044.77, "Total Cost": 951044.78, "Plan Rows": 6, "Plan Width": 236, "Actual Startup Time": 14333.196, "Actual Total Time": 14333.199, "Actual Rows": 4, "Actual Loops": 5, "Output": ["l_returnflag", "l_linestatus", "(PARTIAL sum(l_quantity))", "(PARTIAL sum(l_extendedprice))", "(PARTIAL sum((l_extendedprice * ('1'::numeric - l_discount))))", "(PARTIAL sum(((l_extendedprice * ('1'::numeric - l_discount)) * ('1'::numeric + l_tax))))", "(PARTIAL avg(l_quantity))", "(PARTIAL avg(l_extendedprice))", "(PARTIAL avg(l_discount))", "(PARTIAL count(*))"], "Sort Key": ["lineitem.l_returnflag", "lineitem.l_linestatus"], "Sort Method": "quicksort", "Sort Space Used": 27, "Sort Space Type": "Memory", "Shared Hit Blocks": 562423, "Shared Read Blocks": 0, "Shared Dirtied Blocks": 0, "Shared Written Blocks": 0, "Local Hit Blocks": 0, "Local Read Blocks": 0, "Local Dirtied Blocks": 0, "Local Written Blocks": 0, "Temp Read Blocks": 0, "Temp Written Blocks": 0, "Workers": [{"Worker Number": 0, "Actual Startup Time": 14327.753, "Actual Total Time": 14327.755, "Actual Rows": 4, "Actual Loops": 1, "Sort Method": "quicksort", "Sort Space Used": 27, "Sort Space Type": "Memory", "Shared Hit Blocks": 111706, "Shared Read Blocks": 0, "Shared Dirtied Blocks": 0, "Shared Written Blocks": 0, "Local Hit Blocks": 0, "Local Read Blocks": 0, "Local Dirtied Blocks": 0, "Local Written Blocks": 0, "Temp Read Blocks": 0, "Temp Written Blocks": 0}, {"Worker Number": 1, "Actual Startup Time": 14327.936, "Actual Total Time": 14327.937, "Actual Rows": 4, "Actual Loops": 1, "Sort Method": "quicksort", "Sort Space Used": 27, "Sort Space Type": "Memory", "Shared Hit Blocks": 112480, "Shared Read Blocks": 0, "Shared Dirtied Blocks": 0, "Shared Written Blocks": 0, "Local Hit Blocks": 0, "Local Read Blocks": 0, "Local Dirtied Blocks": 0, "Local Written Blocks": 0, "Temp Read Blocks": 0, "Temp Written Blocks": 0}, {"Worker Number": 2, "Actual Startup Time": 14328.12, "Actual Total Time": 14328.122, "Actual Rows": 4, "Actual Loops": 1, "Sort Method": "quicksort", "Sort Space Used": 27, "Sort Space Type": "Memory", "Shared Hit Blocks": 112817, "Shared Read Blocks": 0, "Shared Dirtied Blocks": 0, "Shared Written Blocks": 0, "Local Hit Blocks": 0, "Local Read Blocks": 0, "Local Dirtied Blocks": 0, "Local Written Blocks": 0, "Temp Read Blocks": 0, "Temp Written Blocks": 0}, {"Worker Number": 3, "Actual Startup Time": 14328.195, "Actual Total Time": 14328.197, "Actual Rows": 4, "Actual Loops": 1, "Sort Method": "quicksort", "Sort Space Used": 27, "Sort Space Type": "Memory", "Shared Hit Blocks": 112870, "Shared Read Blocks": 0, "Shared Dirtied Blocks": 0, "Shared Written Blocks": 0, "Local Hit Blocks": 0, "Local Read Blocks": 0, "Local Dirtied Blocks": 0, "Local Written Blocks": 0, "Temp Read Blocks": 0, "Temp Written Blocks": 0}], "Plans": [{"Node Type": "Aggregate", "Strategy": "Hashed", "Partial Mode": "Partial", "Parent Relationship": "Outer", "Parallel Aware": false, "Startup Cost": 951044.52, "Total Cost": 951044.69, "Plan Rows": 6, "Plan Width": 236, "Actual Startup Time": 14333.129, "Actual Total Time": 14333.14, "Actual Rows": 4, "Actual Loops": 5, "Output": ["l_returnflag", "l_linestatus", "PARTIAL sum(l_quantity)", "PARTIAL sum(l_extendedprice)", "PARTIAL sum((l_extendedprice * ('1'::numeric - l_discount)))", "PARTIAL sum(((l_extendedprice * ('1'::numeric - l_discount)) * ('1'::numeric + l_tax)))", "PARTIAL avg(l_quantity)", "PARTIAL avg(l_extendedprice)", "PARTIAL avg(l_discount)", "PARTIAL count(*)"], "Group Key": ["lineitem.l_returnflag", "lineitem.l_linestatus"], "Planned Partitions": 0, "HashAgg Batches": 1, "Peak Memory Usage": 24, "Disk Usage": 0, "Shared Hit Blocks": 562395, "Shared Read Blocks": 0, "Shared Dirtied Blocks": 0, "Shared Written Blocks": 0, "Local Hit Blocks": 0, "Local Read Blocks": 0, "Local Dirtied Blocks": 0, "Local Written Blocks": 0, "Temp Read Blocks": 0, "Temp Written Blocks": 0, "Workers": [{"Worker Number": 0, "Actual Startup Time": 14327.69, "Actual Total Time": 14327.702, "Actual Rows": 4, "Actual Loops": 1, "HashAgg Batches": 1, "Peak Memory Usage": 24, "Disk Usage": 0, "Shared Hit Blocks": 111699, "Shared Read Blocks": 0, "Shared Dirtied Blocks": 0, "Shared Written Blocks": 0, "Local Hit Blocks": 0, "Local Read Blocks": 0, "Local Dirtied Blocks": 0, "Local Written Blocks": 0, "Temp Read Blocks": 0, "Temp Written Blocks": 0}, {"Worker Number": 1, "Actual Startup Time": 14327.859, "Actual Total Time": 14327.869, "Actual Rows": 4, "Actual Loops": 1, "HashAgg Batches": 1, "Peak Memory Usage": 24, "Disk Usage": 0, "Shared Hit Blocks": 112473, "Shared Read Blocks": 0, "Shared Dirtied Blocks": 0, "Shared Written Blocks": 0, "Local Hit Blocks": 0, "Local Read Blocks": 0, "Local Dirtied Blocks": 0, "Local Written Blocks": 0, "Temp Read Blocks": 0, "Temp Written Blocks": 0}, {"Worker Number": 2, "Actual Startup Time": 14328.046, "Actual Total Time": 14328.056, "Actual Rows": 4, "Actual Loops": 1, "HashAgg Batches": 1, "Peak Memory Usage": 24, "Disk Usage": 0, "Shared Hit Blocks": 112810, "Shared Read Blocks": 0, "Shared Dirtied Blocks": 0, "Shared Written Blocks": 0, "Local Hit Blocks": 0, "Local Read Blocks": 0, "Local Dirtied Blocks": 0, "Local Written Blocks": 0, "Temp Read Blocks": 0, "Temp Written Blocks": 0}, {"Worker Number": 3, "Actual Startup Time": 14328.115, "Actual Total Time": 14328.125, "Actual Rows": 4, "Actual Loops": 1, "HashAgg Batches": 1, "Peak Memory Usage": 24, "Disk Usage": 0, "Shared Hit Blocks": 112863, "Shared Read Blocks": 0, "Shared Dirtied Blocks": 0, "Shared Written Blocks": 0, "Local Hit Blocks": 0, "Local Read Blocks": 0, "Local Dirtied Blocks": 0, "Local Written Blocks": 0, "Temp Read Blocks": 0, "Temp Written Blocks": 0}], "Plans": [{"Node Type": "Seq Scan", "Parent Relationship": "Outer", "Parallel Aware": true, "Relation Name": "lineitem", "Schema": "public", "Alias": "lineitem", "Startup Cost": 0.0, "Total Cost": 656144.36, "Plan Rows": 7372504, "Plan Width": 25, "Actual Startup Time": 0.027, "Actual Total Time": 3270.356, "Actual Rows": 5907938, "Actual Loops": 5, "Output": ["l_orderkey", "l_partkey", "l_suppkey", "l_linenumber", "l_quantity", "l_extendedprice", "l_discount", "l_tax", "l_returnflag", "l_linestatus", "l_shipdate", "l_commitdate", "l_receiptdate", "l_shipinstruct", "l_shipmode", "l_comment"], "Filter": "(lineitem.l_shipdate <= '1998-08-29 00:00:00'::timestamp without time zone)", "Rows Removed by Filter": 92021, "Shared Hit Blocks": 562395, "Shared Read Blocks": 0, "Shared Dirtied Blocks": 0, "Shared Written Blocks": 0, "Local Hit Blocks": 0, "Local Read Blocks": 0, "Local Dirtied Blocks": 0, "Local Written Blocks": 0, "Temp Read Blocks": 0, "Temp Written Blocks": 0, "Workers": [{"Worker Number": 0, "Actual Startup Time": 0.021, "Actual Total Time": 3242.051, "Actual Rows": 5866470, "Actual Loops": 1, "Shared Hit Blocks": 111699, "Shared Read Blocks": 0, "Shared Dirtied Blocks": 0, "Shared Written Blocks": 0, "Local Hit Blocks": 0, "Local Read Blocks": 0, "Local Dirtied Blocks": 0, "Local Written Blocks": 0, "Temp Read Blocks": 0, "Temp Written Blocks": 0}, {"Worker Number": 1, "Actual Startup Time": 0.031, "Actual Total Time": 3329.353, "Actual Rows": 5907915, "Actual Loops": 1, "Shared Hit Blocks": 112473, "Shared Read Blocks": 0, "Shared Dirtied Blocks": 0, "Shared Written Blocks": 0, "Local Hit Blocks": 0, "Local Read Blocks": 0, "Local Dirtied Blocks": 0, "Local Written Blocks": 0, "Temp Read Blocks": 0, "Temp Written Blocks": 0}, {"Worker Number": 2, "Actual Startup Time": 0.026, "Actual Total Time": 3240.408, "Actual Rows": 5925757, "Actual Loops": 1, "Shared Hit Blocks": 112810, "Shared Read Blocks": 0, "Shared Dirtied Blocks": 0, "Shared Written Blocks": 0, "Local Hit Blocks": 0, "Local Read Blocks": 0, "Local Dirtied Blocks": 0, "Local Written Blocks": 0, "Temp Read Blocks": 0, "Temp Written Blocks": 0}, {"Worker Number": 3, "Actual Startup Time": 0.029, "Actual Total Time": 3272.038, "Actual Rows": 5928025, "Actual Loops": 1, "Shared Hit Blocks": 112863, "Shared Read Blocks": 0, "Shared Dirtied Blocks": 0, "Shared Written Blocks": 0, "Local Hit Blocks": 0, "Local Read Blocks": 0, "Local Dirtied Blocks": 0, "Local Written Blocks": 0, "Temp Read Blocks": 0, "Temp Written Blocks": 0}]}]}]}]}]}