{"Node Type": "Sort", "Parallel Aware": false, "Startup Cost": 418370.58, "Total Cost": 418371.08, "Plan Rows": 200, "Plan Width": 16, "Actual Startup Time": 18141.328, "Actual Total Time": 18141.337, "Actual Rows": 43, "Actual Loops": 1, "Output": ["(count(orders.o_orderkey))", "(count(*))"], "Sort Key": ["(count(*)) DESC", "(count(orders.o_orderkey)) DESC"], "Sort Method": "quicksort", "Sort Space Used": 27, "Sort Space Type": "Memory", "Shared Hit Blocks": 148378, "Shared Read Blocks": 0, "Shared Dirtied Blocks": 0, "Shared Written Blocks": 0, "Local Hit Blocks": 0, "Local Read Blocks": 0, "Local Dirtied Blocks": 0, "Local Written Blocks": 0, "Temp Read Blocks": 0, "Temp Written Blocks": 0, "Plans": [{"Node Type": "Aggregate", "Strategy": "Hashed", "Partial Mode": "Simple", "Parent Relationship": "Outer", "Parallel Aware": false, "Startup Cost": 418360.94, "Total Cost": 418362.94, "Plan Rows": 200, "Plan Width": 16, "Actual Startup Time": 18141.254, "Actual Total Time": 18141.268, "Actual Rows": 43, "Actual Loops": 1, "Output": ["(count(orders.o_orderkey))", "count(*)"], "Group Key": ["count(orders.o_orderkey)"], "Planned Partitions": 0, "HashAgg Batches": 1, "Peak Memory Usage": 40, "Disk Usage": 0, "Shared Hit Blocks": 148375, "Shared Read Blocks": 0, "Shared Dirtied Blocks": 0, "Shared Written Blocks": 0, "Local Hit Blocks": 0, "Local Read Blocks": 0, "Local Dirtied Blocks": 0, "Local Written Blocks": 0, "Temp Read Blocks": 0, "Temp Written Blocks": 0, "Plans": [{"Node Type": "Aggregate", "Strategy": "Hashed", "Partial Mode": "Simple", "Parent Relationship": "Outer", "Parallel Aware": false, "Startup Cost": 399610.94, "Total Cost": 407110.94, "Plan Rows": 750000, "Plan Width": 12, "Actual Startup Time": 17674.973, "Actual Total Time": 17940.936, "Actual Rows": 750000, "Actual Loops": 1, "Output": ["customer.c_custkey", "count(orders.o_orderkey)"], "Group Key": ["customer.c_custkey"], "Planned Partitions": 0, "HashAgg Batches": 1, "Peak Memory Usage": 90129, "Disk Usage": 0, "Shared Hit Blocks": 148375, "Shared Read Blocks": 0, "Shared Dirtied Blocks": 0, "Shared Written Blocks": 0, "Local Hit Blocks": 0, "Local Read Blocks": 0, "Local Dirtied Blocks": 0, "Local Written Blocks": 0, "Temp Read Blocks": 0, "Temp Written Blocks": 0, "Plans": [{"Node Type": "Hash Join", "Parent Relationship": "Outer", "Parallel Aware": false, "Join Type": "Right", "Startup Cost": 34790.0, "Total Cost": 362114.69, "Plan Rows": 7499250, "Plan Width": 8, "Actual Startup Time": 627.15, "Actual Total Time": 12624.852, "Actual Rows": 7669838, "Actual Loops": 1, "Output": ["customer.c_custkey", "orders.o_orderkey"], "Inner Unique": false, "Hash Cond": "(orders.o_custkey = customer.c_custkey)", "Shared Hit Blocks": 148375, "Shared Read Blocks": 0, "Shared Dirtied Blocks": 0, "Shared Written Blocks": 0, "Local Hit Blocks": 0, "Local Read Blocks": 0, "Local Dirtied Blocks": 0, "Local Written Blocks": 0, "Temp Read Blocks": 0, "Temp Written Blocks": 0, "Plans": [{"Node Type": "Seq Scan", "Parent Relationship": "Outer", "Parallel Aware": false, "Relation Name": "orders", "Schema": "public", "Alias": "orders", "Startup Cost": 0.0, "Total Cost": 224210.0, "Plan Rows": 7499250, "Plan Width": 8, "Actual Startup Time": 0.026, "Actual Total Time": 5212.858, "Actual Rows": 7419827, "Actual Loops": 1, "Output": ["orders.o_orderkey", "orders.o_custkey", "orders.o_orderstatus", "orders.o_totalprice", "orders.o_orderdate", "orders.o_orderpriority", "orders.o_clerk", "orders.o_shippriority", "orders.o_comment"], "Filter": "((orders.o_comment)::text !~~ '%pending%packages%'::text)", "Rows Removed by Filter": 80173, "Shared Hit Blocks": 130460, "Shared Read Blocks": 0, "Shared Dirtied Blocks": 0, "Shared Written Blocks": 0, "Local Hit Blocks": 0, "Local Read Blocks": 0, "Local Dirtied Blocks": 0, "Local Written Blocks": 0, "Temp Read Blocks": 0, "Temp Written Blocks": 0}, {"Node Type": "Hash", "Parent Relationship": "Inner", "Parallel Aware": false, "Startup Cost": 25415.0, "Total Cost": 25415.0, "Plan Rows": 750000, "Plan Width": 4, "Actual Startup Time": 622.661, "Actual Total Time": 622.662, "Actual Rows": 750000, "Actual Loops": 1, "Output": ["customer.c_custkey"], "Hash Buckets": 1048576, "Original Hash Buckets": 1048576, "Hash Batches": 1, "Original Hash Batches": 1, "Peak Memory Usage": 34560, "Shared Hit Blocks": 17915, "Shared Read Blocks": 0, "Shared Dirtied Blocks": 0, "Shared Written Blocks": 0, "Local Hit Blocks": 0, "Local Read Blocks": 0, "Local Dirtied Blocks": 0, "Local Written Blocks": 0, "Temp Read Blocks": 0, "Temp Written Blocks": 0, "Plans": [{"Node Type": "Seq Scan", "Parent Relationship": "Outer", "Parallel Aware": false, "Relation Name": "customer", "Schema": "public", "Alias": "customer", "Startup Cost": 0.0, "Total Cost": 25415.0, "Plan Rows": 750000, "Plan Width": 4, "Actual Startup Time": 0.037, "Actual Total Time": 308.571, "Actual Rows": 750000, "Actual Loops": 1, "Output": ["customer.c_custkey"], "Shared Hit Blocks": 17915, "Shared Read Blocks": 0, "Shared Dirtied Blocks": 0, "Shared Written Blocks": 0, "Local Hit Blocks": 0, "Local Read Blocks": 0, "Local Dirtied Blocks": 0, "Local Written Blocks": 0, "Temp Read Blocks": 0, "Temp Written Blocks": 0}]}]}]}]}]}