{"Node Type": "Limit", "Parallel Aware": false, "Startup Cost": 1215034.03, "Total Cost": 1215112.46, "Plan Rows": 100, "Plan Width": 71, "Actual Startup Time": 56507.135, "Actual Total Time": 57708.394, "Actual Rows": 48, "Actual Loops": 1, "Output": ["customer.c_name", "customer.c_custkey", "orders.o_orderkey", "orders.o_orderdate", "orders.o_totalprice", "(sum(lineitem.l_quantity))"], "Shared Hit Blocks": 2960678, "Shared Read Blocks": 0, "Shared Dirtied Blocks": 0, "Shared Written Blocks": 0, "Local Hit Blocks": 0, "Local Read Blocks": 0, "Local Dirtied Blocks": 0, "Local Written Blocks": 0, "Temp Read Blocks": 536445, "Temp Written Blocks": 937290, "Plans": [{"Node Type": "Aggregate", "Strategy": "Sorted", "Partial Mode": "Simple", "Parent Relationship": "Outer", "Parallel Aware": false, "Startup Cost": 1215034.03, "Total Cost": 1617957.23, "Plan Rows": 513681, "Plan Width": 71, "Actual Startup Time": 56507.131, "Actual Total Time": 57708.379, "Actual Rows": 48, "Actual Loops": 1, "Output": ["customer.c_name", "customer.c_custkey", "orders.o_orderkey", "orders.o_orderdate", "orders.o_totalprice", "sum(lineitem.l_quantity)"], "Group Key": ["orders.o_totalprice", "orders.o_orderdate", "customer.c_name", "customer.c_custkey", "orders.o_orderkey"], "Shared Hit Blocks": 2960678, "Shared Read Blocks": 0, "Shared Dirtied Blocks": 0, "Shared Written Blocks": 0, "Local Hit Blocks": 0, "Local Read Blocks": 0, "Local Dirtied Blocks": 0, "Local Written Blocks": 0, "Temp Read Blocks": 536445, "Temp Written Blocks": 937290, "Plans": [{"Node Type": "Nested Loop", "Parent Relationship": "Outer", "Parallel Aware": false, "Join Type": "Inner", "Startup Cost": 1215034.03, "Total Cost": 1603831.0, "Plan Rows": 513681, "Plan Width": 44, "Actual Startup Time": 56507.059, "Actual Total Time": 57708.17, "Actual Rows": 336, "Actual Loops": 1, "Output": ["customer.c_name", "customer.c_custkey", "orders.o_orderkey", "orders.o_orderdate", "orders.o_totalprice", "lineitem.l_quantity"], "Inner Unique": false, "Shared Hit Blocks": 2960678, "Shared Read Blocks": 0, "Shared Dirtied Blocks": 0, "Shared Written Blocks": 0, "Local Hit Blocks": 0, "Local Read Blocks": 0, "Local Dirtied Blocks": 0, "Local Written Blocks": 0, "Temp Read Blocks": 536445, "Temp Written Blocks": 937290, "Plans": [{"Node Type": "Gather Merge", "Parent Relationship": "Outer", "Parallel Aware": false, "Startup Cost": 1215033.59, "Total Cost": 1230410.03, "Plan Rows": 128421, "Plan Width": 43, "Actual Startup Time": 56506.885, "Actual Total Time": 57707.178, "Actual Rows": 48, "Actual Loops": 1, "Output": ["customer.c_name", "customer.c_custkey", "orders.o_orderkey", "orders.o_orderdate", "orders.o_totalprice", "lineitem_1.l_orderkey"], "Workers Planned": 4, "Workers Launched": 4, "Shared Hit Blocks": 2960478, "Shared Read Blocks": 0, "Shared Dirtied Blocks": 0, "Shared Written Blocks": 0, "Local Hit Blocks": 0, "Local Read Blocks": 0, "Local Dirtied Blocks": 0, "Local Written Blocks": 0, "Temp Read Blocks": 536445, "Temp Written Blocks": 937290, "Plans": [{"Node Type": "Sort", "Parent Relationship": "Outer", "Parallel Aware": false, "Startup Cost": 1214033.53, "Total Cost": 1214113.79, "Plan Rows": 32105, "Plan Width": 43, "Actual Startup Time": 56494.258, "Actual Total Time": 56494.29, "Actual Rows": 10, "Actual Loops": 5, "Output": ["customer.c_name", "customer.c_custkey", "orders.o_orderkey", "orders.o_orderdate", "orders.o_totalprice", "lineitem_1.l_orderkey"], "Sort Key": ["orders.o_totalprice DESC", "orders.o_orderdate", "customer.c_name", "customer.c_custkey", "orders.o_orderkey"], "Sort Method": "quicksort", "Sort Space Used": 25, "Sort Space Type": "Memory", "Shared Hit Blocks": 2960478, "Shared Read Blocks": 0, "Shared Dirtied Blocks": 0, "Shared Written Blocks": 0, "Local Hit Blocks": 0, "Local Read Blocks": 0, "Local Dirtied Blocks": 0, "Local Written Blocks": 0, "Temp Read Blocks": 536445, "Temp Written Blocks": 937290, "Workers": [{"Worker Number": 0, "Actual Startup Time": 56490.907, "Actual Total Time": 56490.953, "Actual Rows": 14, "Actual Loops": 1, "Sort Method": "quicksort", "Sort Space Used": 26, "Sort Space Type": "Memory", "Shared Hit Blocks": 592103, "Shared Read Blocks": 0, "Shared Dirtied Blocks": 0, "Shared Written Blocks": 0, "Local Hit Blocks": 0, "Local Read Blocks": 0, "Local Dirtied Blocks": 0, "Local Written Blocks": 0, "Temp Read Blocks": 107289, "Temp Written Blocks": 187458}, {"Worker Number": 1, "Actual Startup Time": 56491.127, "Actual Total Time": 56491.133, "Actual Rows": 5, "Actual Loops": 1, "Sort Method": "quicksort", "Sort Space Used": 25, "Sort Space Type": "Memory", "Shared Hit Blocks": 593362, "Shared Read Blocks": 0, "Shared Dirtied Blocks": 0, "Shared Written Blocks": 0, "Local Hit Blocks": 0, "Local Read Blocks": 0, "Local Dirtied Blocks": 0, "Local Written Blocks": 0, "Temp Read Blocks": 107289, "Temp Written Blocks": 187458}, {"Worker Number": 2, "Actual Startup Time": 56491.193, "Actual Total Time": 56491.228, "Actual Rows": 12, "Actual Loops": 1, "Sort Method": "quicksort", "Sort Space Used": 25, "Sort Space Type": "Memory", "Shared Hit Blocks": 587895, "Shared Read Blocks": 0, "Shared Dirtied Blocks": 0, "Shared Written Blocks": 0, "Local Hit Blocks": 0, "Local Read Blocks": 0, "Local Dirtied Blocks": 0, "Local Written Blocks": 0, "Temp Read Blocks": 107289, "Temp Written Blocks": 187458}, {"Worker Number": 3, "Actual Startup Time": 56493.423, "Actual Total Time": 56493.432, "Actual Rows": 8, "Actual Loops": 1, "Sort Method": "quicksort", "Sort Space Used": 25, "Sort Space Type": "Memory", "Shared Hit Blocks": 594021, "Shared Read Blocks": 0, "Shared Dirtied Blocks": 0, "Shared Written Blocks": 0, "Local Hit Blocks": 0, "Local Read Blocks": 0, "Local Dirtied Blocks": 0, "Local Written Blocks": 0, "Temp Read Blocks": 107289, "Temp Written Blocks": 187458}], "Plans": [{"Node Type": "Hash Join", "Parent Relationship": "Outer", "Parallel Aware": false, "Join Type": "Inner", "Startup Cost": 1044418.88, "Total Cost": 1211630.39, "Plan Rows": 32105, "Plan Width": 43, "Actual Startup Time": 54318.96, "Actual Total Time": 56494.099, "Actual Rows": 10, "Actual Loops": 5, "Output": ["customer.c_name", "customer.c_custkey", "orders.o_orderkey", "orders.o_orderdate", "orders.o_totalprice", "lineitem_1.l_orderkey"], "Inner Unique": true, "Hash Cond": "(orders.o_orderkey = lineitem_1.l_orderkey)", "Shared Hit Blocks": 2960362, "Shared Read Blocks": 0, "Shared Dirtied Blocks": 0, "Shared Written Blocks": 0, "Local Hit Blocks": 0, "Local Read Blocks": 0, "Local Dirtied Blocks": 0, "Local Written Blocks": 0, "Temp Read Blocks": 536445, "Temp Written Blocks": 937290, "Workers": [{"Worker Number": 0, "Actual Startup Time": 54172.228, "Actual Total Time": 56490.739, "Actual Rows": 14, "Actual Loops": 1, "Shared Hit Blocks": 592074, "Shared Read Blocks": 0, "Shared Dirtied Blocks": 0, "Shared Written Blocks": 0, "Local Hit Blocks": 0, "Local Read Blocks": 0, "Local Dirtied Blocks": 0, "Local Written Blocks": 0, "Temp Read Blocks": 107289, "Temp Written Blocks": 187458}, {"Worker Number": 1, "Actual Startup Time": 54306.589, "Actual Total Time": 56490.981, "Actual Rows": 5, "Actual Loops": 1, "Shared Hit Blocks": 593333, "Shared Read Blocks": 0, "Shared Dirtied Blocks": 0, "Shared Written Blocks": 0, "Local Hit Blocks": 0, "Local Read Blocks": 0, "Local Dirtied Blocks": 0, "Local Written Blocks": 0, "Temp Read Blocks": 107289, "Temp Written Blocks": 187458}, {"Worker Number": 2, "Actual Startup Time": 54731.211, "Actual Total Time": 56490.976, "Actual Rows": 12, "Actual Loops": 1, "Shared Hit Blocks": 587866, "Shared Read Blocks": 0, "Shared Dirtied Blocks": 0, "Shared Written Blocks": 0, "Local Hit Blocks": 0, "Local Read Blocks": 0, "Local Dirtied Blocks": 0, "Local Written Blocks": 0, "Temp Read Blocks": 107289, "Temp Written Blocks": 187458}, {"Worker Number": 3, "Actual Startup Time": 54233.999, "Actual Total Time": 56493.256, "Actual Rows": 8, "Actual Loops": 1, "Shared Hit Blocks": 593992, "Shared Read Blocks": 0, "Shared Dirtied Blocks": 0, "Shared Written Blocks": 0, "Local Hit Blocks": 0, "Local Read Blocks": 0, "Local Dirtied Blocks": 0, "Local Written Blocks": 0, "Temp Read Blocks": 107289, "Temp Written Blocks": 187458}], "Plans": [{"Node Type": "Hash Join", "Parent Relationship": "Outer", "Parallel Aware": true, "Join Type": "Inner", "Startup Cost": 23358.54, "Total Cost": 185648.17, "Plan Rows": 1875000, "Plan Width": 39, "Actual Startup Time": 189.292, "Actual Total Time": 2183.055, "Actual Rows": 1500000, "Actual Loops": 5, "Output": ["customer.c_name", "customer.c_custkey", "orders.o_orderkey", "orders.o_orderdate", "orders.o_totalprice"], "Inner Unique": false, "Hash Cond": "(orders.o_custkey = customer.c_custkey)", "Shared Hit Blocks": 148387, "Shared Read Blocks": 0, "Shared Dirtied Blocks": 0, "Shared Written Blocks": 0, "Local Hit Blocks": 0, "Local Read Blocks": 0, "Local Dirtied Blocks": 0, "Local Written Blocks": 0, "Temp Read Blocks": 0, "Temp Written Blocks": 0, "Workers": [{"Worker Number": 0, "Actual Startup Time": 186.213, "Actual Total Time": 2221.449, "Actual Rows": 1505558, "Actual Loops": 1, "Shared Hit Blocks": 29679, "Shared Read Blocks": 0, "Shared Dirtied Blocks": 0, "Shared Written Blocks": 0, "Local Hit Blocks": 0, "Local Read Blocks": 0, "Local Dirtied Blocks": 0, "Local Written Blocks": 0, "Temp Read Blocks": 0, "Temp Written Blocks": 0}, {"Worker Number": 1, "Actual Startup Time": 186.477, "Actual Total Time": 2215.131, "Actual Rows": 1579505, "Actual Loops": 1, "Shared Hit Blocks": 30938, "Shared Read Blocks": 0, "Shared Dirtied Blocks": 0, "Shared Written Blocks": 0, "Local Hit Blocks": 0, "Local Read Blocks": 0, "Local Dirtied Blocks": 0, "Local Written Blocks": 0, "Temp Read Blocks": 0, "Temp Written Blocks": 0}, {"Worker Number": 2, "Actual Startup Time": 186.526, "Actual Total Time": 1857.931, "Actual Rows": 1263644, "Actual Loops": 1, "Shared Hit Blocks": 25471, "Shared Read Blocks": 0, "Shared Dirtied Blocks": 0, "Shared Written Blocks": 0, "Local Hit Blocks": 0, "Local Read Blocks": 0, "Local Dirtied Blocks": 0, "Local Written Blocks": 0, "Temp Read Blocks": 0, "Temp Written Blocks": 0}, {"Worker Number": 3, "Actual Startup Time": 187.141, "Actual Total Time": 2369.341, "Actual Rows": 1617650, "Actual Loops": 1, "Shared Hit Blocks": 31597, "Shared Read Blocks": 0, "Shared Dirtied Blocks": 0, "Shared Written Blocks": 0, "Local Hit Blocks": 0, "Local Read Blocks": 0, "Local Dirtied Blocks": 0, "Local Written Blocks": 0, "Temp Read Blocks": 0, "Temp Written Blocks": 0}], "Plans": [{"Node Type": "Seq Scan", "Parent Relationship": "Outer", "Parallel Aware": true, "Relation Name": "orders", "Schema": "public", "Alias": "orders", "Startup Cost": 0.0, "Total Cost": 149210.0, "Plan Rows": 1875000, "Plan Width": 20, "Actual Startup Time": 0.021, "Actual Total Time": 511.45, "Actual Rows": 1500000, "Actual Loops": 5, "Output": ["orders.o_orderkey", "orders.o_custkey", "orders.o_orderstatus", "orders.o_totalprice", "orders.o_orderdate", "orders.o_orderpriority", "orders.o_clerk", "orders.o_shippriority", "orders.o_comment"], "Shared Hit Blocks": 130460, "Shared Read Blocks": 0, "Shared Dirtied Blocks": 0, "Shared Written Blocks": 0, "Local Hit Blocks": 0, "Local Read Blocks": 0, "Local Dirtied Blocks": 0, "Local Written Blocks": 0, "Temp Read Blocks": 0, "Temp Written Blocks": 0, "Workers": [{"Worker Number": 0, "Actual Startup Time": 0.02, "Actual Total Time": 499.802, "Actual Rows": 1505558, "Actual Loops": 1, "Shared Hit Blocks": 26187, "Shared Read Blocks": 0, "Shared Dirtied Blocks": 0, "Shared Written Blocks": 0, "Local Hit Blocks": 0, "Local Read Blocks": 0, "Local Dirtied Blocks": 0, "Local Written Blocks": 0, "Temp Read Blocks": 0, "Temp Written Blocks": 0}, {"Worker Number": 1, "Actual Startup Time": 0.017, "Actual Total Time": 534.201, "Actual Rows": 1579505, "Actual Loops": 1, "Shared Hit Blocks": 27477, "Shared Read Blocks": 0, "Shared Dirtied Blocks": 0, "Shared Written Blocks": 0, "Local Hit Blocks": 0, "Local Read Blocks": 0, "Local Dirtied Blocks": 0, "Local Written Blocks": 0, "Temp Read Blocks": 0, "Temp Written Blocks": 0}, {"Worker Number": 2, "Actual Startup Time": 0.035, "Actual Total Time": 411.587, "Actual Rows": 1263644, "Actual Loops": 1, "Shared Hit Blocks": 21977, "Shared Read Blocks": 0, "Shared Dirtied Blocks": 0, "Shared Written Blocks": 0, "Local Hit Blocks": 0, "Local Read Blocks": 0, "Local Dirtied Blocks": 0, "Local Written Blocks": 0, "Temp Read Blocks": 0, "Temp Written Blocks": 0}, {"Worker Number": 3, "Actual Startup Time": 0.02, "Actual Total Time": 576.07, "Actual Rows": 1617650, "Actual Loops": 1, "Shared Hit Blocks": 28140, "Shared Read Blocks": 0, "Shared Dirtied Blocks": 0, "Shared Written Blocks": 0, "Local Hit Blocks": 0, "Local Read Blocks": 0, "Local Dirtied Blocks": 0, "Local Written Blocks": 0, "Temp Read Blocks": 0, "Temp Written Blocks": 0}]}, {"Node Type": "Hash", "Parent Relationship": "Inner", "Parallel Aware": true, "Startup Cost": 20334.35, "Total Cost": 20334.35, "Plan Rows": 241935, "Plan Width": 23, "Actual Startup Time": 188.343, "Actual Total Time": 188.35, "Actual Rows": 150000, "Actual Loops": 5, "Output": ["customer.c_name", "customer.c_custkey"], "Hash Buckets": 1048576, "Original Hash Buckets": 1048576, "Hash Batches": 1, "Original Hash Batches": 1, "Peak Memory Usage": 49376, "Shared Hit Blocks": 17915, "Shared Read Blocks": 0, "Shared Dirtied Blocks": 0, "Shared Written Blocks": 0, "Local Hit Blocks": 0, "Local Read Blocks": 0, "Local Dirtied Blocks": 0, "Local Written Blocks": 0, "Temp Read Blocks": 0, "Temp Written Blocks": 0, "Workers": [{"Worker Number": 0, "Actual Startup Time": 186.136, "Actual Total Time": 186.158, "Actual Rows": 146095, "Actual Loops": 1, "Shared Hit Blocks": 3489, "Shared Read Blocks": 0, "Shared Dirtied Blocks": 0, "Shared Written Blocks": 0, "Local Hit Blocks": 0, "Local Read Blocks": 0, "Local Dirtied Blocks": 0, "Local Written Blocks": 0, "Temp Read Blocks": 0, "Temp Written Blocks": 0}, {"Worker Number": 1, "Actual Startup Time": 186.391, "Actual Total Time": 186.392, "Actual Rows": 144784, "Actual Loops": 1, "Shared Hit Blocks": 3458, "Shared Read Blocks": 0, "Shared Dirtied Blocks": 0, "Shared Written Blocks": 0, "Local Hit Blocks": 0, "Local Read Blocks": 0, "Local Dirtied Blocks": 0, "Local Written Blocks": 0, "Temp Read Blocks": 0, "Temp Written Blocks": 0}, {"Worker Number": 2, "Actual Startup Time": 186.396, "Actual Total Time": 186.405, "Actual Rows": 146130, "Actual Loops": 1, "Shared Hit Blocks": 3491, "Shared Read Blocks": 0, "Shared Dirtied Blocks": 0, "Shared Written Blocks": 0, "Local Hit Blocks": 0, "Local Read Blocks": 0, "Local Dirtied Blocks": 0, "Local Written Blocks": 0, "Temp Read Blocks": 0, "Temp Written Blocks": 0}, {"Worker Number": 3, "Actual Startup Time": 187.0, "Actual Total Time": 187.001, "Actual Rows": 144610, "Actual Loops": 1, "Shared Hit Blocks": 3454, "Shared Read Blocks": 0, "Shared Dirtied Blocks": 0, "Shared Written Blocks": 0, "Local Hit Blocks": 0, "Local Read Blocks": 0, "Local Dirtied Blocks": 0, "Local Written Blocks": 0, "Temp Read Blocks": 0, "Temp Written Blocks": 0}], "Plans": [{"Node Type": "Seq Scan", "Parent Relationship": "Outer", "Parallel Aware": true, "Relation Name": "customer", "Schema": "public", "Alias": "customer", "Startup Cost": 0.0, "Total Cost": 20334.35, "Plan Rows": 241935, "Plan Width": 23, "Actual Startup Time": 0.02, "Actual Total Time": 102.038, "Actual Rows": 150000, "Actual Loops": 5, "Output": ["customer.c_name", "customer.c_custkey"], "Shared Hit Blocks": 17915, "Shared Read Blocks": 0, "Shared Dirtied Blocks": 0, "Shared Written Blocks": 0, "Local Hit Blocks": 0, "Local Read Blocks": 0, "Local Dirtied Blocks": 0, "Local Written Blocks": 0, "Temp Read Blocks": 0, "Temp Written Blocks": 0, "Workers": [{"Worker Number": 0, "Actual Startup Time": 0.014, "Actual Total Time": 96.925, "Actual Rows": 146095, "Actual Loops": 1, "Shared Hit Blocks": 3489, "Shared Read Blocks": 0, "Shared Dirtied Blocks": 0, "Shared Written Blocks": 0, "Local Hit Blocks": 0, "Local Read Blocks": 0, "Local Dirtied Blocks": 0, "Local Written Blocks": 0, "Temp Read Blocks": 0, "Temp Written Blocks": 0}, {"Worker Number": 1, "Actual Startup Time": 0.015, "Actual Total Time": 97.462, "Actual Rows": 144784, "Actual Loops": 1, "Shared Hit Blocks": 3458, "Shared Read Blocks": 0, "Shared Dirtied Blocks": 0, "Shared Written Blocks": 0, "Local Hit Blocks": 0, "Local Read Blocks": 0, "Local Dirtied Blocks": 0, "Local Written Blocks": 0, "Temp Read Blocks": 0, "Temp Written Blocks": 0}, {"Worker Number": 2, "Actual Startup Time": 0.032, "Actual Total Time": 113.833, "Actual Rows": 146130, "Actual Loops": 1, "Shared Hit Blocks": 3491, "Shared Read Blocks": 0, "Shared Dirtied Blocks": 0, "Shared Written Blocks": 0, "Local Hit Blocks": 0, "Local Read Blocks": 0, "Local Dirtied Blocks": 0, "Local Written Blocks": 0, "Temp Read Blocks": 0, "Temp Written Blocks": 0}, {"Worker Number": 3, "Actual Startup Time": 0.019, "Actual Total Time": 97.554, "Actual Rows": 144610, "Actual Loops": 1, "Shared Hit Blocks": 3454, "Shared Read Blocks": 0, "Shared Dirtied Blocks": 0, "Shared Written Blocks": 0, "Local Hit Blocks": 0, "Local Read Blocks": 0, "Local Dirtied Blocks": 0, "Local Written Blocks": 0, "Temp Read Blocks": 0, "Temp Written Blocks": 0}]}]}]}, {"Node Type": "Hash", "Parent Relationship": "Inner", "Parallel Aware": false, "Startup Cost": 1019455.08, "Total Cost": 1019455.08, "Plan Rows": 128421, "Plan Width": 4, "Actual Startup Time": 53876.593, "Actual Total Time": 53876.595, "Actual Rows": 48, "Actual Loops": 5, "Output": ["lineitem_1.l_orderkey"], "Hash Buckets": 131072, "Original Hash Buckets": 131072, "Hash Batches": 1, "Original Hash Batches": 1, "Peak Memory Usage": 1026, "Shared Hit Blocks": 2811975, "Shared Read Blocks": 0, "Shared Dirtied Blocks": 0, "Shared Written Blocks": 0, "Local Hit Blocks": 0, "Local Read Blocks": 0, "Local Dirtied Blocks": 0, "Local Written Blocks": 0, "Temp Read Blocks": 536445, "Temp Written Blocks": 937290, "Workers": [{"Worker Number": 0, "Actual Startup Time": 53863.833, "Actual Total Time": 53863.835, "Actual Rows": 48, "Actual Loops": 1, "Shared Hit Blocks": 562395, "Shared Read Blocks": 0, "Shared Dirtied Blocks": 0, "Shared Written Blocks": 0, "Local Hit Blocks": 0, "Local Read Blocks": 0, "Local Dirtied Blocks": 0, "Local Written Blocks": 0, "Temp Read Blocks": 107289, "Temp Written Blocks": 187458}, {"Worker Number": 1, "Actual Startup Time": 53759.687, "Actual Total Time": 53759.688, "Actual Rows": 48, "Actual Loops": 1, "Shared Hit Blocks": 562395, "Shared Read Blocks": 0, "Shared Dirtied Blocks": 0, "Shared Written Blocks": 0, "Local Hit Blocks": 0, "Local Read Blocks": 0, "Local Dirtied Blocks": 0, "Local Written Blocks": 0, "Temp Read Blocks": 107289, "Temp Written Blocks": 187458}, {"Worker Number": 2, "Actual Startup Time": 54261.748, "Actual Total Time": 54261.749, "Actual Rows": 48, "Actual Loops": 1, "Shared Hit Blocks": 562395, "Shared Read Blocks": 0, "Shared Dirtied Blocks": 0, "Shared Written Blocks": 0, "Local Hit Blocks": 0, "Local Read Blocks": 0, "Local Dirtied Blocks": 0, "Local Written Blocks": 0, "Temp Read Blocks": 107289, "Temp Written Blocks": 187458}, {"Worker Number": 3, "Actual Startup Time": 53647.465, "Actual Total Time": 53647.466, "Actual Rows": 48, "Actual Loops": 1, "Shared Hit Blocks": 562395, "Shared Read Blocks": 0, "Shared Dirtied Blocks": 0, "Shared Written Blocks": 0, "Local Hit Blocks": 0, "Local Read Blocks": 0, "Local Dirtied Blocks": 0, "Local Written Blocks": 0, "Temp Read Blocks": 107289, "Temp Written Blocks": 187458}], "Plans": [{"Node Type": "Aggregate", "Strategy": "Hashed", "Partial Mode": "Simple", "Parent Relationship": "Outer", "Parallel Aware": false, "Startup Cost": 1012391.94, "Total Cost": 1018170.87, "Plan Rows": 128421, "Plan Width": 4, "Actual Startup Time": 34397.31, "Actual Total Time": 53876.354, "Actual Rows": 48, "Actual Loops": 5, "Output": ["lineitem_1.l_orderkey"], "Group Key": ["lineitem_1.l_orderkey"], "Filter": "(sum(lineitem_1.l_quantity) > '313'::numeric)", "Planned Partitions": 0, "HashAgg Batches": 5, "Peak Memory Usage": 524337, "Disk Usage": 859352, "Rows Removed by Filter": 7499952, "Shared Hit Blocks": 2811975, "Shared Read Blocks": 0, "Shared Dirtied Blocks": 0, "Shared Written Blocks": 0, "Local Hit Blocks": 0, "Local Read Blocks": 0, "Local Dirtied Blocks": 0, "Local Written Blocks": 0, "Temp Read Blocks": 536445, "Temp Written Blocks": 937290, "Workers": [{"Worker Number": 0, "Actual Startup Time": 34353.3, "Actual Total Time": 53863.6, "Actual Rows": 48, "Actual Loops": 1, "HashAgg Batches": 5, "Peak Memory Usage": 524337, "Disk Usage": 859352, "Shared Hit Blocks": 562395, "Shared Read Blocks": 0, "Shared Dirtied Blocks": 0, "Shared Written Blocks": 0, "Local Hit Blocks": 0, "Local Read Blocks": 0, "Local Dirtied Blocks": 0, "Local Written Blocks": 0, "Temp Read Blocks": 107289, "Temp Written Blocks": 187458}, {"Worker Number": 1, "Actual Startup Time": 34360.823, "Actual Total Time": 53759.448, "Actual Rows": 48, "Actual Loops": 1, "HashAgg Batches": 5, "Peak Memory Usage": 524337, "Disk Usage": 859352, "Shared Hit Blocks": 562395, "Shared Read Blocks": 0, "Shared Dirtied Blocks": 0, "Shared Written Blocks": 0, "Local Hit Blocks": 0, "Local Read Blocks": 0, "Local Dirtied Blocks": 0, "Local Written Blocks": 0, "Temp Read Blocks": 107289, "Temp Written Blocks": 187458}, {"Worker Number": 2, "Actual Startup Time": 34703.407, "Actual Total Time": 54261.505, "Actual Rows": 48, "Actual Loops": 1, "HashAgg Batches": 5, "Peak Memory Usage": 524337, "Disk Usage": 859352, "Shared Hit Blocks": 562395, "Shared Read Blocks": 0, "Shared Dirtied Blocks": 0, "Shared Written Blocks": 0, "Local Hit Blocks": 0, "Local Read Blocks": 0, "Local Dirtied Blocks": 0, "Local Written Blocks": 0, "Temp Read Blocks": 107289, "Temp Written Blocks": 187458}, {"Worker Number": 3, "Actual Startup Time": 34214.984, "Actual Total Time": 53647.214, "Actual Rows": 48, "Actual Loops": 1, "HashAgg Batches": 5, "Peak Memory Usage": 524337, "Disk Usage": 859352, "Shared Hit Blocks": 562395, "Shared Read Blocks": 0, "Shared Dirtied Blocks": 0, "Shared Written Blocks": 0, "Local Hit Blocks": 0, "Local Read Blocks": 0, "Local Dirtied Blocks": 0, "Local Written Blocks": 0, "Temp Read Blocks": 107289, "Temp Written Blocks": 187458}], "Plans": [{"Node Type": "Seq Scan", "Parent Relationship": "Outer", "Parallel Aware": false, "Relation Name": "lineitem", "Schema": "public", "Alias": "lineitem_1", "Startup Cost": 0.0, "Total Cost": 862392.96, "Plan Rows": 29999796, "Plan Width": 9, "Actual Startup Time": 0.284, "Actual Total Time": 9987.453, "Actual Rows": 29999795, "Actual Loops": 5, "Output": ["lineitem_1.l_orderkey", "lineitem_1.l_partkey", "lineitem_1.l_suppkey", "lineitem_1.l_linenumber", "lineitem_1.l_quantity", "lineitem_1.l_extendedprice", "lineitem_1.l_discount", "lineitem_1.l_tax", "lineitem_1.l_returnflag", "lineitem_1.l_linestatus", "lineitem_1.l_shipdate", "lineitem_1.l_commitdate", "lineitem_1.l_receiptdate", "lineitem_1.l_shipinstruct", "lineitem_1.l_shipmode", "lineitem_1.l_comment"], "Shared Hit Blocks": 2811975, "Shared Read Blocks": 0, "Shared Dirtied Blocks": 0, "Shared Written Blocks": 0, "Local Hit Blocks": 0, "Local Read Blocks": 0, "Local Dirtied Blocks": 0, "Local Written Blocks": 0, "Temp Read Blocks": 0, "Temp Written Blocks": 0, "Workers": [{"Worker Number": 0, "Actual Startup Time": 0.382, "Actual Total Time": 9743.229, "Actual Rows": 29999795, "Actual Loops": 1, "Shared Hit Blocks": 562395, "Shared Read Blocks": 0, "Shared Dirtied Blocks": 0, "Shared Written Blocks": 0, "Local Hit Blocks": 0, "Local Read Blocks": 0, "Local Dirtied Blocks": 0, "Local Written Blocks": 0, "Temp Read Blocks": 0, "Temp Written Blocks": 0}, {"Worker Number": 1, "Actual Startup Time": 0.317, "Actual Total Time": 9990.158, "Actual Rows": 29999795, "Actual Loops": 1, "Shared Hit Blocks": 562395, "Shared Read Blocks": 0, "Shared Dirtied Blocks": 0, "Shared Written Blocks": 0, "Local Hit Blocks": 0, "Local Read Blocks": 0, "Local Dirtied Blocks": 0, "Local Written Blocks": 0, "Temp Read Blocks": 0, "Temp Written Blocks": 0}, {"Worker Number": 2, "Actual Startup Time": 0.43, "Actual Total Time": 10163.302, "Actual Rows": 29999795, "Actual Loops": 1, "Shared Hit Blocks": 562395, "Shared Read Blocks": 0, "Shared Dirtied Blocks": 0, "Shared Written Blocks": 0, "Local Hit Blocks": 0, "Local Read Blocks": 0, "Local Dirtied Blocks": 0, "Local Written Blocks": 0, "Temp Read Blocks": 0, "Temp Written Blocks": 0}, {"Worker Number": 3, "Actual Startup Time": 0.257, "Actual Total Time": 10045.91, "Actual Rows": 29999795, "Actual Loops": 1, "Shared Hit Blocks": 562395, "Shared Read Blocks": 0, "Shared Dirtied Blocks": 0, "Shared Written Blocks": 0, "Local Hit Blocks": 0, "Local Read Blocks": 0, "Local Dirtied Blocks": 0, "Local Written Blocks": 0, "Temp Read Blocks": 0, "Temp Written Blocks": 0}]}]}]}]}]}]}, {"Node Type": "Index Scan", "Parent Relationship": "Inner", "Parallel Aware": false, "Scan Direction": "Forward", "Index Name": "lineitem_l_orderkey_idx", "Relation Name": "lineitem", "Schema": "public", "Alias": "lineitem", "Startup Cost": 0.44, "Total Cost": 2.13, "Plan Rows": 78, "Plan Width": 9, "Actual Startup Time": 0.015, "Actual Total Time": 0.017, "Actual Rows": 7, "Actual Loops": 48, "Output": ["lineitem.l_orderkey", "lineitem.l_partkey", "lineitem.l_suppkey", "lineitem.l_linenumber", "lineitem.l_quantity", "lineitem.l_extendedprice", "lineitem.l_discount", "lineitem.l_tax", "lineitem.l_returnflag", "lineitem.l_linestatus", "lineitem.l_shipdate", "lineitem.l_commitdate", "lineitem.l_receiptdate", "lineitem.l_shipinstruct", "lineitem.l_shipmode", "lineitem.l_comment"], "Index Cond": "(lineitem.l_orderkey = orders.o_orderkey)", "Rows Removed by Index Recheck": 0, "Shared Hit Blocks": 200, "Shared Read Blocks": 0, "Shared Dirtied Blocks": 0, "Shared Written Blocks": 0, "Local Hit Blocks": 0, "Local Read Blocks": 0, "Local Dirtied Blocks": 0, "Local Written Blocks": 0, "Temp Read Blocks": 0, "Temp Written Blocks": 0}]}]}]}